{"/Users/stanislavrassokhin/work/rfcx-api/middleware/authorization/authorization.js": {"path":"/Users/stanislavrassokhin/work/rfcx-api/middleware/authorization/authorization.js","statementMap":{"0":{"start":{"line":1,"column":16},"end":{"line":1,"column":50}},"1":{"start":{"line":2,"column":19},"end":{"line":2,"column":64}},"2":{"start":{"line":3,"column":15},"end":{"line":3,"column":34}},"3":{"start":{"line":4,"column":0},"end":{"line":4,"column":56}},"4":{"start":{"line":5,"column":0},"end":{"line":5,"column":59}},"5":{"start":{"line":6,"column":0},"end":{"line":6,"column":72}},"6":{"start":{"line":11,"column":2},"end":{"line":18,"column":3}},"7":{"start":{"line":12,"column":4},"end":{"line":17,"column":5}},"8":{"start":{"line":13,"column":6},"end":{"line":13,"column":39}},"9":{"start":{"line":14,"column":6},"end":{"line":14,"column":15}},"10":{"start":{"line":16,"column":6},"end":{"line":16,"column":12}},"11":{"start":{"line":29,"column":2},"end":{"line":29,"column":82}},"12":{"start":{"line":30,"column":2},"end":{"line":38,"column":3}},"13":{"start":{"line":31,"column":4},"end":{"line":31,"column":86}},"14":{"start":{"line":31,"column":71},"end":{"line":31,"column":84}},"15":{"start":{"line":32,"column":4},"end":{"line":32,"column":49}},"16":{"start":{"line":32,"column":21},"end":{"line":32,"column":47}},"17":{"start":{"line":33,"column":18},"end":{"line":33,"column":62}},"18":{"start":{"line":34,"column":18},"end":{"line":36,"column":6}},"19":{"start":{"line":35,"column":6},"end":{"line":35,"column":39}},"20":{"start":{"line":37,"column":4},"end":{"line":37,"column":49}},"21":{"start":{"line":48,"column":2},"end":{"line":48,"column":91}},"22":{"start":{"line":55,"column":2},"end":{"line":55,"column":73}},"23":{"start":{"line":64,"column":2},"end":{"line":68,"column":3}},"24":{"start":{"line":66,"column":4},"end":{"line":66,"column":83}},"25":{"start":{"line":66,"column":55},"end":{"line":66,"column":81}},"26":{"start":{"line":67,"column":4},"end":{"line":67,"column":17}},"27":{"start":{"line":71,"column":0},"end":{"line":77,"column":1}}},"fnMap":{"0":{"name":"requireTokenType","decl":{"start":{"line":9,"column":9},"end":{"line":9,"column":25}},"loc":{"start":{"line":9,"column":33},"end":{"line":19,"column":1}},"line":9},"1":{"name":"(anonymous_1)","decl":{"start":{"line":11,"column":9},"end":{"line":11,"column":10}},"loc":{"start":{"line":11,"column":35},"end":{"line":18,"column":3}},"line":11},"2":{"name":"hasRole","decl":{"start":{"line":28,"column":9},"end":{"line":28,"column":16}},"loc":{"start":{"line":28,"column":33},"end":{"line":39,"column":1}},"line":28},"3":{"name":"(anonymous_3)","decl":{"start":{"line":30,"column":9},"end":{"line":30,"column":10}},"loc":{"start":{"line":30,"column":35},"end":{"line":38,"column":3}},"line":30},"4":{"name":"(anonymous_4)","decl":{"start":{"line":34,"column":37},"end":{"line":34,"column":38}},"loc":{"start":{"line":34,"column":47},"end":{"line":36,"column":5}},"line":34},"5":{"name":"authenticatedWithRoles","decl":{"start":{"line":47,"column":9},"end":{"line":47,"column":31}},"loc":{"start":{"line":47,"column":43},"end":{"line":49,"column":1}},"line":47},"6":{"name":"authenticate","decl":{"start":{"line":54,"column":9},"end":{"line":54,"column":21}},"loc":{"start":{"line":54,"column":25},"end":{"line":56,"column":1}},"line":54},"7":{"name":"isRFCxUser","decl":{"start":{"line":63,"column":9},"end":{"line":63,"column":19}},"loc":{"start":{"line":63,"column":23},"end":{"line":69,"column":1}},"line":63},"8":{"name":"(anonymous_8)","decl":{"start":{"line":64,"column":9},"end":{"line":64,"column":10}},"loc":{"start":{"line":64,"column":35},"end":{"line":68,"column":3}},"line":64}},"branchMap":{"0":{"loc":{"start":{"line":12,"column":4},"end":{"line":17,"column":5}},"type":"if","locations":[{"start":{"line":12,"column":4},"end":{"line":17,"column":5}},{"start":{"line":12,"column":4},"end":{"line":17,"column":5}}],"line":12},"1":{"loc":{"start":{"line":29,"column":19},"end":{"line":29,"column":81}},"type":"cond-expr","locations":[{"start":{"line":29,"column":50},"end":{"line":29,"column":63}},{"start":{"line":29,"column":66},"end":{"line":29,"column":81}}],"line":29},"2":{"loc":{"start":{"line":31,"column":4},"end":{"line":31,"column":86}},"type":"if","locations":[{"start":{"line":31,"column":4},"end":{"line":31,"column":86}},{"start":{"line":31,"column":4},"end":{"line":31,"column":86}}],"line":31},"3":{"loc":{"start":{"line":31,"column":8},"end":{"line":31,"column":67}},"type":"binary-expr","locations":[{"start":{"line":31,"column":8},"end":{"line":31,"column":34}},{"start":{"line":31,"column":38},"end":{"line":31,"column":67}}],"line":31},"4":{"loc":{"start":{"line":32,"column":4},"end":{"line":32,"column":49}},"type":"if","locations":[{"start":{"line":32,"column":4},"end":{"line":32,"column":49}},{"start":{"line":32,"column":4},"end":{"line":32,"column":49}}],"line":32},"5":{"loc":{"start":{"line":37,"column":11},"end":{"line":37,"column":49}},"type":"cond-expr","locations":[{"start":{"line":37,"column":21},"end":{"line":37,"column":27}},{"start":{"line":37,"column":30},"end":{"line":37,"column":49}}],"line":37},"6":{"loc":{"start":{"line":66,"column":4},"end":{"line":66,"column":83}},"type":"if","locations":[{"start":{"line":66,"column":4},"end":{"line":66,"column":83}},{"start":{"line":66,"column":4},"end":{"line":66,"column":83}}],"line":66},"7":{"loc":{"start":{"line":66,"column":8},"end":{"line":66,"column":51}},"type":"binary-expr","locations":[{"start":{"line":66,"column":8},"end":{"line":66,"column":17}},{"start":{"line":66,"column":21},"end":{"line":66,"column":51}}],"line":66}},"s":{"0":1,"1":1,"2":1,"3":1,"4":1,"5":1,"6":0,"7":0,"8":0,"9":0,"10":0,"11":5,"12":5,"13":5,"14":0,"15":5,"16":0,"17":5,"18":5,"19":6,"20":5,"21":0,"22":0,"23":0,"24":0,"25":0,"26":0,"27":1},"f":{"0":0,"1":0,"2":5,"3":5,"4":6,"5":0,"6":0,"7":0,"8":0},"b":{"0":[0,0],"1":[5,0],"2":[0,5],"3":[5,5],"4":[0,5],"5":[3,2],"6":[0,0],"7":[0,0]},"_coverageSchema":"1a1c01bbd47fc00a2c39e90264f33305004495a9","hash":"cd0fd430f1c12548986b74bce332f9a643fc233d"}
,"/Users/stanislavrassokhin/work/rfcx-api/middleware/passport-jwt/index.js": {"path":"/Users/stanislavrassokhin/work/rfcx-api/middleware/passport-jwt/index.js","statementMap":{"0":{"start":{"line":1,"column":20},"end":{"line":1,"column":52}},"1":{"start":{"line":2,"column":19},"end":{"line":2,"column":53}},"2":{"start":{"line":3,"column":16},"end":{"line":3,"column":52}},"3":{"start":{"line":4,"column":20},"end":{"line":4,"column":72}},"4":{"start":{"line":5,"column":26},"end":{"line":5,"column":63}},"5":{"start":{"line":6,"column":13},"end":{"line":6,"column":45}},"6":{"start":{"line":7,"column":18},"end":{"line":7,"column":38}},"7":{"start":{"line":9,"column":21},"end":{"line":9,"column":61}},"8":{"start":{"line":11,"column":13},"end":{"line":16,"column":2}},"9":{"start":{"line":18,"column":17},"end":{"line":24,"column":1}},"10":{"start":{"line":26,"column":13},"end":{"line":26,"column":92}},"11":{"start":{"line":27,"column":19},"end":{"line":27,"column":105}},"12":{"start":{"line":30,"column":2},"end":{"line":36,"column":4}},"13":{"start":{"line":40,"column":25},"end":{"line":40,"column":56}},"14":{"start":{"line":41,"column":24},"end":{"line":41,"column":117}},"15":{"start":{"line":43,"column":2},"end":{"line":48,"column":3}},"16":{"start":{"line":44,"column":4},"end":{"line":44,"column":42}},"17":{"start":{"line":45,"column":4},"end":{"line":45,"column":38}},"18":{"start":{"line":46,"column":4},"end":{"line":46,"column":35}},"19":{"start":{"line":47,"column":4},"end":{"line":47,"column":37}},"20":{"start":{"line":51,"column":2},"end":{"line":53,"column":3}},"21":{"start":{"line":52,"column":4},"end":{"line":52,"column":50}},"22":{"start":{"line":55,"column":2},"end":{"line":80,"column":6}},"23":{"start":{"line":71,"column":6},"end":{"line":71,"column":66}},"24":{"start":{"line":72,"column":6},"end":{"line":74,"column":7}},"25":{"start":{"line":73,"column":8},"end":{"line":73,"column":62}},"26":{"start":{"line":75,"column":6},"end":{"line":75,"column":42}},"27":{"start":{"line":76,"column":6},"end":{"line":76,"column":17}},"28":{"start":{"line":79,"column":6},"end":{"line":79,"column":13}},"29":{"start":{"line":84,"column":2},"end":{"line":84,"column":31}},"30":{"start":{"line":85,"column":2},"end":{"line":85,"column":36}},"31":{"start":{"line":88,"column":20},"end":{"line":88,"column":54}},"32":{"start":{"line":89,"column":26},"end":{"line":89,"column":66}},"33":{"start":{"line":91,"column":0},"end":{"line":94,"column":1}}},"fnMap":{"0":{"name":"combineUserData","decl":{"start":{"line":29,"column":9},"end":{"line":29,"column":24}},"loc":{"start":{"line":29,"column":44},"end":{"line":37,"column":1}},"line":29},"1":{"name":"checkDBUser","decl":{"start":{"line":39,"column":9},"end":{"line":39,"column":20}},"loc":{"start":{"line":39,"column":45},"end":{"line":81,"column":1}},"line":39},"2":{"name":"(anonymous_2)","decl":{"start":{"line":70,"column":12},"end":{"line":70,"column":13}},"loc":{"start":{"line":70,"column":37},"end":{"line":77,"column":5}},"line":70},"3":{"name":"(anonymous_3)","decl":{"start":{"line":78,"column":11},"end":{"line":78,"column":12}},"loc":{"start":{"line":78,"column":16},"end":{"line":80,"column":5}},"line":78},"4":{"name":"jwtCallback","decl":{"start":{"line":83,"column":9},"end":{"line":83,"column":20}},"loc":{"start":{"line":83,"column":45},"end":{"line":86,"column":1}},"line":83}},"branchMap":{"0":{"loc":{"start":{"line":41,"column":24},"end":{"line":41,"column":117}},"type":"binary-expr","locations":[{"start":{"line":41,"column":24},"end":{"line":41,"column":39}},{"start":{"line":41,"column":44},"end":{"line":41,"column":116}}],"line":41},"1":{"loc":{"start":{"line":41,"column":44},"end":{"line":41,"column":116}},"type":"cond-expr","locations":[{"start":{"line":41,"column":73},"end":{"line":41,"column":104}},{"start":{"line":41,"column":107},"end":{"line":41,"column":116}}],"line":41},"2":{"loc":{"start":{"line":43,"column":2},"end":{"line":48,"column":3}},"type":"if","locations":[{"start":{"line":43,"column":2},"end":{"line":48,"column":3}},{"start":{"line":43,"column":2},"end":{"line":48,"column":3}}],"line":43},"3":{"loc":{"start":{"line":43,"column":6},"end":{"line":43,"column":41}},"type":"binary-expr","locations":[{"start":{"line":43,"column":6},"end":{"line":43,"column":23}},{"start":{"line":43,"column":27},"end":{"line":43,"column":41}}],"line":43},"4":{"loc":{"start":{"line":51,"column":2},"end":{"line":53,"column":3}},"type":"if","locations":[{"start":{"line":51,"column":2},"end":{"line":53,"column":3}},{"start":{"line":51,"column":2},"end":{"line":53,"column":3}}],"line":51},"5":{"loc":{"start":{"line":51,"column":6},"end":{"line":51,"column":40}},"type":"binary-expr","locations":[{"start":{"line":51,"column":6},"end":{"line":51,"column":23}},{"start":{"line":51,"column":27},"end":{"line":51,"column":40}}],"line":51},"6":{"loc":{"start":{"line":58,"column":14},"end":{"line":58,"column":100}},"type":"binary-expr","locations":[{"start":{"line":58,"column":14},"end":{"line":58,"column":29}},{"start":{"line":58,"column":34},"end":{"line":58,"column":99}}],"line":58},"7":{"loc":{"start":{"line":58,"column":34},"end":{"line":58,"column":99}},"type":"cond-expr","locations":[{"start":{"line":58,"column":63},"end":{"line":58,"column":94}},{"start":{"line":58,"column":97},"end":{"line":58,"column":99}}],"line":58},"8":{"loc":{"start":{"line":63,"column":12},"end":{"line":63,"column":98}},"type":"binary-expr","locations":[{"start":{"line":63,"column":12},"end":{"line":63,"column":27}},{"start":{"line":63,"column":32},"end":{"line":63,"column":97}}],"line":63},"9":{"loc":{"start":{"line":63,"column":32},"end":{"line":63,"column":97}},"type":"cond-expr","locations":[{"start":{"line":63,"column":61},"end":{"line":63,"column":92}},{"start":{"line":63,"column":95},"end":{"line":63,"column":97}}],"line":63},"10":{"loc":{"start":{"line":65,"column":17},"end":{"line":65,"column":111}},"type":"binary-expr","locations":[{"start":{"line":65,"column":17},"end":{"line":65,"column":38}},{"start":{"line":65,"column":43},"end":{"line":65,"column":110}}],"line":65},"11":{"loc":{"start":{"line":65,"column":43},"end":{"line":65,"column":110}},"type":"cond-expr","locations":[{"start":{"line":65,"column":70},"end":{"line":65,"column":105}},{"start":{"line":65,"column":108},"end":{"line":65,"column":110}}],"line":65},"12":{"loc":{"start":{"line":66,"column":16},"end":{"line":66,"column":112}},"type":"binary-expr","locations":[{"start":{"line":66,"column":16},"end":{"line":66,"column":38}},{"start":{"line":66,"column":43},"end":{"line":66,"column":111}}],"line":66},"13":{"loc":{"start":{"line":66,"column":43},"end":{"line":66,"column":111}},"type":"cond-expr","locations":[{"start":{"line":66,"column":70},"end":{"line":66,"column":106}},{"start":{"line":66,"column":109},"end":{"line":66,"column":111}}],"line":66},"14":{"loc":{"start":{"line":72,"column":6},"end":{"line":74,"column":7}},"type":"if","locations":[{"start":{"line":72,"column":6},"end":{"line":74,"column":7}},{"start":{"line":72,"column":6},"end":{"line":74,"column":7}}],"line":72}},"s":{"0":1,"1":1,"2":1,"3":1,"4":1,"5":1,"6":1,"7":1,"8":1,"9":1,"10":1,"11":1,"12":0,"13":0,"14":0,"15":0,"16":0,"17":0,"18":0,"19":0,"20":0,"21":0,"22":0,"23":0,"24":0,"25":0,"26":0,"27":0,"28":0,"29":0,"30":0,"31":1,"32":1,"33":1},"f":{"0":0,"1":0,"2":0,"3":0,"4":0},"b":{"0":[0,0],"1":[0,0],"2":[0,0],"3":[0,0],"4":[0,0],"5":[0,0],"6":[0,0],"7":[0,0],"8":[0,0],"9":[0,0],"10":[0,0],"11":[0,0],"12":[0,0],"13":[0,0],"14":[0,0]},"_coverageSchema":"1a1c01bbd47fc00a2c39e90264f33305004495a9","hash":"e0368fa9788c644fcbcaf3da6dfeebc79e6cc953"}
,"/Users/stanislavrassokhin/work/rfcx-api/middleware/passport-token/auth-as-guardian.js": {"path":"/Users/stanislavrassokhin/work/rfcx-api/middleware/passport-token/auth-as-guardian.js","statementMap":{"0":{"start":{"line":1,"column":22},"end":{"line":1,"column":59}},"1":{"start":{"line":2,"column":13},"end":{"line":2,"column":36}},"2":{"start":{"line":3,"column":11},"end":{"line":3,"column":51}},"3":{"start":{"line":4,"column":12},"end":{"line":4,"column":48}},"4":{"start":{"line":6,"column":0},"end":{"line":42,"column":1}},"5":{"start":{"line":7,"column":26},"end":{"line":12,"column":3}},"6":{"start":{"line":14,"column":2},"end":{"line":41,"column":6}},"7":{"start":{"line":18,"column":29},"end":{"line":18,"column":114}},"8":{"start":{"line":19,"column":6},"end":{"line":37,"column":7}},"9":{"start":{"line":20,"column":8},"end":{"line":20,"column":92}},"10":{"start":{"line":21,"column":13},"end":{"line":37,"column":7}},"11":{"start":{"line":24,"column":8},"end":{"line":30,"column":9}},"12":{"start":{"line":32,"column":8},"end":{"line":32,"column":105}},"13":{"start":{"line":32,"column":30},"end":{"line":32,"column":103}},"14":{"start":{"line":33,"column":8},"end":{"line":33,"column":51}},"15":{"start":{"line":35,"column":8},"end":{"line":35,"column":61}},"16":{"start":{"line":36,"column":8},"end":{"line":36,"column":83}},"17":{"start":{"line":39,"column":6},"end":{"line":39,"column":53}},"18":{"start":{"line":40,"column":6},"end":{"line":40,"column":22}}},"fnMap":{"0":{"name":"(anonymous_0)","decl":{"start":{"line":6,"column":25},"end":{"line":6,"column":26}},"loc":{"start":{"line":6,"column":63},"end":{"line":42,"column":1}},"line":6},"1":{"name":"(anonymous_1)","decl":{"start":{"line":17,"column":12},"end":{"line":17,"column":13}},"loc":{"start":{"line":17,"column":34},"end":{"line":38,"column":5}},"line":17},"2":{"name":"(anonymous_2)","decl":{"start":{"line":38,"column":13},"end":{"line":38,"column":14}},"loc":{"start":{"line":38,"column":28},"end":{"line":41,"column":5}},"line":38}},"branchMap":{"0":{"loc":{"start":{"line":19,"column":6},"end":{"line":37,"column":7}},"type":"if","locations":[{"start":{"line":19,"column":6},"end":{"line":37,"column":7}},{"start":{"line":19,"column":6},"end":{"line":37,"column":7}}],"line":19},"1":{"loc":{"start":{"line":21,"column":13},"end":{"line":37,"column":7}},"type":"if","locations":[{"start":{"line":21,"column":13},"end":{"line":37,"column":7}},{"start":{"line":21,"column":13},"end":{"line":37,"column":7}}],"line":21},"2":{"loc":{"start":{"line":21,"column":17},"end":{"line":22,"column":85}},"type":"binary-expr","locations":[{"start":{"line":21,"column":18},"end":{"line":21,"column":106}},{"start":{"line":22,"column":17},"end":{"line":22,"column":84}}],"line":21},"3":{"loc":{"start":{"line":32,"column":8},"end":{"line":32,"column":105}},"type":"if","locations":[{"start":{"line":32,"column":8},"end":{"line":32,"column":105}},{"start":{"line":32,"column":8},"end":{"line":32,"column":105}}],"line":32}},"s":{"0":1,"1":1,"2":1,"3":1,"4":1,"5":0,"6":0,"7":0,"8":0,"9":0,"10":0,"11":0,"12":0,"13":0,"14":0,"15":0,"16":0,"17":0,"18":0},"f":{"0":0,"1":0,"2":0},"b":{"0":[0,0],"1":[0,0],"2":[0,0],"3":[0,0]},"_coverageSchema":"1a1c01bbd47fc00a2c39e90264f33305004495a9","hash":"e56bc0e7ad0bbece3e0742ee890d95054fd1d54b"}
,"/Users/stanislavrassokhin/work/rfcx-api/middleware/passport-token/auth-as-user.js": {"path":"/Users/stanislavrassokhin/work/rfcx-api/middleware/passport-token/auth-as-user.js","statementMap":{"0":{"start":{"line":1,"column":22},"end":{"line":1,"column":59}},"1":{"start":{"line":2,"column":13},"end":{"line":2,"column":36}},"2":{"start":{"line":3,"column":11},"end":{"line":3,"column":51}},"3":{"start":{"line":4,"column":12},"end":{"line":4,"column":48}},"4":{"start":{"line":6,"column":0},"end":{"line":59,"column":1}},"5":{"start":{"line":10,"column":2},"end":{"line":58,"column":6}},"6":{"start":{"line":15,"column":6},"end":{"line":50,"column":7}},"7":{"start":{"line":16,"column":8},"end":{"line":16,"column":72}},"8":{"start":{"line":17,"column":8},"end":{"line":17,"column":19}},"9":{"start":{"line":19,"column":8},"end":{"line":49,"column":9}},"10":{"start":{"line":20,"column":10},"end":{"line":48,"column":11}},"11":{"start":{"line":21,"column":12},"end":{"line":47,"column":13}},"12":{"start":{"line":22,"column":14},"end":{"line":29,"column":18}},"13":{"start":{"line":25,"column":18},"end":{"line":25,"column":59}},"14":{"start":{"line":28,"column":18},"end":{"line":28,"column":77}},"15":{"start":{"line":30,"column":19},"end":{"line":47,"column":13}},"16":{"start":{"line":33,"column":14},"end":{"line":40,"column":15}},"17":{"start":{"line":42,"column":14},"end":{"line":44,"column":15}},"18":{"start":{"line":43,"column":16},"end":{"line":43,"column":85}},"19":{"start":{"line":45,"column":14},"end":{"line":45,"column":50}},"20":{"start":{"line":46,"column":14},"end":{"line":46,"column":25}},"21":{"start":{"line":51,"column":6},"end":{"line":51,"column":59}},"22":{"start":{"line":52,"column":6},"end":{"line":52,"column":70}},"23":{"start":{"line":53,"column":6},"end":{"line":53,"column":17}},"24":{"start":{"line":55,"column":6},"end":{"line":55,"column":65}},"25":{"start":{"line":56,"column":6},"end":{"line":56,"column":15}},"26":{"start":{"line":57,"column":6},"end":{"line":57,"column":17}}},"fnMap":{"0":{"name":"(anonymous_0)","decl":{"start":{"line":6,"column":25},"end":{"line":6,"column":26}},"loc":{"start":{"line":6,"column":63},"end":{"line":59,"column":1}},"line":6},"1":{"name":"(anonymous_1)","decl":{"start":{"line":14,"column":12},"end":{"line":14,"column":13}},"loc":{"start":{"line":14,"column":30},"end":{"line":54,"column":5}},"line":14},"2":{"name":"(anonymous_2)","decl":{"start":{"line":24,"column":22},"end":{"line":24,"column":23}},"loc":{"start":{"line":24,"column":34},"end":{"line":26,"column":17}},"line":24},"3":{"name":"(anonymous_3)","decl":{"start":{"line":27,"column":23},"end":{"line":27,"column":24}},"loc":{"start":{"line":27,"column":38},"end":{"line":29,"column":17}},"line":27},"4":{"name":"(anonymous_4)","decl":{"start":{"line":54,"column":13},"end":{"line":54,"column":14}},"loc":{"start":{"line":54,"column":28},"end":{"line":58,"column":5}},"line":54}},"branchMap":{"0":{"loc":{"start":{"line":15,"column":6},"end":{"line":50,"column":7}},"type":"if","locations":[{"start":{"line":15,"column":6},"end":{"line":50,"column":7}},{"start":{"line":15,"column":6},"end":{"line":50,"column":7}}],"line":15},"1":{"loc":{"start":{"line":20,"column":10},"end":{"line":48,"column":11}},"type":"if","locations":[{"start":{"line":20,"column":10},"end":{"line":48,"column":11}},{"start":{"line":20,"column":10},"end":{"line":48,"column":11}}],"line":20},"2":{"loc":{"start":{"line":21,"column":12},"end":{"line":47,"column":13}},"type":"if","locations":[{"start":{"line":21,"column":12},"end":{"line":47,"column":13}},{"start":{"line":21,"column":12},"end":{"line":47,"column":13}}],"line":21},"3":{"loc":{"start":{"line":30,"column":19},"end":{"line":47,"column":13}},"type":"if","locations":[{"start":{"line":30,"column":19},"end":{"line":47,"column":13}},{"start":{"line":30,"column":19},"end":{"line":47,"column":13}}],"line":30},"4":{"loc":{"start":{"line":30,"column":23},"end":{"line":32,"column":116}},"type":"binary-expr","locations":[{"start":{"line":30,"column":24},"end":{"line":30,"column":122}},{"start":{"line":31,"column":23},"end":{"line":31,"column":67}},{"start":{"line":32,"column":22},"end":{"line":32,"column":114}}],"line":30},"5":{"loc":{"start":{"line":42,"column":14},"end":{"line":44,"column":15}},"type":"if","locations":[{"start":{"line":42,"column":14},"end":{"line":44,"column":15}},{"start":{"line":42,"column":14},"end":{"line":44,"column":15}}],"line":42}},"s":{"0":1,"1":1,"2":1,"3":1,"4":1,"5":0,"6":0,"7":0,"8":0,"9":0,"10":0,"11":0,"12":0,"13":0,"14":0,"15":0,"16":0,"17":0,"18":0,"19":0,"20":0,"21":0,"22":0,"23":0,"24":0,"25":0,"26":0},"f":{"0":0,"1":0,"2":0,"3":0,"4":0},"b":{"0":[0,0],"1":[0,0],"2":[0,0],"3":[0,0],"4":[0,0,0],"5":[0,0]},"_coverageSchema":"1a1c01bbd47fc00a2c39e90264f33305004495a9","hash":"f2efa479f7d3a33e951d1d2ce2b22db849a19df4"}
,"/Users/stanislavrassokhin/work/rfcx-api/middleware/passport-token/auth-with-anonymous-token.js": {"path":"/Users/stanislavrassokhin/work/rfcx-api/middleware/passport-token/auth-with-anonymous-token.js","statementMap":{"0":{"start":{"line":1,"column":22},"end":{"line":1,"column":59}},"1":{"start":{"line":2,"column":13},"end":{"line":2,"column":36}},"2":{"start":{"line":3,"column":11},"end":{"line":3,"column":51}},"3":{"start":{"line":4,"column":12},"end":{"line":4,"column":48}},"4":{"start":{"line":6,"column":0},"end":{"line":46,"column":1}},"5":{"start":{"line":7,"column":2},"end":{"line":45,"column":6}},"6":{"start":{"line":13,"column":6},"end":{"line":41,"column":7}},"7":{"start":{"line":14,"column":8},"end":{"line":14,"column":79}},"8":{"start":{"line":15,"column":13},"end":{"line":41,"column":7}},"9":{"start":{"line":16,"column":8},"end":{"line":21,"column":10}},"10":{"start":{"line":17,"column":10},"end":{"line":17,"column":67}},"11":{"start":{"line":19,"column":10},"end":{"line":19,"column":92}},"12":{"start":{"line":20,"column":10},"end":{"line":20,"column":67}},"13":{"start":{"line":22,"column":13},"end":{"line":41,"column":7}},"14":{"start":{"line":27,"column":8},"end":{"line":33,"column":9}},"15":{"start":{"line":35,"column":8},"end":{"line":35,"column":115}},"16":{"start":{"line":35,"column":30},"end":{"line":35,"column":113}},"17":{"start":{"line":37,"column":8},"end":{"line":37,"column":51}},"18":{"start":{"line":39,"column":8},"end":{"line":39,"column":61}},"19":{"start":{"line":40,"column":8},"end":{"line":40,"column":79}},"20":{"start":{"line":43,"column":6},"end":{"line":43,"column":60}},"21":{"start":{"line":44,"column":6},"end":{"line":44,"column":22}}},"fnMap":{"0":{"name":"(anonymous_0)","decl":{"start":{"line":6,"column":25},"end":{"line":6,"column":26}},"loc":{"start":{"line":6,"column":63},"end":{"line":46,"column":1}},"line":6},"1":{"name":"(anonymous_1)","decl":{"start":{"line":12,"column":12},"end":{"line":12,"column":13}},"loc":{"start":{"line":12,"column":31},"end":{"line":42,"column":5}},"line":12},"2":{"name":"(anonymous_2)","decl":{"start":{"line":16,"column":31},"end":{"line":16,"column":32}},"loc":{"start":{"line":16,"column":43},"end":{"line":18,"column":9}},"line":16},"3":{"name":"(anonymous_3)","decl":{"start":{"line":18,"column":17},"end":{"line":18,"column":18}},"loc":{"start":{"line":18,"column":32},"end":{"line":21,"column":9}},"line":18},"4":{"name":"(anonymous_4)","decl":{"start":{"line":42,"column":13},"end":{"line":42,"column":14}},"loc":{"start":{"line":42,"column":28},"end":{"line":45,"column":5}},"line":42}},"branchMap":{"0":{"loc":{"start":{"line":13,"column":6},"end":{"line":41,"column":7}},"type":"if","locations":[{"start":{"line":13,"column":6},"end":{"line":41,"column":7}},{"start":{"line":13,"column":6},"end":{"line":41,"column":7}}],"line":13},"1":{"loc":{"start":{"line":15,"column":13},"end":{"line":41,"column":7}},"type":"if","locations":[{"start":{"line":15,"column":13},"end":{"line":41,"column":7}},{"start":{"line":15,"column":13},"end":{"line":41,"column":7}}],"line":15},"2":{"loc":{"start":{"line":22,"column":13},"end":{"line":41,"column":7}},"type":"if","locations":[{"start":{"line":22,"column":13},"end":{"line":41,"column":7}},{"start":{"line":22,"column":13},"end":{"line":41,"column":7}}],"line":22},"3":{"loc":{"start":{"line":22,"column":17},"end":{"line":25,"column":17}},"type":"binary-expr","locations":[{"start":{"line":22,"column":18},"end":{"line":22,"column":100}},{"start":{"line":23,"column":18},"end":{"line":23,"column":54}},{"start":{"line":24,"column":21},"end":{"line":24,"column":105}}],"line":22},"4":{"loc":{"start":{"line":35,"column":8},"end":{"line":35,"column":115}},"type":"if","locations":[{"start":{"line":35,"column":8},"end":{"line":35,"column":115}},{"start":{"line":35,"column":8},"end":{"line":35,"column":115}}],"line":35}},"s":{"0":1,"1":1,"2":1,"3":1,"4":1,"5":0,"6":0,"7":0,"8":0,"9":0,"10":0,"11":0,"12":0,"13":0,"14":0,"15":0,"16":0,"17":0,"18":0,"19":0,"20":0,"21":0},"f":{"0":0,"1":0,"2":0,"3":0,"4":0},"b":{"0":[0,0],"1":[0,0],"2":[0,0],"3":[0,0,0],"4":[0,0]},"_coverageSchema":"1a1c01bbd47fc00a2c39e90264f33305004495a9","hash":"1445060cf5de2282290ed73b257598ca6036774e"}
,"/Users/stanislavrassokhin/work/rfcx-api/middleware/passport-token/auth-with-registration-token.js": {"path":"/Users/stanislavrassokhin/work/rfcx-api/middleware/passport-token/auth-with-registration-token.js","statementMap":{"0":{"start":{"line":1,"column":13},"end":{"line":1,"column":36}},"1":{"start":{"line":2,"column":11},"end":{"line":2,"column":51}},"2":{"start":{"line":3,"column":12},"end":{"line":3,"column":48}},"3":{"start":{"line":5,"column":0},"end":{"line":54,"column":1}},"4":{"start":{"line":8,"column":19},"end":{"line":8,"column":78}},"5":{"start":{"line":9,"column":20},"end":{"line":9,"column":76}},"6":{"start":{"line":11,"column":2},"end":{"line":53,"column":6}},"7":{"start":{"line":17,"column":6},"end":{"line":49,"column":7}},"8":{"start":{"line":18,"column":8},"end":{"line":18,"column":79}},"9":{"start":{"line":19,"column":13},"end":{"line":49,"column":7}},"10":{"start":{"line":20,"column":8},"end":{"line":25,"column":10}},"11":{"start":{"line":21,"column":10},"end":{"line":21,"column":72}},"12":{"start":{"line":23,"column":10},"end":{"line":23,"column":100}},"13":{"start":{"line":24,"column":10},"end":{"line":24,"column":72}},"14":{"start":{"line":26,"column":13},"end":{"line":49,"column":7}},"15":{"start":{"line":27,"column":8},"end":{"line":27,"column":132}},"16":{"start":{"line":28,"column":13},"end":{"line":49,"column":7}},"17":{"start":{"line":33,"column":8},"end":{"line":39,"column":9}},"18":{"start":{"line":41,"column":8},"end":{"line":41,"column":99}},"19":{"start":{"line":43,"column":8},"end":{"line":43,"column":57}},"20":{"start":{"line":45,"column":8},"end":{"line":45,"column":51}},"21":{"start":{"line":47,"column":8},"end":{"line":47,"column":61}},"22":{"start":{"line":48,"column":8},"end":{"line":48,"column":79}},"23":{"start":{"line":51,"column":6},"end":{"line":51,"column":60}},"24":{"start":{"line":52,"column":6},"end":{"line":52,"column":22}}},"fnMap":{"0":{"name":"(anonymous_0)","decl":{"start":{"line":5,"column":25},"end":{"line":5,"column":26}},"loc":{"start":{"line":5,"column":63},"end":{"line":54,"column":1}},"line":5},"1":{"name":"(anonymous_1)","decl":{"start":{"line":16,"column":12},"end":{"line":16,"column":13}},"loc":{"start":{"line":16,"column":31},"end":{"line":50,"column":5}},"line":16},"2":{"name":"(anonymous_2)","decl":{"start":{"line":20,"column":31},"end":{"line":20,"column":32}},"loc":{"start":{"line":20,"column":43},"end":{"line":22,"column":9}},"line":20},"3":{"name":"(anonymous_3)","decl":{"start":{"line":22,"column":17},"end":{"line":22,"column":18}},"loc":{"start":{"line":22,"column":32},"end":{"line":25,"column":9}},"line":22},"4":{"name":"(anonymous_4)","decl":{"start":{"line":50,"column":13},"end":{"line":50,"column":14}},"loc":{"start":{"line":50,"column":28},"end":{"line":53,"column":5}},"line":50}},"branchMap":{"0":{"loc":{"start":{"line":17,"column":6},"end":{"line":49,"column":7}},"type":"if","locations":[{"start":{"line":17,"column":6},"end":{"line":49,"column":7}},{"start":{"line":17,"column":6},"end":{"line":49,"column":7}}],"line":17},"1":{"loc":{"start":{"line":19,"column":13},"end":{"line":49,"column":7}},"type":"if","locations":[{"start":{"line":19,"column":13},"end":{"line":49,"column":7}},{"start":{"line":19,"column":13},"end":{"line":49,"column":7}}],"line":19},"2":{"loc":{"start":{"line":26,"column":13},"end":{"line":49,"column":7}},"type":"if","locations":[{"start":{"line":26,"column":13},"end":{"line":49,"column":7}},{"start":{"line":26,"column":13},"end":{"line":49,"column":7}}],"line":26},"3":{"loc":{"start":{"line":28,"column":13},"end":{"line":49,"column":7}},"type":"if","locations":[{"start":{"line":28,"column":13},"end":{"line":49,"column":7}},{"start":{"line":28,"column":13},"end":{"line":49,"column":7}}],"line":28},"4":{"loc":{"start":{"line":28,"column":17},"end":{"line":31,"column":17}},"type":"binary-expr","locations":[{"start":{"line":28,"column":18},"end":{"line":28,"column":106}},{"start":{"line":29,"column":18},"end":{"line":29,"column":54}},{"start":{"line":30,"column":21},"end":{"line":30,"column":105}}],"line":28}},"s":{"0":1,"1":1,"2":1,"3":1,"4":0,"5":0,"6":0,"7":0,"8":0,"9":0,"10":0,"11":0,"12":0,"13":0,"14":0,"15":0,"16":0,"17":0,"18":0,"19":0,"20":0,"21":0,"22":0,"23":0,"24":0},"f":{"0":0,"1":0,"2":0,"3":0,"4":0},"b":{"0":[0,0],"1":[0,0],"2":[0,0],"3":[0,0],"4":[0,0,0]},"_coverageSchema":"1a1c01bbd47fc00a2c39e90264f33305004495a9","hash":"54fdeae5561bdae15b01d4f877a1b15a0114d184"}
,"/Users/stanislavrassokhin/work/rfcx-api/middleware/passport-token/index.js": {"path":"/Users/stanislavrassokhin/work/rfcx-api/middleware/passport-token/index.js","statementMap":{"0":{"start":{"line":1,"column":20},"end":{"line":1,"column":60}},"1":{"start":{"line":3,"column":21},"end":{"line":8,"column":1}},"2":{"start":{"line":10,"column":0},"end":{"line":48,"column":6}},"3":{"start":{"line":21,"column":21},"end":{"line":21,"column":47}},"4":{"start":{"line":22,"column":6},"end":{"line":31,"column":7}},"5":{"start":{"line":23,"column":8},"end":{"line":30,"column":9}},"6":{"start":{"line":24,"column":10},"end":{"line":24,"column":75}},"7":{"start":{"line":25,"column":10},"end":{"line":25,"column":75}},"8":{"start":{"line":26,"column":10},"end":{"line":26,"column":15}},"9":{"start":{"line":27,"column":15},"end":{"line":30,"column":9}},"10":{"start":{"line":28,"column":10},"end":{"line":28,"column":47}},"11":{"start":{"line":29,"column":10},"end":{"line":29,"column":15}},"12":{"start":{"line":33,"column":6},"end":{"line":47,"column":7}},"13":{"start":{"line":35,"column":10},"end":{"line":35,"column":74}},"14":{"start":{"line":37,"column":10},"end":{"line":37,"column":64}},"15":{"start":{"line":40,"column":10},"end":{"line":40,"column":68}},"16":{"start":{"line":43,"column":10},"end":{"line":43,"column":77}},"17":{"start":{"line":46,"column":10},"end":{"line":46,"column":34}}},"fnMap":{"0":{"name":"(anonymous_0)","decl":{"start":{"line":18,"column":7},"end":{"line":18,"column":8}},"loc":{"start":{"line":18,"column":35},"end":{"line":48,"column":5}},"line":18}},"branchMap":{"0":{"loc":{"start":{"line":23,"column":8},"end":{"line":30,"column":9}},"type":"if","locations":[{"start":{"line":23,"column":8},"end":{"line":30,"column":9}},{"start":{"line":23,"column":8},"end":{"line":30,"column":9}}],"line":23},"1":{"loc":{"start":{"line":23,"column":12},"end":{"line":23,"column":87}},"type":"binary-expr","locations":[{"start":{"line":23,"column":13},"end":{"line":23,"column":42}},{"start":{"line":23,"column":48},"end":{"line":23,"column":86}}],"line":23},"2":{"loc":{"start":{"line":27,"column":15},"end":{"line":30,"column":9}},"type":"if","locations":[{"start":{"line":27,"column":15},"end":{"line":30,"column":9}},{"start":{"line":27,"column":15},"end":{"line":30,"column":9}}],"line":27},"3":{"loc":{"start":{"line":33,"column":6},"end":{"line":47,"column":7}},"type":"switch","locations":[{"start":{"line":34,"column":8},"end":{"line":35,"column":74}},{"start":{"line":36,"column":8},"end":{"line":37,"column":64}},{"start":{"line":39,"column":8},"end":{"line":40,"column":68}},{"start":{"line":42,"column":8},"end":{"line":43,"column":77}},{"start":{"line":45,"column":8},"end":{"line":46,"column":34}}],"line":33}},"s":{"0":1,"1":1,"2":1,"3":0,"4":0,"5":0,"6":0,"7":0,"8":0,"9":0,"10":0,"11":0,"12":0,"13":0,"14":0,"15":0,"16":0,"17":0},"f":{"0":0},"b":{"0":[0,0],"1":[0,0],"2":[0,0],"3":[0,0,0,0,0]},"_coverageSchema":"1a1c01bbd47fc00a2c39e90264f33305004495a9","hash":"390bcde6592fea3b4f0e4dbc8168069f7058fed3"}
,"/Users/stanislavrassokhin/work/rfcx-api/models/adopt-protect-donation.js": {"path":"/Users/stanislavrassokhin/work/rfcx-api/models/adopt-protect-donation.js","statementMap":{"0":{"start":{"line":3,"column":0},"end":{"line":79,"column":1}},"1":{"start":{"line":4,"column":29},"end":{"line":76,"column":4}},"2":{"start":{"line":78,"column":2},"end":{"line":78,"column":29}}},"fnMap":{"0":{"name":"(anonymous_0)","decl":{"start":{"line":3,"column":17},"end":{"line":3,"column":18}},"loc":{"start":{"line":3,"column":49},"end":{"line":79,"column":1}},"line":3}},"branchMap":{},"s":{"0":1,"1":1,"2":1},"f":{"0":1},"b":{},"_coverageSchema":"1a1c01bbd47fc00a2c39e90264f33305004495a9","hash":"f544823d125dacb071f2ceff45ed41076e9b0fac"}
,"/Users/stanislavrassokhin/work/rfcx-api/models/device.js": {"path":"/Users/stanislavrassokhin/work/rfcx-api/models/device.js","statementMap":{"0":{"start":{"line":3,"column":0},"end":{"line":20,"column":1}},"1":{"start":{"line":4,"column":15},"end":{"line":17,"column":4}},"2":{"start":{"line":19,"column":2},"end":{"line":19,"column":15}}},"fnMap":{"0":{"name":"(anonymous_0)","decl":{"start":{"line":3,"column":17},"end":{"line":3,"column":18}},"loc":{"start":{"line":3,"column":49},"end":{"line":20,"column":1}},"line":3}},"branchMap":{},"s":{"0":1,"1":1,"2":1},"f":{"0":1},"b":{},"_coverageSchema":"1a1c01bbd47fc00a2c39e90264f33305004495a9","hash":"d7f56d0ff57bd91dae61aa5ec401bb5705cf7915"}
,"/Users/stanislavrassokhin/work/rfcx-api/models/guardian-audio-upload.js": {"path":"/Users/stanislavrassokhin/work/rfcx-api/models/guardian-audio-upload.js","statementMap":{"0":{"start":{"line":3,"column":0},"end":{"line":32,"column":1}},"1":{"start":{"line":4,"column":28},"end":{"line":29,"column":4}},"2":{"start":{"line":31,"column":2},"end":{"line":31,"column":28}}},"fnMap":{"0":{"name":"(anonymous_0)","decl":{"start":{"line":3,"column":17},"end":{"line":3,"column":18}},"loc":{"start":{"line":3,"column":49},"end":{"line":32,"column":1}},"line":3}},"branchMap":{},"s":{"0":1,"1":1,"2":1},"f":{"0":1},"b":{},"_coverageSchema":"1a1c01bbd47fc00a2c39e90264f33305004495a9","hash":"553bf19395403428877af0ee3227be2076fd93c5"}
,"/Users/stanislavrassokhin/work/rfcx-api/models/guardian-checkin.js": {"path":"/Users/stanislavrassokhin/work/rfcx-api/models/guardian-checkin.js","statementMap":{"0":{"start":{"line":3,"column":0},"end":{"line":62,"column":1}},"1":{"start":{"line":4,"column":24},"end":{"line":59,"column":4}},"2":{"start":{"line":61,"column":2},"end":{"line":61,"column":24}}},"fnMap":{"0":{"name":"(anonymous_0)","decl":{"start":{"line":3,"column":17},"end":{"line":3,"column":18}},"loc":{"start":{"line":3,"column":49},"end":{"line":62,"column":1}},"line":3}},"branchMap":{},"s":{"0":1,"1":1,"2":1},"f":{"0":1},"b":{},"_coverageSchema":"1a1c01bbd47fc00a2c39e90264f33305004495a9","hash":"746c8f59e88d1dda00205e08f107c1058432acb9"}
,"/Users/stanislavrassokhin/work/rfcx-api/models/guardian-group-event-type-relation.js": {"path":"/Users/stanislavrassokhin/work/rfcx-api/models/guardian-group-event-type-relation.js","statementMap":{"0":{"start":{"line":3,"column":0},"end":{"line":9,"column":1}},"1":{"start":{"line":4,"column":52},"end":{"line":6,"column":4}},"2":{"start":{"line":8,"column":2},"end":{"line":8,"column":52}}},"fnMap":{"0":{"name":"(anonymous_0)","decl":{"start":{"line":3,"column":17},"end":{"line":3,"column":18}},"loc":{"start":{"line":3,"column":49},"end":{"line":9,"column":1}},"line":3}},"branchMap":{},"s":{"0":1,"1":1,"2":1},"f":{"0":1},"b":{},"_coverageSchema":"1a1c01bbd47fc00a2c39e90264f33305004495a9","hash":"3a9b245486937516812deb196174def50a8451ed"}
,"/Users/stanislavrassokhin/work/rfcx-api/models/guardian-group-event-value-relation.js": {"path":"/Users/stanislavrassokhin/work/rfcx-api/models/guardian-group-event-value-relation.js","statementMap":{"0":{"start":{"line":3,"column":0},"end":{"line":9,"column":1}},"1":{"start":{"line":4,"column":53},"end":{"line":6,"column":4}},"2":{"start":{"line":8,"column":2},"end":{"line":8,"column":53}}},"fnMap":{"0":{"name":"(anonymous_0)","decl":{"start":{"line":3,"column":17},"end":{"line":3,"column":18}},"loc":{"start":{"line":3,"column":49},"end":{"line":9,"column":1}},"line":3}},"branchMap":{},"s":{"0":1,"1":1,"2":1},"f":{"0":1},"b":{},"_coverageSchema":"1a1c01bbd47fc00a2c39e90264f33305004495a9","hash":"b24221c70da21b70b40be1417c31e15b0fb2d3e8"}
,"/Users/stanislavrassokhin/work/rfcx-api/models/guardian-group-relation.js": {"path":"/Users/stanislavrassokhin/work/rfcx-api/models/guardian-group-relation.js","statementMap":{"0":{"start":{"line":3,"column":0},"end":{"line":9,"column":1}},"1":{"start":{"line":4,"column":30},"end":{"line":6,"column":4}},"2":{"start":{"line":8,"column":2},"end":{"line":8,"column":30}}},"fnMap":{"0":{"name":"(anonymous_0)","decl":{"start":{"line":3,"column":17},"end":{"line":3,"column":18}},"loc":{"start":{"line":3,"column":49},"end":{"line":9,"column":1}},"line":3}},"branchMap":{},"s":{"0":1,"1":1,"2":1},"f":{"0":1},"b":{},"_coverageSchema":"1a1c01bbd47fc00a2c39e90264f33305004495a9","hash":"999988aba3b7d1c5959e40456fd955953bd16e15"}
,"/Users/stanislavrassokhin/work/rfcx-api/models/guardian-group.js": {"path":"/Users/stanislavrassokhin/work/rfcx-api/models/guardian-group.js","statementMap":{"0":{"start":{"line":3,"column":0},"end":{"line":43,"column":1}},"1":{"start":{"line":4,"column":22},"end":{"line":40,"column":4}},"2":{"start":{"line":42,"column":2},"end":{"line":42,"column":22}}},"fnMap":{"0":{"name":"(anonymous_0)","decl":{"start":{"line":3,"column":17},"end":{"line":3,"column":18}},"loc":{"start":{"line":3,"column":49},"end":{"line":43,"column":1}},"line":3}},"branchMap":{},"s":{"0":1,"1":1,"2":1},"f":{"0":1},"b":{},"_coverageSchema":"1a1c01bbd47fc00a2c39e90264f33305004495a9","hash":"500c96d5e9f0a425b90114ffc6be3539b2a3d042"}
,"/Users/stanislavrassokhin/work/rfcx-api/models/guardian-site.js": {"path":"/Users/stanislavrassokhin/work/rfcx-api/models/guardian-site.js","statementMap":{"0":{"start":{"line":3,"column":0},"end":{"line":112,"column":1}},"1":{"start":{"line":4,"column":21},"end":{"line":109,"column":4}},"2":{"start":{"line":111,"column":2},"end":{"line":111,"column":21}}},"fnMap":{"0":{"name":"(anonymous_0)","decl":{"start":{"line":3,"column":17},"end":{"line":3,"column":18}},"loc":{"start":{"line":3,"column":49},"end":{"line":112,"column":1}},"line":3}},"branchMap":{},"s":{"0":1,"1":1,"2":1},"f":{"0":1},"b":{},"_coverageSchema":"1a1c01bbd47fc00a2c39e90264f33305004495a9","hash":"c5a59b8ded909e60c828297dcf7bb94c5fce670d"}
,"/Users/stanislavrassokhin/work/rfcx-api/models/guardian.js": {"path":"/Users/stanislavrassokhin/work/rfcx-api/models/guardian.js","statementMap":{"0":{"start":{"line":3,"column":0},"end":{"line":178,"column":1}},"1":{"start":{"line":4,"column":17},"end":{"line":175,"column":4}},"2":{"start":{"line":177,"column":2},"end":{"line":177,"column":17}}},"fnMap":{"0":{"name":"(anonymous_0)","decl":{"start":{"line":3,"column":17},"end":{"line":3,"column":18}},"loc":{"start":{"line":3,"column":49},"end":{"line":178,"column":1}},"line":3}},"branchMap":{},"s":{"0":1,"1":1,"2":1},"f":{"0":1},"b":{},"_coverageSchema":"1a1c01bbd47fc00a2c39e90264f33305004495a9","hash":"123d95f61ccdacab9c28948ff6b452118b0be7f8"}
,"/Users/stanislavrassokhin/work/rfcx-api/models/health-check.js": {"path":"/Users/stanislavrassokhin/work/rfcx-api/models/health-check.js","statementMap":{"0":{"start":{"line":3,"column":0},"end":{"line":10,"column":1}},"1":{"start":{"line":4,"column":20},"end":{"line":7,"column":4}},"2":{"start":{"line":9,"column":2},"end":{"line":9,"column":20}}},"fnMap":{"0":{"name":"(anonymous_0)","decl":{"start":{"line":3,"column":17},"end":{"line":3,"column":18}},"loc":{"start":{"line":3,"column":49},"end":{"line":10,"column":1}},"line":3}},"branchMap":{},"s":{"0":1,"1":1,"2":1},"f":{"0":1},"b":{},"_coverageSchema":"1a1c01bbd47fc00a2c39e90264f33305004495a9","hash":"e759f095d35ff42c562c74f851864a8a491b912a"}
,"/Users/stanislavrassokhin/work/rfcx-api/models/index.js": {"path":"/Users/stanislavrassokhin/work/rfcx-api/models/index.js","statementMap":{"0":{"start":{"line":3,"column":9},"end":{"line":3,"column":22}},"1":{"start":{"line":4,"column":11},"end":{"line":4,"column":26}},"2":{"start":{"line":5,"column":16},"end":{"line":5,"column":36}},"3":{"start":{"line":6,"column":26},"end":{"line":6,"column":52}},"4":{"start":{"line":7,"column":10},"end":{"line":7,"column":47}},"5":{"start":{"line":9,"column":16},"end":{"line":30,"column":1}},"6":{"start":{"line":24,"column":6},"end":{"line":24,"column":39}},"7":{"start":{"line":27,"column":6},"end":{"line":27,"column":43}},"8":{"start":{"line":31,"column":0},"end":{"line":35,"column":1}},"9":{"start":{"line":32,"column":2},"end":{"line":34,"column":3}},"10":{"start":{"line":33,"column":4},"end":{"line":33,"column":111}},"11":{"start":{"line":37,"column":16},"end":{"line":37,"column":109}},"12":{"start":{"line":38,"column":9},"end":{"line":38,"column":11}},"13":{"start":{"line":40,"column":0},"end":{"line":40,"column":24}},"14":{"start":{"line":43,"column":0},"end":{"line":45,"column":62}},"15":{"start":{"line":44,"column":2},"end":{"line":44,"column":150}},"16":{"start":{"line":45,"column":29},"end":{"line":45,"column":59}},"17":{"start":{"line":48,"column":0},"end":{"line":54,"column":2}},"18":{"start":{"line":49,"column":2},"end":{"line":49,"column":91}},"19":{"start":{"line":51,"column":2},"end":{"line":53,"column":91}},"20":{"start":{"line":52,"column":4},"end":{"line":52,"column":41}},"21":{"start":{"line":53,"column":36},"end":{"line":53,"column":88}},"22":{"start":{"line":56,"column":0},"end":{"line":60,"column":2}},"23":{"start":{"line":57,"column":2},"end":{"line":59,"column":3}},"24":{"start":{"line":58,"column":4},"end":{"line":58,"column":31}},"25":{"start":{"line":62,"column":0},"end":{"line":62,"column":37}},"26":{"start":{"line":64,"column":0},"end":{"line":64,"column":24}},"27":{"start":{"line":65,"column":0},"end":{"line":65,"column":24}},"28":{"start":{"line":66,"column":0},"end":{"line":66,"column":20}},"29":{"start":{"line":68,"column":0},"end":{"line":68,"column":19}},"30":{"start":{"line":71,"column":14},"end":{"line":71,"column":58}},"31":{"start":{"line":72,"column":2},"end":{"line":72,"column":24}}},"fnMap":{"0":{"name":"(anonymous_0)","decl":{"start":{"line":23,"column":18},"end":{"line":23,"column":19}},"loc":{"start":{"line":23,"column":24},"end":{"line":25,"column":5}},"line":23},"1":{"name":"(anonymous_1)","decl":{"start":{"line":26,"column":21},"end":{"line":26,"column":22}},"loc":{"start":{"line":26,"column":27},"end":{"line":28,"column":5}},"line":26},"2":{"name":"(anonymous_2)","decl":{"start":{"line":32,"column":20},"end":{"line":32,"column":21}},"loc":{"start":{"line":32,"column":35},"end":{"line":34,"column":3}},"line":32},"3":{"name":"(anonymous_3)","decl":{"start":{"line":43,"column":33},"end":{"line":43,"column":34}},"loc":{"start":{"line":43,"column":49},"end":{"line":45,"column":1}},"line":43},"4":{"name":"(anonymous_4)","decl":{"start":{"line":45,"column":11},"end":{"line":45,"column":12}},"loc":{"start":{"line":45,"column":27},"end":{"line":45,"column":61}},"line":45},"5":{"name":"(anonymous_5)","decl":{"start":{"line":48,"column":33},"end":{"line":48,"column":34}},"loc":{"start":{"line":48,"column":49},"end":{"line":50,"column":1}},"line":48},"6":{"name":"(anonymous_6)","decl":{"start":{"line":50,"column":11},"end":{"line":50,"column":12}},"loc":{"start":{"line":50,"column":27},"end":{"line":54,"column":1}},"line":50},"7":{"name":"(anonymous_7)","decl":{"start":{"line":51,"column":52},"end":{"line":51,"column":53}},"loc":{"start":{"line":51,"column":73},"end":{"line":53,"column":3}},"line":51},"8":{"name":"(anonymous_8)","decl":{"start":{"line":53,"column":13},"end":{"line":53,"column":14}},"loc":{"start":{"line":53,"column":34},"end":{"line":53,"column":90}},"line":53},"9":{"name":"(anonymous_9)","decl":{"start":{"line":56,"column":24},"end":{"line":56,"column":25}},"loc":{"start":{"line":56,"column":45},"end":{"line":60,"column":1}},"line":56},"10":{"name":"importSequelizeModelFile","decl":{"start":{"line":70,"column":9},"end":{"line":70,"column":33}},"loc":{"start":{"line":70,"column":41},"end":{"line":73,"column":1}},"line":70}},"branchMap":{"0":{"loc":{"start":{"line":7,"column":10},"end":{"line":7,"column":47}},"type":"binary-expr","locations":[{"start":{"line":7,"column":10},"end":{"line":7,"column":30}},{"start":{"line":7,"column":34},"end":{"line":7,"column":47}}],"line":7},"1":{"loc":{"start":{"line":31,"column":0},"end":{"line":35,"column":1}},"type":"if","locations":[{"start":{"line":31,"column":0},"end":{"line":35,"column":1}},{"start":{"line":31,"column":0},"end":{"line":35,"column":1}}],"line":31},"2":{"loc":{"start":{"line":44,"column":9},"end":{"line":44,"column":150}},"type":"binary-expr","locations":[{"start":{"line":44,"column":10},"end":{"line":44,"column":33}},{"start":{"line":44,"column":39},"end":{"line":44,"column":58}},{"start":{"line":44,"column":64},"end":{"line":44,"column":91}},{"start":{"line":44,"column":96},"end":{"line":44,"column":150}}],"line":44},"3":{"loc":{"start":{"line":49,"column":9},"end":{"line":49,"column":91}},"type":"binary-expr","locations":[{"start":{"line":49,"column":10},"end":{"line":49,"column":33}},{"start":{"line":49,"column":38},"end":{"line":49,"column":91}}],"line":49},"4":{"loc":{"start":{"line":57,"column":2},"end":{"line":59,"column":3}},"type":"if","locations":[{"start":{"line":57,"column":2},"end":{"line":59,"column":3}},{"start":{"line":57,"column":2},"end":{"line":59,"column":3}}],"line":57}},"s":{"0":1,"1":1,"2":1,"3":1,"4":1,"5":1,"6":0,"7":0,"8":1,"9":0,"10":0,"11":1,"12":1,"13":1,"14":1,"15":31,"16":16,"17":1,"18":31,"19":13,"20":72,"21":72,"22":1,"23":88,"24":0,"25":1,"26":1,"27":1,"28":1,"29":1,"30":88,"31":88},"f":{"0":0,"1":0,"2":0,"3":31,"4":16,"5":31,"6":13,"7":72,"8":72,"9":88,"10":88},"b":{"0":[1,0],"1":[0,1],"2":[31,31,30,29],"3":[31,31],"4":[0,88]},"_coverageSchema":"1a1c01bbd47fc00a2c39e90264f33305004495a9","hash":"d395c2c612b50a00e02a822619468c6f7ed5d9fa"}
,"/Users/stanislavrassokhin/work/rfcx-api/models/language.js": {"path":"/Users/stanislavrassokhin/work/rfcx-api/models/language.js","statementMap":{"0":{"start":{"line":3,"column":0},"end":{"line":26,"column":1}},"1":{"start":{"line":4,"column":17},"end":{"line":23,"column":4}},"2":{"start":{"line":25,"column":2},"end":{"line":25,"column":17}}},"fnMap":{"0":{"name":"(anonymous_0)","decl":{"start":{"line":3,"column":17},"end":{"line":3,"column":18}},"loc":{"start":{"line":3,"column":49},"end":{"line":26,"column":1}},"line":3}},"branchMap":{},"s":{"0":1,"1":1,"2":1},"f":{"0":1},"b":{},"_coverageSchema":"1a1c01bbd47fc00a2c39e90264f33305004495a9","hash":"7e78a3c7a85f8f198b809c764bdbe892aa889595"}
,"/Users/stanislavrassokhin/work/rfcx-api/models/relationships.js": {"path":"/Users/stanislavrassokhin/work/rfcx-api/models/relationships.js","statementMap":{"0":{"start":{"line":2,"column":2},"end":{"line":2,"column":91}},"1":{"start":{"line":3,"column":2},"end":{"line":3,"column":81}},"2":{"start":{"line":4,"column":2},"end":{"line":4,"column":94}},"3":{"start":{"line":6,"column":2},"end":{"line":6,"column":109}},"4":{"start":{"line":7,"column":2},"end":{"line":7,"column":117}},"5":{"start":{"line":8,"column":2},"end":{"line":8,"column":102}},"6":{"start":{"line":10,"column":2},"end":{"line":10,"column":98}},"7":{"start":{"line":11,"column":2},"end":{"line":11,"column":103}},"8":{"start":{"line":13,"column":2},"end":{"line":13,"column":98}},"9":{"start":{"line":14,"column":2},"end":{"line":14,"column":100}},"10":{"start":{"line":16,"column":2},"end":{"line":16,"column":126}},"11":{"start":{"line":17,"column":2},"end":{"line":17,"column":118}},"12":{"start":{"line":19,"column":2},"end":{"line":19,"column":96}},"13":{"start":{"line":20,"column":2},"end":{"line":20,"column":102}},"14":{"start":{"line":21,"column":2},"end":{"line":21,"column":96}},"15":{"start":{"line":22,"column":2},"end":{"line":22,"column":90}},"16":{"start":{"line":24,"column":2},"end":{"line":24,"column":91}},"17":{"start":{"line":25,"column":2},"end":{"line":25,"column":95}},"18":{"start":{"line":27,"column":2},"end":{"line":27,"column":93}},"19":{"start":{"line":28,"column":2},"end":{"line":28,"column":93}},"20":{"start":{"line":30,"column":2},"end":{"line":30,"column":98}},"21":{"start":{"line":31,"column":2},"end":{"line":31,"column":105}},"22":{"start":{"line":32,"column":2},"end":{"line":32,"column":90}},"23":{"start":{"line":34,"column":2},"end":{"line":34,"column":117}},"24":{"start":{"line":36,"column":2},"end":{"line":36,"column":132}},"25":{"start":{"line":38,"column":2},"end":{"line":38,"column":131}},"26":{"start":{"line":40,"column":2},"end":{"line":40,"column":134}},"27":{"start":{"line":41,"column":2},"end":{"line":41,"column":140}},"28":{"start":{"line":43,"column":2},"end":{"line":43,"column":100}},"29":{"start":{"line":44,"column":2},"end":{"line":44,"column":104}},"30":{"start":{"line":45,"column":2},"end":{"line":45,"column":107}},"31":{"start":{"line":46,"column":2},"end":{"line":46,"column":102}},"32":{"start":{"line":47,"column":2},"end":{"line":47,"column":98}},"33":{"start":{"line":48,"column":2},"end":{"line":48,"column":93}},"34":{"start":{"line":49,"column":2},"end":{"line":49,"column":134}},"35":{"start":{"line":51,"column":2},"end":{"line":51,"column":105}},"36":{"start":{"line":52,"column":2},"end":{"line":52,"column":101}},"37":{"start":{"line":54,"column":2},"end":{"line":54,"column":94}},"38":{"start":{"line":55,"column":2},"end":{"line":55,"column":110}},"39":{"start":{"line":56,"column":2},"end":{"line":56,"column":98}},"40":{"start":{"line":58,"column":2},"end":{"line":58,"column":96}},"41":{"start":{"line":59,"column":2},"end":{"line":59,"column":92}},"42":{"start":{"line":60,"column":2},"end":{"line":60,"column":93}},"43":{"start":{"line":61,"column":2},"end":{"line":61,"column":102}},"44":{"start":{"line":62,"column":2},"end":{"line":62,"column":103}},"45":{"start":{"line":63,"column":2},"end":{"line":63,"column":117}},"46":{"start":{"line":65,"column":2},"end":{"line":65,"column":92}},"47":{"start":{"line":66,"column":2},"end":{"line":66,"column":96}},"48":{"start":{"line":67,"column":2},"end":{"line":67,"column":102}},"49":{"start":{"line":68,"column":2},"end":{"line":68,"column":95}},"50":{"start":{"line":69,"column":2},"end":{"line":69,"column":92}},"51":{"start":{"line":71,"column":2},"end":{"line":71,"column":108}},"52":{"start":{"line":72,"column":2},"end":{"line":72,"column":111}},"53":{"start":{"line":73,"column":2},"end":{"line":73,"column":102}},"54":{"start":{"line":74,"column":2},"end":{"line":74,"column":108}},"55":{"start":{"line":75,"column":2},"end":{"line":75,"column":98}},"56":{"start":{"line":76,"column":2},"end":{"line":76,"column":107}},"57":{"start":{"line":77,"column":2},"end":{"line":77,"column":109}},"58":{"start":{"line":78,"column":2},"end":{"line":78,"column":104}},"59":{"start":{"line":79,"column":2},"end":{"line":79,"column":101}},"60":{"start":{"line":80,"column":2},"end":{"line":80,"column":106}},"61":{"start":{"line":81,"column":2},"end":{"line":81,"column":106}},"62":{"start":{"line":82,"column":2},"end":{"line":82,"column":103}},"63":{"start":{"line":83,"column":2},"end":{"line":83,"column":110}},"64":{"start":{"line":84,"column":2},"end":{"line":84,"column":112}},"65":{"start":{"line":85,"column":2},"end":{"line":85,"column":105}},"66":{"start":{"line":86,"column":2},"end":{"line":86,"column":98}},"67":{"start":{"line":87,"column":2},"end":{"line":87,"column":102}},"68":{"start":{"line":88,"column":2},"end":{"line":88,"column":115}},"69":{"start":{"line":89,"column":2},"end":{"line":89,"column":102}},"70":{"start":{"line":90,"column":2},"end":{"line":90,"column":102}},"71":{"start":{"line":91,"column":2},"end":{"line":91,"column":100}},"72":{"start":{"line":92,"column":2},"end":{"line":92,"column":100}},"73":{"start":{"line":93,"column":2},"end":{"line":93,"column":101}},"74":{"start":{"line":94,"column":2},"end":{"line":94,"column":97}},"75":{"start":{"line":95,"column":2},"end":{"line":95,"column":105}},"76":{"start":{"line":96,"column":2},"end":{"line":96,"column":114}},"77":{"start":{"line":97,"column":2},"end":{"line":97,"column":123}},"78":{"start":{"line":98,"column":2},"end":{"line":98,"column":110}},"79":{"start":{"line":99,"column":2},"end":{"line":99,"column":108}},"80":{"start":{"line":100,"column":2},"end":{"line":100,"column":121}},"81":{"start":{"line":101,"column":2},"end":{"line":101,"column":108}},"82":{"start":{"line":102,"column":2},"end":{"line":102,"column":100}},"83":{"start":{"line":103,"column":2},"end":{"line":103,"column":108}},"84":{"start":{"line":104,"column":2},"end":{"line":104,"column":108}},"85":{"start":{"line":106,"column":2},"end":{"line":106,"column":108}},"86":{"start":{"line":107,"column":2},"end":{"line":107,"column":116}},"87":{"start":{"line":108,"column":2},"end":{"line":108,"column":110}},"88":{"start":{"line":110,"column":2},"end":{"line":110,"column":104}},"89":{"start":{"line":111,"column":2},"end":{"line":111,"column":123}},"90":{"start":{"line":112,"column":2},"end":{"line":112,"column":147}},"91":{"start":{"line":114,"column":2},"end":{"line":114,"column":94}},"92":{"start":{"line":116,"column":2},"end":{"line":116,"column":89}},"93":{"start":{"line":118,"column":2},"end":{"line":118,"column":87}},"94":{"start":{"line":120,"column":2},"end":{"line":120,"column":79}},"95":{"start":{"line":121,"column":2},"end":{"line":121,"column":81}},"96":{"start":{"line":122,"column":2},"end":{"line":122,"column":95}},"97":{"start":{"line":123,"column":2},"end":{"line":123,"column":95}},"98":{"start":{"line":125,"column":2},"end":{"line":125,"column":108}},"99":{"start":{"line":127,"column":2},"end":{"line":127,"column":77}},"100":{"start":{"line":129,"column":2},"end":{"line":129,"column":102}},"101":{"start":{"line":131,"column":2},"end":{"line":131,"column":98}},"102":{"start":{"line":132,"column":2},"end":{"line":132,"column":98}},"103":{"start":{"line":133,"column":2},"end":{"line":133,"column":102}},"104":{"start":{"line":134,"column":2},"end":{"line":134,"column":110}},"105":{"start":{"line":135,"column":2},"end":{"line":135,"column":120}},"106":{"start":{"line":136,"column":2},"end":{"line":136,"column":116}},"107":{"start":{"line":137,"column":2},"end":{"line":137,"column":118}},"108":{"start":{"line":138,"column":2},"end":{"line":138,"column":118}},"109":{"start":{"line":139,"column":2},"end":{"line":139,"column":124}},"110":{"start":{"line":140,"column":2},"end":{"line":140,"column":136}},"111":{"start":{"line":141,"column":2},"end":{"line":141,"column":110}},"112":{"start":{"line":142,"column":2},"end":{"line":142,"column":110}},"113":{"start":{"line":143,"column":2},"end":{"line":143,"column":106}},"114":{"start":{"line":144,"column":2},"end":{"line":144,"column":111}},"115":{"start":{"line":145,"column":2},"end":{"line":145,"column":98}},"116":{"start":{"line":146,"column":2},"end":{"line":146,"column":130}},"117":{"start":{"line":147,"column":2},"end":{"line":147,"column":146}},"118":{"start":{"line":148,"column":2},"end":{"line":148,"column":134}},"119":{"start":{"line":150,"column":2},"end":{"line":150,"column":89}},"120":{"start":{"line":151,"column":2},"end":{"line":151,"column":96}},"121":{"start":{"line":152,"column":2},"end":{"line":152,"column":134}},"122":{"start":{"line":153,"column":2},"end":{"line":153,"column":132}},"123":{"start":{"line":154,"column":2},"end":{"line":154,"column":95}},"124":{"start":{"line":156,"column":2},"end":{"line":156,"column":89}},"125":{"start":{"line":157,"column":2},"end":{"line":157,"column":95}},"126":{"start":{"line":158,"column":2},"end":{"line":158,"column":91}},"127":{"start":{"line":159,"column":2},"end":{"line":159,"column":91}},"128":{"start":{"line":160,"column":2},"end":{"line":160,"column":96}},"129":{"start":{"line":161,"column":2},"end":{"line":161,"column":81}},"130":{"start":{"line":162,"column":2},"end":{"line":162,"column":103}},"131":{"start":{"line":164,"column":2},"end":{"line":164,"column":87}},"132":{"start":{"line":165,"column":2},"end":{"line":165,"column":96}},"133":{"start":{"line":166,"column":2},"end":{"line":166,"column":79}},"134":{"start":{"line":168,"column":2},"end":{"line":168,"column":82}},"135":{"start":{"line":169,"column":2},"end":{"line":169,"column":95}},"136":{"start":{"line":170,"column":2},"end":{"line":170,"column":66}},"137":{"start":{"line":171,"column":2},"end":{"line":171,"column":94}},"138":{"start":{"line":174,"column":0},"end":{"line":174,"column":36}}},"fnMap":{"0":{"name":"defineRelationships","decl":{"start":{"line":1,"column":9},"end":{"line":1,"column":28}},"loc":{"start":{"line":1,"column":38},"end":{"line":172,"column":1}},"line":1}},"branchMap":{},"s":{"0":1,"1":1,"2":1,"3":1,"4":1,"5":1,"6":1,"7":1,"8":1,"9":1,"10":1,"11":1,"12":1,"13":1,"14":1,"15":1,"16":1,"17":1,"18":1,"19":1,"20":1,"21":1,"22":1,"23":1,"24":1,"25":1,"26":1,"27":1,"28":1,"29":1,"30":1,"31":1,"32":1,"33":1,"34":1,"35":1,"36":1,"37":1,"38":1,"39":1,"40":1,"41":1,"42":1,"43":1,"44":1,"45":1,"46":1,"47":1,"48":1,"49":1,"50":1,"51":1,"52":1,"53":1,"54":1,"55":1,"56":1,"57":1,"58":1,"59":1,"60":1,"61":1,"62":1,"63":1,"64":1,"65":1,"66":1,"67":1,"68":1,"69":1,"70":1,"71":1,"72":1,"73":1,"74":1,"75":1,"76":1,"77":1,"78":1,"79":1,"80":1,"81":1,"82":1,"83":1,"84":1,"85":1,"86":1,"87":1,"88":1,"89":1,"90":1,"91":1,"92":1,"93":1,"94":1,"95":1,"96":1,"97":1,"98":1,"99":1,"100":1,"101":1,"102":1,"103":1,"104":1,"105":1,"106":1,"107":1,"108":1,"109":1,"110":1,"111":1,"112":1,"113":1,"114":1,"115":1,"116":1,"117":1,"118":1,"119":1,"120":1,"121":1,"122":1,"123":1,"124":1,"125":1,"126":1,"127":1,"128":1,"129":1,"130":1,"131":1,"132":1,"133":1,"134":1,"135":1,"136":1,"137":1,"138":1},"f":{"0":1},"b":{},"_coverageSchema":"1a1c01bbd47fc00a2c39e90264f33305004495a9","hash":"364d1010b93bd7eca51c23d08eb6d18b4b886e01"}
,"/Users/stanislavrassokhin/work/rfcx-api/models/report-attachment-relation.js": {"path":"/Users/stanislavrassokhin/work/rfcx-api/models/report-attachment-relation.js","statementMap":{"0":{"start":{"line":3,"column":0},"end":{"line":9,"column":1}},"1":{"start":{"line":4,"column":33},"end":{"line":6,"column":4}},"2":{"start":{"line":8,"column":2},"end":{"line":8,"column":33}}},"fnMap":{"0":{"name":"(anonymous_0)","decl":{"start":{"line":3,"column":17},"end":{"line":3,"column":18}},"loc":{"start":{"line":3,"column":49},"end":{"line":9,"column":1}},"line":3}},"branchMap":{},"s":{"0":1,"1":1,"2":1},"f":{"0":1},"b":{},"_coverageSchema":"1a1c01bbd47fc00a2c39e90264f33305004495a9","hash":"ee5f4d344125cc78c9389e3c77a8c1da366e7e3f"}
,"/Users/stanislavrassokhin/work/rfcx-api/models/report.js": {"path":"/Users/stanislavrassokhin/work/rfcx-api/models/report.js","statementMap":{"0":{"start":{"line":3,"column":0},"end":{"line":95,"column":1}},"1":{"start":{"line":4,"column":15},"end":{"line":92,"column":4}},"2":{"start":{"line":94,"column":2},"end":{"line":94,"column":15}}},"fnMap":{"0":{"name":"(anonymous_0)","decl":{"start":{"line":3,"column":17},"end":{"line":3,"column":18}},"loc":{"start":{"line":3,"column":49},"end":{"line":95,"column":1}},"line":3}},"branchMap":{},"s":{"0":1,"1":1,"2":1},"f":{"0":1},"b":{},"_coverageSchema":"1a1c01bbd47fc00a2c39e90264f33305004495a9","hash":"17c183dfbcbc6c0da26bc667a4d4f444e82e0431"}
,"/Users/stanislavrassokhin/work/rfcx-api/models/shortlink.js": {"path":"/Users/stanislavrassokhin/work/rfcx-api/models/shortlink.js","statementMap":{"0":{"start":{"line":3,"column":0},"end":{"line":35,"column":1}},"1":{"start":{"line":4,"column":18},"end":{"line":32,"column":4}},"2":{"start":{"line":34,"column":2},"end":{"line":34,"column":18}}},"fnMap":{"0":{"name":"(anonymous_0)","decl":{"start":{"line":3,"column":17},"end":{"line":3,"column":18}},"loc":{"start":{"line":3,"column":49},"end":{"line":35,"column":1}},"line":3}},"branchMap":{},"s":{"0":1,"1":1,"2":1},"f":{"0":1},"b":{},"_coverageSchema":"1a1c01bbd47fc00a2c39e90264f33305004495a9","hash":"9896aa18ac0a38496fd97f655347c5f631a05e63"}
,"/Users/stanislavrassokhin/work/rfcx-api/models/source-type.js": {"path":"/Users/stanislavrassokhin/work/rfcx-api/models/source-type.js","statementMap":{"0":{"start":{"line":3,"column":0},"end":{"line":18,"column":1}},"1":{"start":{"line":4,"column":19},"end":{"line":15,"column":4}},"2":{"start":{"line":17,"column":2},"end":{"line":17,"column":19}}},"fnMap":{"0":{"name":"(anonymous_0)","decl":{"start":{"line":3,"column":17},"end":{"line":3,"column":18}},"loc":{"start":{"line":3,"column":49},"end":{"line":18,"column":1}},"line":3}},"branchMap":{},"s":{"0":1,"1":1,"2":1},"f":{"0":1},"b":{},"_coverageSchema":"1a1c01bbd47fc00a2c39e90264f33305004495a9","hash":"6cbb7385d0c58c20dfe1de221130b43f91d61e68"}
,"/Users/stanislavrassokhin/work/rfcx-api/models/attachment/attachment-type.js": {"path":"/Users/stanislavrassokhin/work/rfcx-api/models/attachment/attachment-type.js","statementMap":{"0":{"start":{"line":3,"column":0},"end":{"line":15,"column":1}},"1":{"start":{"line":4,"column":23},"end":{"line":12,"column":4}},"2":{"start":{"line":14,"column":2},"end":{"line":14,"column":23}}},"fnMap":{"0":{"name":"(anonymous_0)","decl":{"start":{"line":3,"column":17},"end":{"line":3,"column":18}},"loc":{"start":{"line":3,"column":49},"end":{"line":15,"column":1}},"line":3}},"branchMap":{},"s":{"0":1,"1":1,"2":1},"f":{"0":1},"b":{},"_coverageSchema":"1a1c01bbd47fc00a2c39e90264f33305004495a9","hash":"dc5bd436dfc204ff9975897cf9e80e2dac4f4e51"}
,"/Users/stanislavrassokhin/work/rfcx-api/models/attachment/attachment.js": {"path":"/Users/stanislavrassokhin/work/rfcx-api/models/attachment/attachment.js","statementMap":{"0":{"start":{"line":3,"column":0},"end":{"line":31,"column":1}},"1":{"start":{"line":4,"column":19},"end":{"line":28,"column":4}},"2":{"start":{"line":30,"column":2},"end":{"line":30,"column":19}}},"fnMap":{"0":{"name":"(anonymous_0)","decl":{"start":{"line":3,"column":17},"end":{"line":3,"column":18}},"loc":{"start":{"line":3,"column":49},"end":{"line":31,"column":1}},"line":3}},"branchMap":{},"s":{"0":1,"1":1,"2":1},"f":{"0":1},"b":{},"_coverageSchema":"1a1c01bbd47fc00a2c39e90264f33305004495a9","hash":"7f16ac48ece9868487a9112c448a240f685e603e"}
,"/Users/stanislavrassokhin/work/rfcx-api/models/audio-analysis/audio-analysis-entry.js": {"path":"/Users/stanislavrassokhin/work/rfcx-api/models/audio-analysis/audio-analysis-entry.js","statementMap":{"0":{"start":{"line":3,"column":0},"end":{"line":11,"column":1}},"1":{"start":{"line":4,"column":27},"end":{"line":8,"column":4}},"2":{"start":{"line":10,"column":2},"end":{"line":10,"column":27}}},"fnMap":{"0":{"name":"(anonymous_0)","decl":{"start":{"line":3,"column":17},"end":{"line":3,"column":18}},"loc":{"start":{"line":3,"column":49},"end":{"line":11,"column":1}},"line":3}},"branchMap":{},"s":{"0":1,"1":1,"2":1},"f":{"0":1},"b":{},"_coverageSchema":"1a1c01bbd47fc00a2c39e90264f33305004495a9","hash":"85218f1921e995843d01f458cb03ea3c009b9fad"}
,"/Users/stanislavrassokhin/work/rfcx-api/models/audio-analysis/audio-analysis-log.js": {"path":"/Users/stanislavrassokhin/work/rfcx-api/models/audio-analysis/audio-analysis-log.js","statementMap":{"0":{"start":{"line":3,"column":0},"end":{"line":54,"column":1}},"1":{"start":{"line":4,"column":25},"end":{"line":51,"column":4}},"2":{"start":{"line":53,"column":2},"end":{"line":53,"column":25}}},"fnMap":{"0":{"name":"(anonymous_0)","decl":{"start":{"line":3,"column":17},"end":{"line":3,"column":18}},"loc":{"start":{"line":3,"column":49},"end":{"line":54,"column":1}},"line":3}},"branchMap":{},"s":{"0":1,"1":1,"2":1},"f":{"0":1},"b":{},"_coverageSchema":"1a1c01bbd47fc00a2c39e90264f33305004495a9","hash":"98cefa359a6958510b55cab5a0b27a8f21a4845f"}
,"/Users/stanislavrassokhin/work/rfcx-api/models/audio-analysis/audio-analysis-model.js": {"path":"/Users/stanislavrassokhin/work/rfcx-api/models/audio-analysis/audio-analysis-model.js","statementMap":{"0":{"start":{"line":3,"column":0},"end":{"line":113,"column":1}},"1":{"start":{"line":4,"column":27},"end":{"line":110,"column":4}},"2":{"start":{"line":112,"column":2},"end":{"line":112,"column":27}}},"fnMap":{"0":{"name":"(anonymous_0)","decl":{"start":{"line":3,"column":17},"end":{"line":3,"column":18}},"loc":{"start":{"line":3,"column":49},"end":{"line":113,"column":1}},"line":3}},"branchMap":{},"s":{"0":1,"1":1,"2":1},"f":{"0":1},"b":{},"_coverageSchema":"1a1c01bbd47fc00a2c39e90264f33305004495a9","hash":"c003b2bad04ad97c2ecf5c74eeb57de0f2dfb4ce"}
,"/Users/stanislavrassokhin/work/rfcx-api/models/audio-analysis/audio-analysis-state.js": {"path":"/Users/stanislavrassokhin/work/rfcx-api/models/audio-analysis/audio-analysis-state.js","statementMap":{"0":{"start":{"line":3,"column":0},"end":{"line":25,"column":1}},"1":{"start":{"line":4,"column":27},"end":{"line":22,"column":4}},"2":{"start":{"line":24,"column":2},"end":{"line":24,"column":27}}},"fnMap":{"0":{"name":"(anonymous_0)","decl":{"start":{"line":3,"column":17},"end":{"line":3,"column":18}},"loc":{"start":{"line":3,"column":49},"end":{"line":25,"column":1}},"line":3}},"branchMap":{},"s":{"0":1,"1":1,"2":1},"f":{"0":1},"b":{},"_coverageSchema":"1a1c01bbd47fc00a2c39e90264f33305004495a9","hash":"a1457524a8a5fa778631e6f1740463c50fdc1826"}
,"/Users/stanislavrassokhin/work/rfcx-api/models/audio-analysis/audio-analysis-training-set.js": {"path":"/Users/stanislavrassokhin/work/rfcx-api/models/audio-analysis/audio-analysis-training-set.js","statementMap":{"0":{"start":{"line":3,"column":0},"end":{"line":29,"column":1}},"1":{"start":{"line":4,"column":33},"end":{"line":26,"column":4}},"2":{"start":{"line":28,"column":2},"end":{"line":28,"column":33}}},"fnMap":{"0":{"name":"(anonymous_0)","decl":{"start":{"line":3,"column":17},"end":{"line":3,"column":18}},"loc":{"start":{"line":3,"column":49},"end":{"line":29,"column":1}},"line":3}},"branchMap":{},"s":{"0":1,"1":1,"2":1},"f":{"0":1},"b":{},"_coverageSchema":"1a1c01bbd47fc00a2c39e90264f33305004495a9","hash":"6dd2d6d2c7f89f1d5e548b89982b05ba8165a947"}
,"/Users/stanislavrassokhin/work/rfcx-api/models/classification/classification-source.js": {"path":"/Users/stanislavrassokhin/work/rfcx-api/models/classification/classification-source.js","statementMap":{"0":{"start":{"line":3,"column":0},"end":{"line":18,"column":1}},"1":{"start":{"line":4,"column":29},"end":{"line":15,"column":4}},"2":{"start":{"line":17,"column":2},"end":{"line":17,"column":29}}},"fnMap":{"0":{"name":"(anonymous_0)","decl":{"start":{"line":3,"column":17},"end":{"line":3,"column":18}},"loc":{"start":{"line":3,"column":49},"end":{"line":18,"column":1}},"line":3}},"branchMap":{},"s":{"0":1,"1":1,"2":1},"f":{"0":1},"b":{},"_coverageSchema":"1a1c01bbd47fc00a2c39e90264f33305004495a9","hash":"02d6f06e8103f7ffd5d45e10cbb8fc300664678b"}
,"/Users/stanislavrassokhin/work/rfcx-api/models/classification/classification-type.js": {"path":"/Users/stanislavrassokhin/work/rfcx-api/models/classification/classification-type.js","statementMap":{"0":{"start":{"line":3,"column":0},"end":{"line":18,"column":1}},"1":{"start":{"line":4,"column":27},"end":{"line":15,"column":4}},"2":{"start":{"line":17,"column":2},"end":{"line":17,"column":27}}},"fnMap":{"0":{"name":"(anonymous_0)","decl":{"start":{"line":3,"column":17},"end":{"line":3,"column":18}},"loc":{"start":{"line":3,"column":49},"end":{"line":18,"column":1}},"line":3}},"branchMap":{},"s":{"0":1,"1":1,"2":1},"f":{"0":1},"b":{},"_coverageSchema":"1a1c01bbd47fc00a2c39e90264f33305004495a9","hash":"97756cdba985366407a410b06598a7782a0ccb9f"}
,"/Users/stanislavrassokhin/work/rfcx-api/models/classification/classification.js": {"path":"/Users/stanislavrassokhin/work/rfcx-api/models/classification/classification.js","statementMap":{"0":{"start":{"line":3,"column":0},"end":{"line":40,"column":1}},"1":{"start":{"line":4,"column":23},"end":{"line":37,"column":4}},"2":{"start":{"line":39,"column":2},"end":{"line":39,"column":23}}},"fnMap":{"0":{"name":"(anonymous_0)","decl":{"start":{"line":3,"column":17},"end":{"line":3,"column":18}},"loc":{"start":{"line":3,"column":49},"end":{"line":40,"column":1}},"line":3}},"branchMap":{},"s":{"0":1,"1":1,"2":1},"f":{"0":1},"b":{},"_coverageSchema":"1a1c01bbd47fc00a2c39e90264f33305004495a9","hash":"3d956c1ace9225f3d03812c61cd4bb746fc84eea"}
,"/Users/stanislavrassokhin/work/rfcx-api/models/classification/species-name.js": {"path":"/Users/stanislavrassokhin/work/rfcx-api/models/classification/species-name.js","statementMap":{"0":{"start":{"line":3,"column":0},"end":{"line":23,"column":1}},"1":{"start":{"line":4,"column":20},"end":{"line":20,"column":4}},"2":{"start":{"line":22,"column":2},"end":{"line":22,"column":20}}},"fnMap":{"0":{"name":"(anonymous_0)","decl":{"start":{"line":3,"column":17},"end":{"line":3,"column":18}},"loc":{"start":{"line":3,"column":49},"end":{"line":23,"column":1}},"line":3}},"branchMap":{},"s":{"0":1,"1":1,"2":1},"f":{"0":1},"b":{},"_coverageSchema":"1a1c01bbd47fc00a2c39e90264f33305004495a9","hash":"92391bd77f154feb9f56801f01ab78d5e8cd56e4"}
,"/Users/stanislavrassokhin/work/rfcx-api/models/contact-message/contact-message.js": {"path":"/Users/stanislavrassokhin/work/rfcx-api/models/contact-message/contact-message.js","statementMap":{"0":{"start":{"line":3,"column":0},"end":{"line":24,"column":1}},"1":{"start":{"line":4,"column":23},"end":{"line":21,"column":4}},"2":{"start":{"line":23,"column":2},"end":{"line":23,"column":23}}},"fnMap":{"0":{"name":"(anonymous_0)","decl":{"start":{"line":3,"column":17},"end":{"line":3,"column":18}},"loc":{"start":{"line":3,"column":49},"end":{"line":24,"column":1}},"line":3}},"branchMap":{},"s":{"0":1,"1":1,"2":1},"f":{"0":1},"b":{},"_coverageSchema":"1a1c01bbd47fc00a2c39e90264f33305004495a9","hash":"7ab234b7f3c57171ce430e9cac944fdb59dfb184"}
,"/Users/stanislavrassokhin/work/rfcx-api/models/filter-preset/filter-preset.js": {"path":"/Users/stanislavrassokhin/work/rfcx-api/models/filter-preset/filter-preset.js","statementMap":{"0":{"start":{"line":3,"column":0},"end":{"line":36,"column":1}},"1":{"start":{"line":4,"column":21},"end":{"line":33,"column":4}},"2":{"start":{"line":35,"column":2},"end":{"line":35,"column":21}}},"fnMap":{"0":{"name":"(anonymous_0)","decl":{"start":{"line":3,"column":17},"end":{"line":3,"column":18}},"loc":{"start":{"line":3,"column":49},"end":{"line":36,"column":1}},"line":3}},"branchMap":{},"s":{"0":1,"1":1,"2":1},"f":{"0":1},"b":{},"_coverageSchema":"1a1c01bbd47fc00a2c39e90264f33305004495a9","hash":"5f5015e92eaf7a55e542eb7edcbef1a20c1edb41"}
,"/Users/stanislavrassokhin/work/rfcx-api/models/guardian-audio/guardian-audio-box.js": {"path":"/Users/stanislavrassokhin/work/rfcx-api/models/guardian-audio/guardian-audio-box.js","statementMap":{"0":{"start":{"line":3,"column":0},"end":{"line":60,"column":1}},"1":{"start":{"line":4,"column":25},"end":{"line":57,"column":4}},"2":{"start":{"line":59,"column":2},"end":{"line":59,"column":25}}},"fnMap":{"0":{"name":"(anonymous_0)","decl":{"start":{"line":3,"column":17},"end":{"line":3,"column":18}},"loc":{"start":{"line":3,"column":49},"end":{"line":60,"column":1}},"line":3}},"branchMap":{},"s":{"0":1,"1":1,"2":1},"f":{"0":1},"b":{},"_coverageSchema":"1a1c01bbd47fc00a2c39e90264f33305004495a9","hash":"45c3afd193a71483a4e9d38aa9d61f49b8884341"}
,"/Users/stanislavrassokhin/work/rfcx-api/models/guardian-audio/guardian-audio-collection.js": {"path":"/Users/stanislavrassokhin/work/rfcx-api/models/guardian-audio/guardian-audio-collection.js","statementMap":{"0":{"start":{"line":3,"column":0},"end":{"line":18,"column":1}},"1":{"start":{"line":4,"column":32},"end":{"line":15,"column":4}},"2":{"start":{"line":17,"column":2},"end":{"line":17,"column":32}}},"fnMap":{"0":{"name":"(anonymous_0)","decl":{"start":{"line":3,"column":17},"end":{"line":3,"column":18}},"loc":{"start":{"line":3,"column":49},"end":{"line":18,"column":1}},"line":3}},"branchMap":{},"s":{"0":1,"1":1,"2":1},"f":{"0":1},"b":{},"_coverageSchema":"1a1c01bbd47fc00a2c39e90264f33305004495a9","hash":"d6ee79f03724f9aee156f09b0891c373dab3efa4"}
,"/Users/stanislavrassokhin/work/rfcx-api/models/guardian-audio/guardian-audio-collections-relations.js": {"path":"/Users/stanislavrassokhin/work/rfcx-api/models/guardian-audio/guardian-audio-collections-relations.js","statementMap":{"0":{"start":{"line":3,"column":0},"end":{"line":20,"column":1}},"1":{"start":{"line":4,"column":42},"end":{"line":17,"column":4}},"2":{"start":{"line":19,"column":2},"end":{"line":19,"column":42}}},"fnMap":{"0":{"name":"(anonymous_0)","decl":{"start":{"line":3,"column":17},"end":{"line":3,"column":18}},"loc":{"start":{"line":3,"column":49},"end":{"line":20,"column":1}},"line":3}},"branchMap":{},"s":{"0":1,"1":1,"2":1},"f":{"0":1},"b":{},"_coverageSchema":"1a1c01bbd47fc00a2c39e90264f33305004495a9","hash":"33ad3f0a778c81af42f8462d51c18e0031f7f5dc"}
,"/Users/stanislavrassokhin/work/rfcx-api/models/guardian-audio/guardian-audio-event-reason-for-creation.js": {"path":"/Users/stanislavrassokhin/work/rfcx-api/models/guardian-audio/guardian-audio-event-reason-for-creation.js","statementMap":{"0":{"start":{"line":3,"column":0},"end":{"line":18,"column":1}},"1":{"start":{"line":4,"column":44},"end":{"line":15,"column":4}},"2":{"start":{"line":17,"column":2},"end":{"line":17,"column":44}}},"fnMap":{"0":{"name":"(anonymous_0)","decl":{"start":{"line":3,"column":17},"end":{"line":3,"column":18}},"loc":{"start":{"line":3,"column":49},"end":{"line":18,"column":1}},"line":3}},"branchMap":{},"s":{"0":1,"1":1,"2":1},"f":{"0":1},"b":{},"_coverageSchema":"1a1c01bbd47fc00a2c39e90264f33305004495a9","hash":"cd300a436bdf7b83b3c513a467d0d4acaae1c8e0"}
,"/Users/stanislavrassokhin/work/rfcx-api/models/guardian-audio/guardian-audio-event-type.js": {"path":"/Users/stanislavrassokhin/work/rfcx-api/models/guardian-audio/guardian-audio-event-type.js","statementMap":{"0":{"start":{"line":3,"column":0},"end":{"line":15,"column":1}},"1":{"start":{"line":4,"column":31},"end":{"line":12,"column":4}},"2":{"start":{"line":14,"column":2},"end":{"line":14,"column":31}}},"fnMap":{"0":{"name":"(anonymous_0)","decl":{"start":{"line":3,"column":17},"end":{"line":3,"column":18}},"loc":{"start":{"line":3,"column":49},"end":{"line":15,"column":1}},"line":3}},"branchMap":{},"s":{"0":1,"1":1,"2":1},"f":{"0":1},"b":{},"_coverageSchema":"1a1c01bbd47fc00a2c39e90264f33305004495a9","hash":"15cf44f3829dd28a819e1e92d5960f7cf65513bc"}
,"/Users/stanislavrassokhin/work/rfcx-api/models/guardian-audio/guardian-audio-event-value-high-level-key.js": {"path":"/Users/stanislavrassokhin/work/rfcx-api/models/guardian-audio/guardian-audio-event-value-high-level-key.js","statementMap":{"0":{"start":{"line":3,"column":0},"end":{"line":26,"column":1}},"1":{"start":{"line":4,"column":44},"end":{"line":23,"column":4}},"2":{"start":{"line":25,"column":2},"end":{"line":25,"column":44}}},"fnMap":{"0":{"name":"(anonymous_0)","decl":{"start":{"line":3,"column":17},"end":{"line":3,"column":18}},"loc":{"start":{"line":3,"column":49},"end":{"line":26,"column":1}},"line":3}},"branchMap":{},"s":{"0":1,"1":1,"2":1},"f":{"0":1},"b":{},"_coverageSchema":"1a1c01bbd47fc00a2c39e90264f33305004495a9","hash":"146d4ce5d0ec730a922e171742f0b01f197ab217"}
,"/Users/stanislavrassokhin/work/rfcx-api/models/guardian-audio/guardian-audio-event-value.js": {"path":"/Users/stanislavrassokhin/work/rfcx-api/models/guardian-audio/guardian-audio-event-value.js","statementMap":{"0":{"start":{"line":3,"column":0},"end":{"line":28,"column":1}},"1":{"start":{"line":4,"column":32},"end":{"line":25,"column":4}},"2":{"start":{"line":27,"column":2},"end":{"line":27,"column":32}}},"fnMap":{"0":{"name":"(anonymous_0)","decl":{"start":{"line":3,"column":17},"end":{"line":3,"column":18}},"loc":{"start":{"line":3,"column":49},"end":{"line":28,"column":1}},"line":3}},"branchMap":{},"s":{"0":1,"1":1,"2":1},"f":{"0":1},"b":{},"_coverageSchema":"1a1c01bbd47fc00a2c39e90264f33305004495a9","hash":"3db70e8ce2741babbb853bf3c8dd2e99a6fca4f3"}
,"/Users/stanislavrassokhin/work/rfcx-api/models/guardian-audio/guardian-audio-events.js": {"path":"/Users/stanislavrassokhin/work/rfcx-api/models/guardian-audio/guardian-audio-events.js","statementMap":{"0":{"start":{"line":3,"column":0},"end":{"line":82,"column":1}},"1":{"start":{"line":4,"column":27},"end":{"line":79,"column":4}},"2":{"start":{"line":81,"column":2},"end":{"line":81,"column":27}}},"fnMap":{"0":{"name":"(anonymous_0)","decl":{"start":{"line":3,"column":17},"end":{"line":3,"column":18}},"loc":{"start":{"line":3,"column":49},"end":{"line":82,"column":1}},"line":3}},"branchMap":{},"s":{"0":1,"1":1,"2":1},"f":{"0":1},"b":{},"_coverageSchema":"1a1c01bbd47fc00a2c39e90264f33305004495a9","hash":"9e1521eacfa86fdefb8a125a06c68d2044bcb207"}
,"/Users/stanislavrassokhin/work/rfcx-api/models/guardian-audio/guardian-audio-format.js": {"path":"/Users/stanislavrassokhin/work/rfcx-api/models/guardian-audio/guardian-audio-format.js","statementMap":{"0":{"start":{"line":3,"column":0},"end":{"line":78,"column":1}},"1":{"start":{"line":4,"column":28},"end":{"line":75,"column":4}},"2":{"start":{"line":77,"column":2},"end":{"line":77,"column":28}}},"fnMap":{"0":{"name":"(anonymous_0)","decl":{"start":{"line":3,"column":17},"end":{"line":3,"column":18}},"loc":{"start":{"line":3,"column":49},"end":{"line":78,"column":1}},"line":3}},"branchMap":{},"s":{"0":1,"1":1,"2":1},"f":{"0":1},"b":{},"_coverageSchema":"1a1c01bbd47fc00a2c39e90264f33305004495a9","hash":"dea5d2b76402b087a7ae3902104759c1288176de"}
,"/Users/stanislavrassokhin/work/rfcx-api/models/guardian-audio/guardian-audio-highlights.js": {"path":"/Users/stanislavrassokhin/work/rfcx-api/models/guardian-audio/guardian-audio-highlights.js","statementMap":{"0":{"start":{"line":3,"column":0},"end":{"line":94,"column":1}},"1":{"start":{"line":4,"column":31},"end":{"line":91,"column":4}},"2":{"start":{"line":93,"column":2},"end":{"line":93,"column":31}}},"fnMap":{"0":{"name":"(anonymous_0)","decl":{"start":{"line":3,"column":17},"end":{"line":3,"column":18}},"loc":{"start":{"line":3,"column":49},"end":{"line":94,"column":1}},"line":3}},"branchMap":{},"s":{"0":1,"1":1,"2":1},"f":{"0":1},"b":{},"_coverageSchema":"1a1c01bbd47fc00a2c39e90264f33305004495a9","hash":"1c80f972d3d5f06ca295b583da7ba5745c27899d"}
[...]
":25}},"16":{"start":{"line":34,"column":16},"end":{"line":34,"column":29}},"17":{"start":{"line":35,"column":16},"end":{"line":35,"column":86}},"18":{"start":{"line":35,"column":58},"end":{"line":35,"column":83}},"19":{"start":{"line":35,"column":67},"end":{"line":35,"column":81}},"20":{"start":{"line":39,"column":12},"end":{"line":39,"column":50}},"21":{"start":{"line":40,"column":12},"end":{"line":40,"column":31}},"22":{"start":{"line":44,"column":8},"end":{"line":44,"column":58}},"23":{"start":{"line":45,"column":8},"end":{"line":45,"column":30}}},"fnMap":{"0":{"name":"(anonymous_0)","decl":{"start":{"line":6,"column":22},"end":{"line":6,"column":23}},"loc":{"start":{"line":6,"column":101},"end":{"line":48,"column":3}},"line":6},"1":{"name":"(anonymous_1)","decl":{"start":{"line":7,"column":23},"end":{"line":7,"column":24}},"loc":{"start":{"line":7,"column":50},"end":{"line":47,"column":5}},"line":7},"2":{"name":"(anonymous_2)","decl":{"start":{"line":9,"column":33},"end":{"line":9,"column":34}},"loc":{"start":{"line":9,"column":67},"end":{"line":42,"column":9}},"line":9},"3":{"name":"(anonymous_3)","decl":{"start":{"line":32,"column":25},"end":{"line":32,"column":26}},"loc":{"start":{"line":32,"column":37},"end":{"line":36,"column":15}},"line":32},"4":{"name":"(anonymous_4)","decl":{"start":{"line":35,"column":43},"end":{"line":35,"column":44}},"loc":{"start":{"line":35,"column":56},"end":{"line":35,"column":85}},"line":35}},"branchMap":{"0":{"loc":{"start":{"line":10,"column":10},"end":{"line":41,"column":11}},"type":"if","locations":[{"start":{"line":10,"column":10},"end":{"line":41,"column":11}},{"start":{"line":10,"column":10},"end":{"line":41,"column":11}}],"line":10},"1":{"loc":{"start":{"line":18,"column":12},"end":{"line":22,"column":13}},"type":"if","locations":[{"start":{"line":18,"column":12},"end":{"line":22,"column":13}},{"start":{"line":18,"column":12},"end":{"line":22,"column":13}}],"line":18},"2":{"loc":{"start":{"line":25,"column":12},"end":{"line":27,"column":13}},"type":"if","locations":[{"start":{"line":25,"column":12},"end":{"line":27,"column":13}},{"start":{"line":25,"column":12},"end":{"line":27,"column":13}}],"line":25},"3":{"loc":{"start":{"line":35,"column":58},"end":{"line":35,"column":83}},"type":"if","locations":[{"start":{"line":35,"column":58},"end":{"line":35,"column":83}},{"start":{"line":35,"column":58},"end":{"line":35,"column":83}}],"line":35}},"s":{"0":1,"1":1,"2":1,"3":0,"4":0,"5":0,"6":0,"7":0,"8":0,"9":0,"10":0,"11":0,"12":0,"13":0,"14":0,"15":0,"16":0,"17":0,"18":0,"19":0,"20":0,"21":0,"22":0,"23":0},"f":{"0":0,"1":0,"2":0,"3":0,"4":0},"b":{"0":[0,0],"1":[0,0],"2":[0,0],"3":[0,0]},"_coverageSchema":"1a1c01bbd47fc00a2c39e90264f33305004495a9","hash":"baeb7d5bcbca466d1d0c1acf546908461ef95451"}
,"/Users/stanislavrassokhin/work/rfcx-api/utils/rfcx-audio/audio-transcode.js": {"path":"/Users/stanislavrassokhin/work/rfcx-api/utils/rfcx-audio/audio-transcode.js","statementMap":{"0":{"start":{"line":1,"column":14},"end":{"line":1,"column":33}},"1":{"start":{"line":2,"column":13},"end":{"line":2,"column":37}},"2":{"start":{"line":3,"column":9},"end":{"line":3,"column":22}},"3":{"start":{"line":5,"column":26},"end":{"line":68,"column":1}},"4":{"start":{"line":70,"column":0},"end":{"line":132,"column":1}},"5":{"start":{"line":75,"column":4},"end":{"line":129,"column":6}},"6":{"start":{"line":76,"column":6},"end":{"line":128,"column":7}},"7":{"start":{"line":77,"column":8},"end":{"line":124,"column":10}},"8":{"start":{"line":78,"column":10},"end":{"line":123,"column":11}},"9":{"start":{"line":79,"column":37},"end":{"line":79,"column":139}},"10":{"start":{"line":81,"column":37},"end":{"line":81,"column":87}},"11":{"start":{"line":83,"column":46},"end":{"line":83,"column":145}},"12":{"start":{"line":85,"column":38},"end":{"line":85,"column":40}},"13":{"start":{"line":86,"column":12},"end":{"line":86,"column":109}},"14":{"start":{"line":86,"column":50},"end":{"line":86,"column":107}},"15":{"start":{"line":87,"column":12},"end":{"line":87,"column":112}},"16":{"start":{"line":87,"column":52},"end":{"line":87,"column":110}},"17":{"start":{"line":89,"column":32},"end":{"line":89,"column":34}},"18":{"start":{"line":90,"column":12},"end":{"line":95,"column":13}},"19":{"start":{"line":91,"column":14},"end":{"line":91,"column":92}},"20":{"start":{"line":92,"column":14},"end":{"line":92,"column":87}},"21":{"start":{"line":93,"column":19},"end":{"line":95,"column":13}},"22":{"start":{"line":94,"column":14},"end":{"line":94,"column":88}},"23":{"start":{"line":96,"column":12},"end":{"line":96,"column":89}},"24":{"start":{"line":96,"column":45},"end":{"line":96,"column":87}},"25":{"start":{"line":98,"column":22},"end":{"line":104,"column":60}},"26":{"start":{"line":106,"column":12},"end":{"line":108,"column":13}},"27":{"start":{"line":107,"column":14},"end":{"line":107,"column":62}},"28":{"start":{"line":109,"column":12},"end":{"line":119,"column":16}},"29":{"start":{"line":111,"column":16},"end":{"line":111,"column":112}},"30":{"start":{"line":112,"column":16},"end":{"line":112,"column":27}},"31":{"start":{"line":115,"column":16},"end":{"line":117,"column":17}},"32":{"start":{"line":116,"column":18},"end":{"line":116,"column":99}},"33":{"start":{"line":116,"column":71},"end":{"line":116,"column":96}},"34":{"start":{"line":116,"column":80},"end":{"line":116,"column":94}},"35":{"start":{"line":118,"column":16},"end":{"line":118,"column":43}},"36":{"start":{"line":121,"column":12},"end":{"line":121,"column":59}},"37":{"start":{"line":122,"column":12},"end":{"line":122,"column":31}},"38":{"start":{"line":126,"column":8},"end":{"line":126,"column":80}},"39":{"start":{"line":127,"column":8},"end":{"line":127,"column":30}},"40":{"start":{"line":135,"column":29},"end":{"line":136,"column":3}},"41":{"start":{"line":137,"column":21},"end":{"line":137,"column":61}},"42":{"start":{"line":138,"column":2},"end":{"line":138,"column":126}},"43":{"start":{"line":138,"column":62},"end":{"line":138,"column":124}},"44":{"start":{"line":139,"column":2},"end":{"line":139,"column":21}},"45":{"start":{"line":143,"column":30},"end":{"line":146,"column":3}},"46":{"start":{"line":147,"column":22},"end":{"line":147,"column":63}},"47":{"start":{"line":149,"column":2},"end":{"line":153,"column":3}},"48":{"start":{"line":150,"column":4},"end":{"line":150,"column":157}},"49":{"start":{"line":150,"column":78},"end":{"line":150,"column":155}},"50":{"start":{"line":152,"column":4},"end":{"line":152,"column":131}},"51":{"start":{"line":152,"column":65},"end":{"line":152,"column":129}},"52":{"start":{"line":154,"column":2},"end":{"line":154,"column":22}}},"fnMap":{"0":{"name":"(anonymous_0)","decl":{"start":{"line":74,"column":19},"end":{"line":74,"column":20}},"loc":{"start":{"line":74,"column":55},"end":{"line":130,"column":3}},"line":74},"1":{"name":"(anonymous_1)","decl":{"start":{"line":75,"column":23},"end":{"line":75,"column":24}},"loc":{"start":{"line":75,"column":50},"end":{"line":129,"column":5}},"line":75},"2":{"name":"(anonymous_2)","decl":{"start":{"line":77,"column":44},"end":{"line":77,"column":45}},"loc":{"start":{"line":77,"column":73},"end":{"line":124,"column":9}},"line":77},"3":{"name":"(anonymous_3)","decl":{"start":{"line":110,"column":27},"end":{"line":110,"column":28}},"loc":{"start":{"line":110,"column":58},"end":{"line":113,"column":15}},"line":110},"4":{"name":"(anonymous_4)","decl":{"start":{"line":114,"column":25},"end":{"line":114,"column":26}},"loc":{"start":{"line":114,"column":37},"end":{"line":119,"column":15}},"line":114},"5":{"name":"(anonymous_5)","decl":{"start":{"line":116,"column":56},"end":{"line":116,"column":57}},"loc":{"start":{"line":116,"column":69},"end":{"line":116,"column":98}},"line":116},"6":{"name":"getInputOptions","decl":{"start":{"line":134,"column":9},"end":{"line":134,"column":24}},"loc":{"start":{"line":134,"column":46},"end":{"line":140,"column":1}},"line":134},"7":{"name":"getOutputOptions","decl":{"start":{"line":142,"column":9},"end":{"line":142,"column":25}},"loc":{"start":{"line":142,"column":61},"end":{"line":155,"column":1}},"line":142}},"branchMap":{"0":{"loc":{"start":{"line":78,"column":10},"end":{"line":123,"column":11}},"type":"if","locations":[{"start":{"line":78,"column":10},"end":{"line":123,"column":11}},{"start":{"line":78,"column":10},"end":{"line":123,"column":11}}],"line":78},"1":{"loc":{"start":{"line":83,"column":46},"end":{"line":83,"column":145}},"type":"cond-expr","locations":[{"start":{"line":83,"column":98},"end":{"line":83,"column":103}},{"start":{"line":83,"column":106},"end":{"line":83,"column":145}}],"line":83},"2":{"loc":{"start":{"line":86,"column":12},"end":{"line":86,"column":109}},"type":"if","locations":[{"start":{"line":86,"column":12},"end":{"line":86,"column":109}},{"start":{"line":86,"column":12},"end":{"line":86,"column":109}}],"line":86},"3":{"loc":{"start":{"line":87,"column":12},"end":{"line":87,"column":112}},"type":"if","locations":[{"start":{"line":87,"column":12},"end":{"line":87,"column":112}},{"start":{"line":87,"column":12},"end":{"line":87,"column":112}}],"line":87},"4":{"loc":{"start":{"line":90,"column":12},"end":{"line":95,"column":13}},"type":"if","locations":[{"start":{"line":90,"column":12},"end":{"line":95,"column":13}},{"start":{"line":90,"column":12},"end":{"line":95,"column":13}}],"line":90},"5":{"loc":{"start":{"line":93,"column":19},"end":{"line":95,"column":13}},"type":"if","locations":[{"start":{"line":93,"column":19},"end":{"line":95,"column":13}},{"start":{"line":93,"column":19},"end":{"line":95,"column":13}}],"line":93},"6":{"loc":{"start":{"line":103,"column":26},"end":{"line":103,"column":105}},"type":"cond-expr","locations":[{"start":{"line":103,"column":58},"end":{"line":103,"column":64}},{"start":{"line":103,"column":67},"end":{"line":103,"column":105}}],"line":103},"7":{"loc":{"start":{"line":104,"column":29},"end":{"line":104,"column":59}},"type":"cond-expr","locations":[{"start":{"line":104,"column":54},"end":{"line":104,"column":55}},{"start":{"line":104,"column":58},"end":{"line":104,"column":59}}],"line":104},"8":{"loc":{"start":{"line":106,"column":12},"end":{"line":108,"column":13}},"type":"if","locations":[{"start":{"line":106,"column":12},"end":{"line":108,"column":13}},{"start":{"line":106,"column":12},"end":{"line":108,"column":13}}],"line":106},"9":{"loc":{"start":{"line":115,"column":16},"end":{"line":117,"column":17}},"type":"if","locations":[{"start":{"line":115,"column":16},"end":{"line":117,"column":17}},{"start":{"line":115,"column":16},"end":{"line":117,"column":17}}],"line":115},"10":{"loc":{"start":{"line":116,"column":71},"end":{"line":116,"column":96}},"type":"if","locations":[{"start":{"line":116,"column":71},"end":{"line":116,"column":96}},{"start":{"line":116,"column":71},"end":{"line":116,"column":96}}],"line":116},"11":{"loc":{"start":{"line":137,"column":21},"end":{"line":137,"column":61}},"type":"cond-expr","locations":[{"start":{"line":137,"column":36},"end":{"line":137,"column":56}},{"start":{"line":137,"column":59},"end":{"line":137,"column":61}}],"line":137},"12":{"loc":{"start":{"line":147,"column":22},"end":{"line":147,"column":63}},"type":"cond-expr","locations":[{"start":{"line":147,"column":37},"end":{"line":147,"column":58}},{"start":{"line":147,"column":61},"end":{"line":147,"column":63}}],"line":147},"13":{"loc":{"start":{"line":149,"column":2},"end":{"line":153,"column":3}},"type":"if","locations":[{"start":{"line":149,"column":2},"end":{"line":153,"column":3}},{"start":{"line":149,"column":2},"end":{"line":153,"column":3}}],"line":149}},"s":{"0":1,"1":1,"2":1,"3":1,"4":1,"5":0,"6":0,"7":0,"8":0,"9":0,"10":0,"11":0,"12":0,"13":0,"14":0,"15":0,"16":0,"17":0,"18":0,"19":0,"20":0,"21":0,"22":0,"23":0,"24":0,"25":0,"26":0,"27":0,"28":0,"29":0,"30":0,"31":0,"32":0,"33":0,"34":0,"35":0,"36":0,"37":0,"38":0,"39":0,"40":0,"41":0,"42":0,"43":0,"44":0,"45":0,"46":0,"47":0,"48":0,"49":0,"50":0,"51":0,"52":0},"f":{"0":0,"1":0,"2":0,"3":0,"4":0,"5":0,"6":0,"7":0},"b":{"0":[0,0],"1":[0,0],"2":[0,0],"3":[0,0],"4":[0,0],"5":[0,0],"6":[0,0],"7":[0,0],"8":[0,0],"9":[0,0],"10":[0,0],"11":[0,0],"12":[0,0],"13":[0,0]},"_coverageSchema":"1a1c01bbd47fc00a2c39e90264f33305004495a9","hash":"ed24c54d6e84fb7394bb4f4fd924576be73fd0a9"}
,"/Users/stanislavrassokhin/work/rfcx-api/utils/rfcx-audio/index.js": {"path":"/Users/stanislavrassokhin/work/rfcx-api/utils/rfcx-audio/index.js","statementMap":{"0":{"start":{"line":3,"column":9},"end":{"line":3,"column":22}},"1":{"start":{"line":4,"column":11},"end":{"line":4,"column":26}},"2":{"start":{"line":5,"column":14},"end":{"line":5,"column":16}},"3":{"start":{"line":7,"column":0},"end":{"line":11,"column":2}},"4":{"start":{"line":8,"column":2},"end":{"line":8,"column":117}},"5":{"start":{"line":10,"column":2},"end":{"line":10,"column":46}},"6":{"start":{"line":14,"column":0},"end":{"line":22,"column":2}},"7":{"start":{"line":15,"column":2},"end":{"line":15,"column":91}},"8":{"start":{"line":17,"column":2},"end":{"line":21,"column":4}},"9":{"start":{"line":18,"column":4},"end":{"line":18,"column":110}},"10":{"start":{"line":20,"column":4},"end":{"line":20,"column":59}},"11":{"start":{"line":25,"column":0},"end":{"line":37,"column":2}},"12":{"start":{"line":26,"column":2},"end":{"line":26,"column":91}},"13":{"start":{"line":28,"column":2},"end":{"line":36,"column":4}},"14":{"start":{"line":29,"column":4},"end":{"line":29,"column":109}},"15":{"start":{"line":31,"column":4},"end":{"line":35,"column":6}},"16":{"start":{"line":32,"column":6},"end":{"line":32,"column":129}},"17":{"start":{"line":34,"column":6},"end":{"line":34,"column":75}},"18":{"start":{"line":39,"column":0},"end":{"line":39,"column":24}},"19":{"start":{"line":42,"column":19},"end":{"line":42,"column":36}},"20":{"start":{"line":43,"column":2},"end":{"line":48,"column":4}},"21":{"start":{"line":44,"column":4},"end":{"line":44,"column":59}},"22":{"start":{"line":44,"column":36},"end":{"line":44,"column":57}},"23":{"start":{"line":45,"column":4},"end":{"line":47,"column":6}},"24":{"start":{"line":46,"column":6},"end":{"line":46,"column":66}}},"fnMap":{"0":{"name":"(anonymous_0)","decl":{"start":{"line":7,"column":33},"end":{"line":7,"column":34}},"loc":{"start":{"line":7,"column":49},"end":{"line":9,"column":1}},"line":7},"1":{"name":"(anonymous_1)","decl":{"start":{"line":9,"column":11},"end":{"line":9,"column":12}},"loc":{"start":{"line":9,"column":27},"end":{"line":11,"column":1}},"line":9},"2":{"name":"(anonymous_2)","decl":{"start":{"line":14,"column":33},"end":{"line":14,"column":34}},"loc":{"start":{"line":14,"column":49},"end":{"line":16,"column":1}},"line":14},"3":{"name":"(anonymous_3)","decl":{"start":{"line":16,"column":11},"end":{"line":16,"column":12}},"loc":{"start":{"line":16,"column":27},"end":{"line":22,"column":1}},"line":16},"4":{"name":"(anonymous_4)","decl":{"start":{"line":17,"column":52},"end":{"line":17,"column":53}},"loc":{"start":{"line":17,"column":73},"end":{"line":19,"column":3}},"line":17},"5":{"name":"(anonymous_5)","decl":{"start":{"line":19,"column":13},"end":{"line":19,"column":14}},"loc":{"start":{"line":19,"column":34},"end":{"line":21,"column":3}},"line":19},"6":{"name":"(anonymous_6)","decl":{"start":{"line":25,"column":33},"end":{"line":25,"column":34}},"loc":{"start":{"line":25,"column":49},"end":{"line":27,"column":1}},"line":25},"7":{"name":"(anonymous_7)","decl":{"start":{"line":27,"column":11},"end":{"line":27,"column":12}},"loc":{"start":{"line":27,"column":27},"end":{"line":37,"column":1}},"line":27},"8":{"name":"(anonymous_8)","decl":{"start":{"line":28,"column":52},"end":{"line":28,"column":53}},"loc":{"start":{"line":28,"column":73},"end":{"line":30,"column":3}},"line":28},"9":{"name":"(anonymous_9)","decl":{"start":{"line":30,"column":13},"end":{"line":30,"column":14}},"loc":{"start":{"line":30,"column":34},"end":{"line":36,"column":3}},"line":30},"10":{"name":"(anonymous_10)","decl":{"start":{"line":31,"column":65},"end":{"line":31,"column":66}},"loc":{"start":{"line":31,"column":89},"end":{"line":33,"column":5}},"line":31},"11":{"name":"(anonymous_11)","decl":{"start":{"line":33,"column":15},"end":{"line":33,"column":16}},"loc":{"start":{"line":33,"column":39},"end":{"line":35,"column":5}},"line":33},"12":{"name":"importHelperFile","decl":{"start":{"line":41,"column":9},"end":{"line":41,"column":25}},"loc":{"start":{"line":41,"column":37},"end":{"line":49,"column":1}},"line":41},"13":{"name":"(anonymous_13)","decl":{"start":{"line":43,"column":34},"end":{"line":43,"column":35}},"loc":{"start":{"line":43,"column":53},"end":{"line":48,"column":3}},"line":43},"14":{"name":"(anonymous_14)","decl":{"start":{"line":45,"column":45},"end":{"line":45,"column":46}},"loc":{"start":{"line":45,"column":66},"end":{"line":47,"column":5}},"line":45}},"branchMap":{"0":{"loc":{"start":{"line":8,"column":9},"end":{"line":8,"column":117}},"type":"binary-expr","locations":[{"start":{"line":8,"column":10},"end":{"line":8,"column":33}},{"start":{"line":8,"column":39},"end":{"line":8,"column":58}},{"start":{"line":8,"column":63},"end":{"line":8,"column":117}}],"line":8},"1":{"loc":{"start":{"line":15,"column":9},"end":{"line":15,"column":91}},"type":"binary-expr","locations":[{"start":{"line":15,"column":10},"end":{"line":15,"column":33}},{"start":{"line":15,"column":38},"end":{"line":15,"column":91}}],"line":15},"2":{"loc":{"start":{"line":18,"column":11},"end":{"line":18,"column":110}},"type":"binary-expr","locations":[{"start":{"line":18,"column":12},"end":{"line":18,"column":40}},{"start":{"line":18,"column":45},"end":{"line":18,"column":110}}],"line":18},"3":{"loc":{"start":{"line":26,"column":9},"end":{"line":26,"column":91}},"type":"binary-expr","locations":[{"start":{"line":26,"column":10},"end":{"line":26,"column":33}},{"start":{"line":26,"column":38},"end":{"line":26,"column":91}}],"line":26},"4":{"loc":{"start":{"line":29,"column":11},"end":{"line":29,"column":109}},"type":"binary-expr","locations":[{"start":{"line":29,"column":12},"end":{"line":29,"column":40}},{"start":{"line":29,"column":45},"end":{"line":29,"column":109}}],"line":29},"5":{"loc":{"start":{"line":32,"column":13},"end":{"line":32,"column":129}},"type":"binary-expr","locations":[{"start":{"line":32,"column":14},"end":{"line":32,"column":45}},{"start":{"line":32,"column":50},"end":{"line":32,"column":129}}],"line":32},"6":{"loc":{"start":{"line":44,"column":4},"end":{"line":44,"column":59}},"type":"if","locations":[{"start":{"line":44,"column":4},"end":{"line":44,"column":59}},{"start":{"line":44,"column":4},"end":{"line":44,"column":59}}],"line":44}},"s":{"0":1,"1":1,"2":1,"3":1,"4":4,"5":3,"6":1,"7":4,"8":0,"9":0,"10":0,"11":1,"12":4,"13":0,"14":0,"15":0,"16":0,"17":0,"18":1,"19":3,"20":3,"21":3,"22":1,"23":3,"24":4},"f":{"0":4,"1":3,"2":4,"3":0,"4":0,"5":0,"6":4,"7":0,"8":0,"9":0,"10":0,"11":0,"12":3,"13":3,"14":4},"b":{"0":[4,4,3],"1":[4,4],"2":[0,0],"3":[4,4],"4":[0,0],"5":[0,0],"6":[1,2]},"_coverageSchema":"1a1c01bbd47fc00a2c39e90264f33305004495a9","hash":"8af30de33547029fadbd1c7c0e04a319457db403"}
,"/Users/stanislavrassokhin/work/rfcx-api/utils/sequelize/index.js": {"path":"/Users/stanislavrassokhin/work/rfcx-api/utils/sequelize/index.js","statementMap":{"0":{"start":{"line":2,"column":2},"end":{"line":5,"column":6}},"1":{"start":{"line":4,"column":6},"end":{"line":4,"column":17}},"2":{"start":{"line":8,"column":0},"end":{"line":10,"column":1}}},"fnMap":{"0":{"name":"findOrCreateItem","decl":{"start":{"line":1,"column":9},"end":{"line":1,"column":25}},"loc":{"start":{"line":1,"column":51},"end":{"line":6,"column":1}},"line":1},"1":{"name":"(anonymous_1)","decl":{"start":{"line":3,"column":12},"end":{"line":3,"column":13}},"loc":{"start":{"line":3,"column":31},"end":{"line":5,"column":5}},"line":3}},"branchMap":{},"s":{"0":0,"1":0,"2":2},"f":{"0":0,"1":0},"b":{},"_coverageSchema":"1a1c01bbd47fc00a2c39e90264f33305004495a9","hash":"2dc72e85bed70d4aeb436ae073375731bf741d8f"}
}
