TN:
SF:middleware/authorization/authorization.js
FN:9,requireTokenType
FN:11,(anonymous_1)
FN:28,hasRole
FN:30,(anonymous_3)
FN:34,(anonymous_4)
FN:47,authenticatedWithRoles
FN:54,authenticate
FN:63,isRFCxUser
FN:64,(anonymous_8)
FNF:9
FNH:3
FNDA:0,requireTokenType
FNDA:0,(anonymous_1)
FNDA:5,hasRole
FNDA:5,(anonymous_3)
FNDA:6,(anonymous_4)
FNDA:0,authenticatedWithRoles
FNDA:0,authenticate
FNDA:0,isRFCxUser
FNDA:0,(anonymous_8)
DA:1,1
DA:2,1
DA:3,1
DA:4,1
DA:5,1
DA:6,1
DA:11,0
DA:12,0
DA:13,0
DA:14,0
DA:16,0
DA:29,5
DA:30,5
DA:31,5
DA:32,5
DA:33,5
DA:34,5
DA:35,6
DA:37,5
DA:48,0
DA:55,0
DA:64,0
DA:66,0
DA:67,0
DA:71,1
LF:25
LH:15
BRDA:12,0,0,0
BRDA:12,0,1,0
BRDA:29,1,0,5
BRDA:29,1,1,0
BRDA:31,2,0,0
BRDA:31,2,1,5
BRDA:31,3,0,5
BRDA:31,3,1,5
BRDA:32,4,0,0
BRDA:32,4,1,5
BRDA:37,5,0,3
BRDA:37,5,1,2
BRDA:66,6,0,0
BRDA:66,6,1,0
BRDA:66,7,0,0
BRDA:66,7,1,0
BRF:16
BRH:7
end_of_record
TN:
SF:middleware/passport-jwt/index.js
FN:29,combineUserData
FN:39,checkDBUser
FN:70,(anonymous_2)
FN:78,(anonymous_3)
FN:83,jwtCallback
FNF:5
FNH:0
FNDA:0,combineUserData
FNDA:0,checkDBUser
FNDA:0,(anonymous_2)
FNDA:0,(anonymous_3)
FNDA:0,jwtCallback
DA:1,1
DA:2,1
DA:3,1
DA:4,1
DA:5,1
DA:6,1
DA:7,1
DA:9,1
DA:11,1
DA:18,1
DA:26,1
DA:27,1
DA:30,0
DA:40,0
DA:41,0
DA:43,0
DA:44,0
DA:45,0
DA:46,0
DA:47,0
DA:51,0
DA:52,0
DA:55,0
DA:71,0
DA:72,0
DA:73,0
DA:75,0
DA:76,0
DA:79,0
DA:84,0
DA:85,0
DA:88,1
DA:89,1
DA:91,1
LF:34
LH:15
BRDA:41,0,0,0
BRDA:41,0,1,0
BRDA:41,1,0,0
BRDA:41,1,1,0
BRDA:43,2,0,0
BRDA:43,2,1,0
BRDA:43,3,0,0
BRDA:43,3,1,0
BRDA:51,4,0,0
BRDA:51,4,1,0
BRDA:51,5,0,0
BRDA:51,5,1,0
BRDA:58,6,0,0
BRDA:58,6,1,0
BRDA:58,7,0,0
BRDA:58,7,1,0
BRDA:63,8,0,0
BRDA:63,8,1,0
BRDA:63,9,0,0
BRDA:63,9,1,0
BRDA:65,10,0,0
BRDA:65,10,1,0
BRDA:65,11,0,0
BRDA:65,11,1,0
BRDA:66,12,0,0
BRDA:66,12,1,0
BRDA:66,13,0,0
BRDA:66,13,1,0
BRDA:72,14,0,0
BRDA:72,14,1,0
BRF:30
BRH:0
end_of_record
TN:
SF:middleware/passport-token/auth-as-guardian.js
FN:6,(anonymous_0)
FN:17,(anonymous_1)
FN:38,(anonymous_2)
FNF:3
FNH:0
FNDA:0,(anonymous_0)
FNDA:0,(anonymous_1)
FNDA:0,(anonymous_2)
DA:1,1
DA:2,1
DA:3,1
DA:4,1
DA:6,1
DA:7,0
DA:14,0
DA:18,0
DA:19,0
DA:20,0
DA:21,0
DA:24,0
DA:32,0
DA:33,0
DA:35,0
DA:36,0
DA:39,0
DA:40,0
LF:18
LH:5
BRDA:19,0,0,0
BRDA:19,0,1,0
BRDA:21,1,0,0
BRDA:21,1,1,0
BRDA:21,2,0,0
BRDA:21,2,1,0
BRDA:32,3,0,0
BRDA:32,3,1,0
BRF:8
BRH:0
end_of_record
TN:
SF:middleware/passport-token/auth-as-user.js
FN:6,(anonymous_0)
FN:14,(anonymous_1)
FN:24,(anonymous_2)
FN:27,(anonymous_3)
FN:54,(anonymous_4)
FNF:5
FNH:0
FNDA:0,(anonymous_0)
FNDA:0,(anonymous_1)
FNDA:0,(anonymous_2)
FNDA:0,(anonymous_3)
FNDA:0,(anonymous_4)
DA:1,1
DA:2,1
DA:3,1
DA:4,1
DA:6,1
DA:10,0
DA:15,0
DA:16,0
DA:17,0
DA:19,0
DA:20,0
DA:21,0
DA:22,0
DA:25,0
DA:28,0
DA:30,0
DA:33,0
DA:42,0
DA:43,0
DA:45,0
DA:46,0
DA:51,0
DA:52,0
DA:53,0
DA:55,0
DA:56,0
DA:57,0
LF:27
LH:5
BRDA:15,0,0,0
BRDA:15,0,1,0
BRDA:20,1,0,0
BRDA:20,1,1,0
BRDA:21,2,0,0
BRDA:21,2,1,0
BRDA:30,3,0,0
BRDA:30,3,1,0
BRDA:30,4,0,0
BRDA:30,4,1,0
BRDA:30,4,2,0
BRDA:42,5,0,0
BRDA:42,5,1,0
BRF:13
BRH:0
end_of_record
TN:
SF:middleware/passport-token/auth-with-anonymous-token.js
FN:6,(anonymous_0)
FN:12,(anonymous_1)
FN:16,(anonymous_2)
FN:18,(anonymous_3)
FN:42,(anonymous_4)
FNF:5
FNH:0
FNDA:0,(anonymous_0)
FNDA:0,(anonymous_1)
FNDA:0,(anonymous_2)
FNDA:0,(anonymous_3)
FNDA:0,(anonymous_4)
DA:1,1
DA:2,1
DA:3,1
DA:4,1
DA:6,1
DA:7,0
DA:13,0
DA:14,0
DA:15,0
DA:16,0
DA:17,0
DA:19,0
DA:20,0
DA:22,0
DA:27,0
DA:35,0
DA:37,0
DA:39,0
DA:40,0
DA:43,0
DA:44,0
LF:21
LH:5
BRDA:13,0,0,0
BRDA:13,0,1,0
BRDA:15,1,0,0
BRDA:15,1,1,0
BRDA:22,2,0,0
BRDA:22,2,1,0
BRDA:22,3,0,0
BRDA:22,3,1,0
BRDA:22,3,2,0
BRDA:35,4,0,0
BRDA:35,4,1,0
BRF:11
BRH:0
end_of_record
TN:
SF:middleware/passport-token/auth-with-registration-token.js
FN:5,(anonymous_0)
FN:16,(anonymous_1)
FN:20,(anonymous_2)
FN:22,(anonymous_3)
FN:50,(anonymous_4)
FNF:5
FNH:0
FNDA:0,(anonymous_0)
FNDA:0,(anonymous_1)
FNDA:0,(anonymous_2)
FNDA:0,(anonymous_3)
FNDA:0,(anonymous_4)
DA:1,1
DA:2,1
DA:3,1
DA:5,1
DA:8,0
DA:9,0
DA:11,0
DA:17,0
DA:18,0
DA:19,0
DA:20,0
DA:21,0
DA:23,0
DA:24,0
DA:26,0
DA:27,0
DA:28,0
DA:33,0
DA:41,0
DA:43,0
DA:45,0
DA:47,0
DA:48,0
DA:51,0
DA:52,0
LF:25
LH:4
BRDA:17,0,0,0
BRDA:17,0,1,0
BRDA:19,1,0,0
BRDA:19,1,1,0
BRDA:26,2,0,0
BRDA:26,2,1,0
BRDA:28,3,0,0
BRDA:28,3,1,0
BRDA:28,4,0,0
BRDA:28,4,1,0
BRDA:28,4,2,0
BRF:11
BRH:0
end_of_record
TN:
SF:middleware/passport-token/index.js
FN:18,(anonymous_0)
FNF:1
FNH:0
FNDA:0,(anonymous_0)
DA:1,1
DA:3,1
DA:10,1
DA:21,0
DA:22,0
DA:23,0
DA:24,0
DA:25,0
DA:26,0
DA:27,0
DA:28,0
DA:29,0
DA:33,0
DA:35,0
DA:37,0
DA:40,0
DA:43,0
DA:46,0
LF:18
LH:3
BRDA:23,0,0,0
BRDA:23,0,1,0
BRDA:23,1,0,0
BRDA:23,1,1,0
BRDA:27,2,0,0
BRDA:27,2,1,0
BRDA:33,3,0,0
BRDA:33,3,1,0
BRDA:33,3,2,0
BRDA:33,3,3,0
BRDA:33,3,4,0
BRF:11
BRH:0
end_of_record
TN:
SF:models/adopt-protect-donation.js
FN:3,(anonymous_0)
FNF:1
FNH:1
FNDA:1,(anonymous_0)
DA:3,1
DA:4,1
DA:78,1
LF:3
LH:3
BRF:0
BRH:0
end_of_record
TN:
SF:models/device.js
FN:3,(anonymous_0)
FNF:1
FNH:1
FNDA:1,(anonymous_0)
DA:3,1
DA:4,1
DA:19,1
LF:3
LH:3
BRF:0
BRH:0
end_of_record
TN:
SF:models/guardian-audio-upload.js
FN:3,(anonymous_0)
FNF:1
FNH:1
FNDA:1,(anonymous_0)
DA:3,1
DA:4,1
DA:31,1
LF:3
LH:3
BRF:0
BRH:0
end_of_record
TN:
SF:models/guardian-checkin.js
FN:3,(anonymous_0)
FNF:1
FNH:1
FNDA:1,(anonymous_0)
DA:3,1
DA:4,1
DA:61,1
LF:3
LH:3
BRF:0
BRH:0
end_of_record
TN:
SF:models/guardian-group-event-type-relation.js
FN:3,(anonymous_0)
FNF:1
FNH:1
FNDA:1,(anonymous_0)
DA:3,1
DA:4,1
DA:8,1
LF:3
LH:3
BRF:0
BRH:0
end_of_record
TN:
SF:models/guardian-group-event-value-relation.js
FN:3,(anonymous_0)
FNF:1
FNH:1
FNDA:1,(anonymous_0)
DA:3,1
DA:4,1
DA:8,1
LF:3
LH:3
BRF:0
BRH:0
end_of_record
TN:
SF:models/guardian-group-relation.js
FN:3,(anonymous_0)
FNF:1
FNH:1
FNDA:1,(anonymous_0)
DA:3,1
DA:4,1
DA:8,1
LF:3
LH:3
BRF:0
BRH:0
end_of_record
TN:
SF:models/guardian-group.js
FN:3,(anonymous_0)
FNF:1
FNH:1
FNDA:1,(anonymous_0)
DA:3,1
DA:4,1
DA:42,1
LF:3
LH:3
BRF:0
BRH:0
end_of_record
TN:
SF:models/guardian-site.js
FN:3,(anonymous_0)
FNF:1
FNH:1
FNDA:1,(anonymous_0)
DA:3,1
DA:4,1
DA:111,1
LF:3
LH:3
BRF:0
BRH:0
end_of_record
TN:
SF:models/guardian.js
FN:3,(anonymous_0)
FNF:1
FNH:1
FNDA:1,(anonymous_0)
DA:3,1
DA:4,1
DA:177,1
LF:3
LH:3
BRF:0
BRH:0
end_of_record
TN:
SF:models/health-check.js
FN:3,(anonymous_0)
FNF:1
FNH:1
FNDA:1,(anonymous_0)
DA:3,1
DA:4,1
DA:9,1
LF:3
LH:3
BRF:0
BRH:0
end_of_record
TN:
SF:models/index.js
FN:23,(anonymous_0)
FN:26,(anonymous_1)
FN:32,(anonymous_2)
FN:43,(anonymous_3)
FN:45,(anonymous_4)
FN:48,(anonymous_5)
FN:50,(anonymous_6)
FN:51,(anonymous_7)
FN:53,(anonymous_8)
FN:56,(anonymous_9)
FN:70,importSequelizeModelFile
FNF:11
FNH:8
FNDA:0,(anonymous_0)
FNDA:0,(anonymous_1)
FNDA:0,(anonymous_2)
FNDA:31,(anonymous_3)
FNDA:16,(anonymous_4)
FNDA:31,(anonymous_5)
FNDA:13,(anonymous_6)
FNDA:72,(anonymous_7)
FNDA:72,(anonymous_8)
FNDA:88,(anonymous_9)
FNDA:88,importSequelizeModelFile
DA:3,1
DA:4,1
DA:5,1
DA:6,1
DA:7,1
DA:9,1
DA:24,0
DA:27,0
DA:31,1
DA:32,0
DA:33,0
DA:37,1
DA:38,1
DA:40,1
DA:43,1
DA:44,31
DA:45,16
DA:48,1
DA:49,31
DA:51,13
DA:52,72
DA:53,72
DA:56,1
DA:57,88
DA:58,0
DA:62,1
DA:64,1
DA:65,1
DA:66,1
DA:68,1
DA:71,88
DA:72,88
LF:32
LH:27
BRDA:7,0,0,1
BRDA:7,0,1,0
BRDA:31,1,0,0
BRDA:31,1,1,1
BRDA:44,2,0,31
BRDA:44,2,1,31
BRDA:44,2,2,30
BRDA:44,2,3,29
BRDA:49,3,0,31
BRDA:49,3,1,31
BRDA:57,4,0,0
BRDA:57,4,1,88
BRF:12
BRH:9
end_of_record
TN:
SF:models/language.js
FN:3,(anonymous_0)
FNF:1
FNH:1
FNDA:1,(anonymous_0)
DA:3,1
DA:4,1
DA:25,1
LF:3
LH:3
BRF:0
BRH:0
end_of_record
TN:
SF:models/relationships.js
FN:1,defineRelationships
FNF:1
FNH:1
FNDA:1,defineRelationships
DA:2,1
DA:3,1
DA:4,1
DA:6,1
DA:7,1
DA:8,1
DA:10,1
DA:11,1
DA:13,1
DA:14,1
DA:16,1
DA:17,1
DA:19,1
DA:20,1
DA:21,1
DA:22,1
DA:24,1
DA:25,1
DA:27,1
DA:28,1
DA:30,1
DA:31,1
DA:32,1
DA:34,1
DA:36,1
DA:38,1
DA:40,1
DA:41,1
DA:43,1
DA:44,1
DA:45,1
DA:46,1
DA:47,1
DA:48,1
DA:49,1
DA:51,1
DA:52,1
DA:54,1
DA:55,1
DA:56,1
DA:58,1
DA:59,1
DA:60,1
DA:61,1
DA:62,1
DA:63,1
DA:65,1
DA:66,1
DA:67,1
DA:68,1
DA:69,1
DA:71,1
DA:72,1
DA:73,1
DA:74,1
DA:75,1
DA:76,1
DA:77,1
DA:78,1
DA:79,1
DA:80,1
DA:81,1
DA:82,1
DA:83,1
DA:84,1
DA:85,1
DA:86,1
DA:87,1
DA:88,1
DA:89,1
DA:90,1
DA:91,1
DA:92,1
DA:93,1
DA:94,1
DA:95,1
DA:96,1
DA:97,1
DA:98,1
DA:99,1
DA:100,1
DA:101,1
DA:102,1
DA:103,1
DA:104,1
DA:106,1
DA:107,1
DA:108,1
DA:110,1
DA:111,1
DA:112,1
DA:114,1
DA:116,1
DA:118,1
DA:120,1
DA:121,1
DA:122,1
DA:123,1
DA:125,1
DA:127,1
DA:129,1
DA:131,1
DA:132,1
DA:133,1
DA:134,1
DA:135,1
DA:136,1
DA:137,1
DA:138,1
DA:139,1
DA:140,1
DA:141,1
DA:142,1
DA:143,1
DA:144,1
DA:145,1
DA:146,1
DA:147,1
DA:148,1
DA:150,1
DA:151,1
DA:152,1
DA:153,1
DA:154,1
DA:156,1
DA:157,1
DA:158,1
DA:159,1
DA:160,1
DA:161,1
DA:162,1
DA:164,1
DA:165,1
DA:166,1
DA:168,1
DA:169,1
DA:170,1
DA:171,1
DA:174,1
LF:139
LH:139
BRF:0
BRH:0
end_of_record
TN:
SF:models/report-attachment-relation.js
FN:3,(anonymous_0)
FNF:1
FNH:1
FNDA:1,(anonymous_0)
DA:3,1
DA:4,1
DA:8,1
LF:3
LH:3
BRF:0
BRH:0
end_of_record
TN:
SF:models/report.js
FN:3,(anonymous_0)
FNF:1
FNH:1
FNDA:1,(anonymous_0)
DA:3,1
DA:4,1
DA:94,1
LF:3
LH:3
BRF:0
BRH:0
end_of_record
TN:
SF:models/shortlink.js
FN:3,(anonymous_0)
FNF:1
FNH:1
FNDA:1,(anonymous_0)
DA:3,1
DA:4,1
DA:34,1
LF:3
LH:3
BRF:0
BRH:0
end_of_record
TN:
SF:models/source-type.js
FN:3,(anonymous_0)
FNF:1
FNH:1
FNDA:1,(anonymous_0)
DA:3,1
DA:4,1
DA:17,1
LF:3
LH:3
BRF:0
BRH:0
end_of_record
TN:
SF:models/attachment/attachment-type.js
FN:3,(anonymous_0)
FNF:1
FNH:1
FNDA:1,(anonymous_0)
DA:3,1
DA:4,1
DA:14,1
LF:3
LH:3
BRF:0
BRH:0
end_of_record
TN:
SF:models/attachment/attachment.js
FN:3,(anonymous_0)
FNF:1
FNH:1
FNDA:1,(anonymous_0)
DA:3,1
DA:4,1
DA:30,1
LF:3
LH:3
BRF:0
BRH:0
end_of_record
TN:
SF:models/audio-analysis/audio-analysis-entry.js
FN:3,(anonymous_0)
FNF:1
FNH:1
FNDA:1,(anonymous_0)
DA:3,1
DA:4,1
DA:10,1
LF:3
LH:3
BRF:0
BRH:0
end_of_record
TN:
SF:models/audio-analysis/audio-analysis-log.js
FN:3,(anonymous_0)
FNF:1
FNH:1
FNDA:1,(anonymous_0)
DA:3,1
DA:4,1
DA:53,1
LF:3
LH:3
BRF:0
BRH:0
end_of_record
TN:
SF:models/audio-analysis/audio-analysis-model.js
FN:3,(anonymous_0)
FNF:1
FNH:1
FNDA:1,(anonymous_0)
DA:3,1
DA:4,1
DA:112,1
LF:3
LH:3
BRF:0
BRH:0
end_of_record
TN:
SF:models/audio-analysis/audio-analysis-state.js
FN:3,(anonymous_0)
FNF:1
FNH:1
FNDA:1,(anonymous_0)
DA:3,1
DA:4,1
DA:24,1
LF:3
LH:3
BRF:0
BRH:0
end_of_record
TN:
SF:models/audio-analysis/audio-analysis-training-set.js
FN:3,(anonymous_0)
FNF:1
FNH:1
FNDA:1,(anonymous_0)
DA:3,1
DA:4,1
DA:28,1
LF:3
LH:3
BRF:0
BRH:0
end_of_record
TN:
SF:models/classification/classification-source.js
FN:3,(anonymous_0)
FNF:1
FNH:1
FNDA:1,(anonymous_0)
DA:3,1
DA:4,1
DA:17,1
LF:3
LH:3
BRF:0
BRH:0
end_of_record
TN:
SF:models/classification/classification-type.js
FN:3,(anonymous_0)
FNF:1
FNH:1
FNDA:1,(anonymous_0)
DA:3,1
DA:4,1
DA:17,1
LF:3
LH:3
BRF:0
BRH:0
end_of_record
TN:
SF:models/classification/classification.js
FN:3,(anonymous_0)
FNF:1
FNH:1
FNDA:1,(anonymous_0)
DA:3,1
DA:4,1
DA:39,1
LF:3
LH:3
BRF:0
BRH:0
end_of_record
TN:
SF:models/classification/species-name.js
FN:3,(anonymous_0)
FNF:1
FNH:1
FNDA:1,(anonymous_0)
DA:3,1
DA:4,1
DA:22,1
LF:3
LH:3
BRF:0
BRH:0
end_of_record
TN:
SF:models/contact-message/contact-message.js
FN:3,(anonymous_0)
FNF:1
FNH:1
FNDA:1,(anonymous_0)
DA:3,1
DA:4,1
DA:23,1
LF:3
LH:3
BRF:0
BRH:0
end_of_record
TN:
SF:models/filter-preset/filter-preset.js
FN:3,(anonymous_0)
FNF:1
FNH:1
FNDA:1,(anonymous_0)
DA:3,1
DA:4,1
DA:35,1
LF:3
LH:3
BRF:0
BRH:0
end_of_record
TN:
SF:models/guardian-audio/guardian-audio-box.js
FN:3,(anonymous_0)
FNF:1
FNH:1
FNDA:1,(anonymous_0)
DA:3,1
DA:4,1
DA:59,1
LF:3
LH:3
BRF:0
BRH:0
end_of_record
TN:
SF:models/guardian-audio/guardian-audio-collection.js
FN:3,(anonymous_0)
FNF:1
FNH:1
FNDA:1,(anonymous_0)
DA:3,1
DA:4,1
DA:17,1
LF:3
LH:3
BRF:0
BRH:0
end_of_record
TN:
SF:models/guardian-audio/guardian-audio-collections-relations.js
FN:3,(anonymous_0)
FNF:1
FNH:1
FNDA:1,(anonymous_0)
DA:3,1
DA:4,1
DA:19,1
LF:3
LH:3
BRF:0
BRH:0
end_of_record
TN:
SF:models/guardian-audio/guardian-audio-event-reason-for-creation.js
FN:3,(anonymous_0)
FNF:1
FNH:1
FNDA:1,(anonymous_0)
DA:3,1
DA:4,1
DA:17,1
LF:3
LH:3
BRF:0
BRH:0
end_of_record
TN:
SF:models/guardian-audio/guardian-audio-event-type.js
FN:3,(anonymous_0)
FNF:1
FNH:1
FNDA:1,(anonymous_0)
DA:3,1
DA:4,1
DA:14,1
LF:3
LH:3
BRF:0
BRH:0
end_of_record
TN:
SF:models/guardian-audio/guardian-audio-event-value-high-level-key.js
FN:3,(anonymous_0)
FNF:1
FNH:1
FNDA:1,(anonymous_0)
DA:3,1
DA:4,1
DA:25,1
LF:3
LH:3
BRF:0
BRH:0
end_of_record
TN:
SF:models/guardian-audio/guardian-audio-event-value.js
FN:3,(anonymous_0)
FNF:1
FNH:1
FNDA:1,(anonymous_0)
DA:3,1
DA:4,1
DA:27,1
LF:3
LH:3
BRF:0
BRH:0
end_of_record
TN:
SF:models/guardian-audio/guardian-audio-events.js
FN:3,(anonymous_0)
FNF:1
FNH:1
FNDA:1,(anonymous_0)
DA:3,1
DA:4,1
DA:81,1
LF:3
LH:3
BRF:0
BRH:0
end_of_record
TN:
SF:models/guardian-audio/guardian-audio-format.js
FN:3,(anonymous_0)
FNF:1
FNH:1
FNDA:1,(anonymous_0)
DA:3,1
DA:4,1
DA:77,1
LF:3
LH:3
BRF:0
BRH:0
end_of_record
TN:
SF:models/guardian-audio/guardian-audio-highlights.js
FN:3,(anonymous_0)
FNF:1
FNH:1
FNDA:1,(anonymous_0)
DA:3,1
DA:4,1
DA:93,1
LF:3
LH:3
BRF:0
BRH:0
end_of_record
TN:
SF:models/guardian-audio/guardian-audio-tag.js
FN:3,(anonymous_0)
FNF:1
FNH:1
FNDA:1,(anonymous_0)
DA:3,1
DA:4,1
DA:81,1
LF:3
LH:3
BRF:0
BRH:0
end_of_record
TN:
SF:models/guardian-audio/guardian-audio.js
FN:3,(anonymous_0)
FNF:1
FNH:1
FNDA:1,(anonymous_0)
DA:3,1
DA:4,1
DA:86,1
LF:3
LH:3
BRF:0
BRH:0
end_of_record
TN:
SF:models/guardian-event/guardian-event.js
FN:3,(anonymous_0)
FNF:1
FNH:1
FNDA:1,(anonymous_0)
DA:3,1
DA:4,1
DA:107,1
LF:3
LH:3
BRF:0
BRH:0
end_of_record
TN:
SF:models/guardian-meta/guardian-meta-accelerometer.js
FN:2,(anonymous_0)
FNF:1
FNH:1
FNDA:1,(anonymous_0)
DA:2,1
DA:3,1
DA:43,1
LF:3
LH:3
BRF:0
BRH:0
end_of_record
TN:
SF:models/guardian-meta/guardian-meta-asset-exchange-log.js
FN:3,(anonymous_0)
FNF:1
FNH:1
FNDA:1,(anonymous_0)
DA:3,1
DA:4,1
DA:24,1
LF:3
LH:3
BRF:0
BRH:0
end_of_record
TN:
SF:models/guardian-meta/guardian-meta-battery.js
FN:2,(anonymous_0)
FNF:1
FNH:1
FNDA:1,(anonymous_0)
DA:2,1
DA:3,1
DA:44,1
LF:3
LH:3
BRF:0
BRH:0
end_of_record
TN:
SF:models/guardian-meta/guardian-meta-checkin-status.js
FN:2,(anonymous_0)
FNF:1
FNH:1
FNDA:1,(anonymous_0)
DA:2,1
DA:3,1
DA:126,1
LF:3
LH:3
BRF:0
BRH:0
end_of_record
TN:
SF:models/guardian-meta/guardian-meta-cpu.js
FN:2,(anonymous_0)
FNF:1
FNH:1
FNDA:1,(anonymous_0)
DA:2,1
DA:3,1
DA:30,1
LF:3
LH:3
BRF:0
BRH:0
end_of_record
TN:
SF:models/guardian-meta/guardian-meta-datatransfer.js
FN:2,(anonymous_0)
FNF:1
FNH:1
FNDA:1,(anonymous_0)
DA:2,1
DA:3,1
DA:52,1
LF:3
LH:3
BRF:0
BRH:0
end_of_record
TN:
SF:models/guardian-meta/guardian-meta-datetime-offset.js
FN:2,(anonymous_0)
FNF:1
FNH:1
FNDA:1,(anonymous_0)
DA:2,1
DA:3,1
DA:35,1
LF:3
LH:3
BRF:0
BRH:0
end_of_record
TN:
SF:models/guardian-meta/guardian-meta-diskusage.js
FN:2,(anonymous_0)
FNF:1
FNH:1
FNDA:1,(anonymous_0)
DA:2,1
DA:3,1
DA:42,1
LF:3
LH:3
BRF:0
BRH:0
end_of_record
TN:
SF:models/guardian-meta/guardian-meta-geolocation.js
FN:2,(anonymous_0)
FNF:1
FNH:1
FNDA:1,(anonymous_0)
DA:2,1
DA:3,1
DA:40,1
LF:3
LH:3
BRF:0
BRH:0
end_of_record
TN:
SF:models/guardian-meta/guardian-meta-geoposition.js
FN:2,(anonymous_0)
FNF:1
FNH:1
FNDA:1,(anonymous_0)
DA:2,1
DA:3,1
DA:60,1
LF:3
LH:3
BRF:0
BRH:0
end_of_record
TN:
SF:models/guardian-meta/guardian-meta-hardware.js
FN:2,(anonymous_0)
FNF:1
FNH:1
FNDA:1,(anonymous_0)
DA:2,1
DA:3,1
DA:114,1
LF:3
LH:3
BRF:0
BRH:0
end_of_record
TN:
SF:models/guardian-meta/guardian-meta-instructions-log.js
FN:3,(anonymous_0)
FNF:1
FNH:1
FNDA:1,(anonymous_0)
DA:3,1
DA:4,1
DA:86,1
LF:3
LH:3
BRF:0
BRH:0
end_of_record
TN:
SF:models/guardian-meta/guardian-meta-instructions-queue.js
FN:3,(anonymous_0)
FNF:1
FNH:1
FNDA:1,(anonymous_0)
DA:3,1
DA:4,1
DA:64,1
LF:3
LH:3
BRF:0
BRH:0
end_of_record
TN:
SF:models/guardian-meta/guardian-meta-lightmeter.js
FN:2,(anonymous_0)
FNF:1
FNH:1
FNDA:1,(anonymous_0)
DA:2,1
DA:3,1
DA:23,1
LF:3
LH:3
BRF:0
BRH:0
end_of_record
TN:
SF:models/guardian-meta/guardian-meta-log.js
FN:3,(anonymous_0)
FNF:1
FNH:1
FNDA:1,(anonymous_0)
DA:3,1
DA:4,1
DA:47,1
LF:3
LH:3
BRF:0
BRH:0
end_of_record
TN:
SF:models/guardian-meta/guardian-meta-memory.js
FN:2,(anonymous_0)
FNF:1
FNH:1
FNDA:1,(anonymous_0)
DA:2,1
DA:3,1
DA:35,1
LF:3
LH:3
BRF:0
BRH:0
end_of_record
TN:
SF:models/guardian-meta/guardian-meta-message.js
FN:3,(anonymous_0)
FNF:1
FNH:1
FNDA:1,(anonymous_0)
DA:3,1
DA:4,1
DA:54,1
LF:3
LH:3
BRF:0
BRH:0
end_of_record
TN:
SF:models/guardian-meta/guardian-meta-mqtt-broker-connection.js
FN:2,(anonymous_0)
FNF:1
FNH:1
FNDA:1,(anonymous_0)
DA:2,1
DA:3,1
DA:37,1
LF:3
LH:3
BRF:0
BRH:0
end_of_record
TN:
SF:models/guardian-meta/guardian-meta-network.js
FN:2,(anonymous_0)
FNF:1
FNH:1
FNDA:1,(anonymous_0)
DA:2,1
DA:3,1
DA:35,1
LF:3
LH:3
BRF:0
BRH:0
end_of_record
TN:
SF:models/guardian-meta/guardian-meta-offline.js
FN:2,(anonymous_0)
FNF:1
FNH:1
FNDA:1,(anonymous_0)
DA:2,1
DA:3,1
DA:29,1
LF:3
LH:3
BRF:0
BRH:0
end_of_record
TN:
SF:models/guardian-meta/guardian-meta-photo.js
FN:3,(anonymous_0)
FNF:1
FNH:1
FNDA:1,(anonymous_0)
DA:3,1
DA:4,1
DA:73,1
LF:3
LH:3
BRF:0
BRH:0
end_of_record
TN:
SF:models/guardian-meta/guardian-meta-power.js
FN:2,(anonymous_0)
FNF:1
FNH:1
FNDA:1,(anonymous_0)
DA:2,1
DA:3,1
DA:22,1
LF:3
LH:3
BRF:0
BRH:0
end_of_record
TN:
SF:models/guardian-meta/guardian-meta-reboot.js
FN:2,(anonymous_0)
FNF:1
FNH:1
FNDA:1,(anonymous_0)
DA:2,1
DA:3,1
DA:16,1
LF:3
LH:3
BRF:0
BRH:0
end_of_record
TN:
SF:models/guardian-meta/guardian-meta-screenshot.js
FN:3,(anonymous_0)
FNF:1
FNH:1
FNDA:1,(anonymous_0)
DA:3,1
DA:4,1
DA:47,1
LF:3
LH:3
BRF:0
BRH:0
end_of_record
TN:
SF:models/guardian-meta/guardian-meta-segments-group.js
FN:2,(anonymous_0)
FNF:1
FNH:1
FNDA:1,(anonymous_0)
DA:2,1
DA:3,1
DA:46,1
LF:3
LH:3
BRF:0
BRH:0
end_of_record
TN:
SF:models/guardian-meta/guardian-meta-segments-queue.js
FN:2,(anonymous_0)
FNF:1
FNH:1
FNDA:1,(anonymous_0)
DA:2,1
DA:3,1
DA:70,1
LF:3
LH:3
BRF:0
BRH:0
end_of_record
TN:
SF:models/guardian-meta/guardian-meta-segments-received.js
FN:2,(anonymous_0)
FNF:1
FNH:1
FNDA:1,(anonymous_0)
DA:2,1
DA:3,1
DA:58,1
LF:3
LH:3
BRF:0
BRH:0
end_of_record
TN:
SF:models/guardian-meta/guardian-meta-sentinel-accelerometer.js
FN:2,(anonymous_0)
FNF:1
FNH:1
FNDA:1,(anonymous_0)
DA:2,1
DA:3,1
DA:43,1
LF:3
LH:3
BRF:0
BRH:0
end_of_record
TN:
SF:models/guardian-meta/guardian-meta-sentinel-compass.js
FN:2,(anonymous_0)
FNF:1
FNH:1
FNDA:1,(anonymous_0)
DA:2,1
DA:3,1
DA:43,1
LF:3
LH:3
BRF:0
BRH:0
end_of_record
TN:
SF:models/guardian-meta/guardian-meta-sentinel-power.js
FN:2,(anonymous_0)
FNF:1
FNH:1
FNDA:1,(anonymous_0)
DA:2,1
DA:3,1
DA:99,1
LF:3
LH:3
BRF:0
BRH:0
end_of_record
TN:
SF:models/guardian-meta/guardian-meta-software.js
FN:2,(anonymous_0)
FNF:1
FNH:1
FNDA:1,(anonymous_0)
DA:2,1
DA:3,1
DA:20,1
LF:3
LH:3
BRF:0
BRH:0
end_of_record
TN:
SF:models/guardian-meta/guardian-meta-updatecheckin.js
FN:2,(anonymous_0)
FNF:1
FNH:1
FNDA:1,(anonymous_0)
DA:2,1
DA:3,1
DA:9,1
LF:3
LH:3
BRF:0
BRH:0
end_of_record
TN:
SF:models/guardian-meta/guardian-meta-video.js
FN:3,(anonymous_0)
FNF:1
FNH:1
FNDA:1,(anonymous_0)
DA:3,1
DA:4,1
DA:81,1
LF:3
LH:3
BRF:0
BRH:0
end_of_record
TN:
SF:models/guardian-software/guardian-software-prefs.js
FN:3,(anonymous_0)
FNF:1
FNH:1
FNDA:1,(anonymous_0)
DA:3,1
DA:4,1
DA:26,1
LF:3
LH:3
BRF:0
BRH:0
end_of_record
TN:
SF:models/guardian-software/guardian-software-version.js
FN:3,(anonymous_0)
FNF:1
FNH:1
FNDA:1,(anonymous_0)
DA:3,1
DA:4,1
DA:49,1
LF:3
LH:3
BRF:0
BRH:0
end_of_record
TN:
SF:models/guardian-software/guardian-software.js
FN:3,(anonymous_0)
FNF:1
FNH:1
FNDA:1,(anonymous_0)
DA:3,1
DA:4,1
DA:33,1
LF:3
LH:3
BRF:0
BRH:0
end_of_record
TN:
SF:models/location/location.js
FN:3,(anonymous_0)
FNF:1
FNH:1
FNDA:1,(anonymous_0)
DA:3,1
DA:4,1
DA:58,1
LF:3
LH:3
BRF:0
BRH:0
end_of_record
TN:
SF:models/organization/organization.js
FN:3,(anonymous_0)
FNF:1
FNH:1
FNDA:1,(anonymous_0)
DA:3,1
DA:4,1
DA:24,1
LF:3
LH:3
BRF:0
BRH:0
end_of_record
TN:
SF:models/token/anonymous-token.js
FN:3,(anonymous_0)
FNF:1
FNH:1
FNDA:1,(anonymous_0)
DA:3,1
DA:4,1
DA:56,1
LF:3
LH:3
BRF:0
BRH:0
end_of_record
TN:
SF:models/token/registration-token.js
FN:3,(anonymous_0)
FNF:1
FNH:1
FNDA:1,(anonymous_0)
DA:3,1
DA:4,1
DA:82,1
LF:3
LH:3
BRF:0
BRH:0
end_of_record
TN:
SF:models/token/reset-password-token.js
FN:3,(anonymous_0)
FNF:1
FNH:1
FNDA:1,(anonymous_0)
DA:3,1
DA:4,1
DA:24,1
LF:3
LH:3
BRF:0
BRH:0
end_of_record
TN:
SF:models/token/user-token.js
FN:3,(anonymous_0)
FNF:1
FNH:1
FNDA:1,(anonymous_0)
DA:3,1
DA:4,1
DA:42,1
LF:3
LH:3
BRF:0
BRH:0
end_of_record
TN:
SF:models/user/user-group-subscriptions.js
FN:3,(anonymous_0)
FNF:1
FNH:1
FNDA:1,(anonymous_0)
DA:3,1
DA:4,1
DA:8,1
LF:3
LH:3
BRF:0
BRH:0
end_of_record
TN:
SF:models/user/user-location.js
FN:3,(anonymous_0)
FNF:1
FNH:1
FNDA:1,(anonymous_0)
DA:3,1
DA:4,1
DA:46,1
LF:3
LH:3
BRF:0
BRH:0
end_of_record
TN:
SF:models/user/user-relations.js
FN:3,(anonymous_0)
FNF:1
FNH:1
FNDA:1,(anonymous_0)
DA:3,1
DA:4,1
DA:8,1
LF:3
LH:3
BRF:0
BRH:0
end_of_record
TN:
SF:models/user/user.js
FN:3,(anonymous_0)
FNF:1
FNH:1
FNDA:1,(anonymous_0)
DA:3,1
DA:4,1
DA:110,1
LF:3
LH:3
BRF:0
BRH:0
end_of_record
TN:
SF:modelsTimescale/index.js
FN:25,(anonymous_0)
FN:28,(anonymous_1)
FN:34,(anonymous_2)
FN:82,(anonymous_3)
FNF:4
FNH:1
FNDA:0,(anonymous_0)
FNDA:0,(anonymous_1)
FNDA:0,(anonymous_2)
FNDA:72,(anonymous_3)
DA:1,2
DA:2,2
DA:4,2
DA:26,0
DA:29,0
DA:33,2
DA:34,0
DA:35,0
DA:39,2
DA:40,2
DA:42,2
DA:82,2
DA:83,72
DA:84,64
DA:88,2
LF:15
LH:11
BRDA:33,0,0,0
BRDA:33,0,1,2
BRDA:83,1,0,64
BRDA:83,1,1,8
BRF:4
BRH:3
end_of_record
TN:
SF:modelsTimescale/annotations/annotation.js
FN:1,(anonymous_0)
FN:53,(anonymous_1)
FNF:2
FNH:2
FNDA:2,(anonymous_0)
FNDA:2,(anonymous_1)
DA:1,2
DA:2,2
DA:53,2
DA:54,2
DA:55,2
DA:56,2
DA:57,2
DA:59,2
DA:63,2
LF:9
LH:9
BRF:0
BRH:0
end_of_record
TN:
SF:modelsTimescale/classifications/classification-alternative-name.js
FN:1,(anonymous_0)
FN:16,(anonymous_1)
FNF:2
FNH:2
FNDA:2,(anonymous_0)
FNDA:2,(anonymous_1)
DA:1,2
DA:2,2
DA:16,2
DA:17,2
DA:18,2
DA:20,2
DA:23,2
LF:7
LH:7
BRF:0
BRH:0
end_of_record
TN:
SF:modelsTimescale/classifications/classification-source.js
FN:1,(anonymous_0)
FNF:1
FNH:1
FNDA:2,(anonymous_0)
DA:1,2
DA:2,2
DA:12,2
LF:3
LH:3
BRF:0
BRH:0
end_of_record
TN:
SF:modelsTimescale/classifications/classification-type.js
FN:1,(anonymous_0)
FNF:1
FNH:1
FNDA:2,(anonymous_0)
DA:1,2
DA:2,2
DA:11,2
DA:14,2
LF:4
LH:4
BRF:0
BRH:0
end_of_record
TN:
SF:modelsTimescale/classifications/classification.js
FN:1,(anonymous_0)
FN:34,(anonymous_1)
FN:46,(anonymous_2)
FNF:3
FNH:2
FNDA:2,(anonymous_0)
FNDA:2,(anonymous_1)
FNDA:0,(anonymous_2)
DA:1,2
DA:2,2
DA:34,2
DA:35,2
DA:36,2
DA:37,2
DA:38,2
DA:39,2
DA:40,2
DA:42,2
DA:46,2
DA:47,0
DA:49,2
LF:13
LH:12
BRDA:46,0,0,0
BRDA:46,1,0,0
BRDA:46,2,0,0
BRF:3
BRH:0
end_of_record
TN:
SF:modelsTimescale/classifications/language.js
FN:1,(anonymous_0)
FNF:1
FNH:1
FNDA:2,(anonymous_0)
DA:1,2
DA:2,2
DA:17,2
LF:3
LH:3
BRF:0
BRH:0
end_of_record
TN:
SF:modelsTimescale/classifiers/classifier-active-project.js
FN:1,(anonymous_0)
FN:16,(anonymous_1)
FNF:2
FNH:2
FNDA:2,(anonymous_0)
FNDA:2,(anonymous_1)
DA:1,2
DA:2,2
DA:16,2
DA:17,2
DA:18,2
DA:20,2
DA:24,2
LF:7
LH:7
BRF:0
BRH:0
end_of_record
TN:
SF:modelsTimescale/classifiers/classifier-active-stream.js
FN:1,(anonymous_0)
FN:16,(anonymous_1)
FNF:2
FNH:2
FNDA:2,(anonymous_0)
FNDA:2,(anonymous_1)
DA:1,2
DA:2,2
DA:16,2
DA:17,2
DA:18,2
DA:20,2
DA:24,2
LF:7
LH:7
BRF:0
BRH:0
end_of_record
TN:
SF:modelsTimescale/classifiers/classifier-deployment.js
FN:1,(anonymous_0)
FN:39,(anonymous_1)
FNF:2
FNH:2
FNDA:2,(anonymous_0)
FNDA:2,(anonymous_1)
DA:1,2
DA:2,2
DA:39,2
DA:40,2
DA:41,2
DA:43,2
DA:47,2
LF:7
LH:7
BRF:0
BRH:0
end_of_record
TN:
SF:modelsTimescale/classifiers/classifier-event-strategy.js
FN:1,(anonymous_0)
FN:31,(anonymous_1)
FN:39,(anonymous_2)
FNF:3
FNH:2
FNDA:2,(anonymous_0)
FNDA:2,(anonymous_1)
FNDA:0,(anonymous_2)
DA:1,2
DA:2,2
DA:31,2
DA:32,2
DA:33,2
DA:35,2
DA:39,2
DA:40,0
DA:42,2
LF:9
LH:8
BRDA:39,0,0,0
BRDA:39,1,0,0
BRDA:39,2,0,0
BRF:3
BRH:0
end_of_record
TN:
SF:modelsTimescale/classifiers/classifier-output.js
FN:1,(anonymous_0)
FN:30,(anonymous_1)
FN:38,(anonymous_2)
FNF:3
FNH:2
FNDA:2,(anonymous_0)
FNDA:2,(anonymous_1)
FNDA:0,(anonymous_2)
DA:1,2
DA:2,2
DA:30,2
DA:31,2
DA:32,2
DA:34,2
DA:38,2
DA:39,0
DA:41,2
LF:9
LH:8
BRDA:38,0,0,0
BRDA:38,1,0,0
BRDA:38,2,0,0
BRF:3
BRH:0
end_of_record
TN:
SF:modelsTimescale/classifiers/classifier.js
FN:1,(anonymous_0)
FN:36,(anonymous_1)
FN:47,(anonymous_2)
FNF:3
FNH:2
FNDA:2,(anonymous_0)
FNDA:2,(anonymous_1)
FNDA:0,(anonymous_2)
DA:1,2
DA:2,2
DA:36,2
DA:37,2
DA:38,2
DA:39,2
DA:40,2
DA:41,2
DA:43,2
DA:47,2
DA:48,0
DA:50,2
LF:12
LH:11
BRDA:47,0,0,0
BRDA:47,1,0,0
BRDA:47,2,0,0
BRF:3
BRH:0
end_of_record
TN:
SF:modelsTimescale/detections/detection.js
FN:1,(anonymous_0)
FN:26,(anonymous_1)
FNF:2
FNH:2
FNDA:2,(anonymous_0)
FNDA:2,(anonymous_1)
DA:1,2
DA:2,2
DA:25,2
DA:26,2
DA:27,2
DA:28,2
DA:29,2
DA:31,2
DA:35,2
LF:9
LH:9
BRF:0
BRH:0
end_of_record
TN:
SF:modelsTimescale/events/event-strategy.js
FN:1,(anonymous_0)
FN:23,(anonymous_1)
FNF:2
FNH:2
FNDA:2,(anonymous_0)
FNDA:2,(anonymous_1)
DA:1,2
DA:2,2
DA:23,2
DA:24,2
DA:26,2
DA:30,2
LF:6
LH:6
BRF:0
BRH:0
end_of_record
TN:
SF:modelsTimescale/events/event.js
FN:1,(anonymous_0)
FN:41,(anonymous_1)
FNF:2
FNH:2
FNDA:2,(anonymous_0)
FNDA:2,(anonymous_1)
DA:1,2
DA:2,2
DA:41,2
DA:42,2
DA:43,2
DA:44,2
DA:46,2
DA:50,2
LF:8
LH:8
BRF:0
BRH:0
end_of_record
TN:
SF:modelsTimescale/indices/index-type.js
FN:1,(anonymous_0)
FN:9,(anonymous_1)
FNF:2
FNH:2
FNDA:2,(anonymous_0)
FNDA:2,(anonymous_1)
DA:1,2
DA:2,2
DA:9,2
DA:10,2
DA:12,2
DA:15,2
LF:6
LH:6
BRF:0
BRH:0
end_of_record
TN:
SF:modelsTimescale/indices/index-value.js
FN:1,(anonymous_0)
FN:19,(anonymous_1)
FNF:2
FNH:2
FNDA:2,(anonymous_0)
FNDA:2,(anonymous_1)
DA:1,2
DA:2,2
DA:18,2
DA:19,2
DA:20,2
DA:21,2
DA:23,2
DA:26,2
LF:8
LH:8
BRF:0
BRH:0
end_of_record
TN:
SF:modelsTimescale/indices/index.js
FN:1,(anonymous_0)
FN:20,(anonymous_1)
FNF:2
FNH:2
FNDA:2,(anonymous_0)
FNDA:2,(anonymous_1)
DA:1,2
DA:2,2
DA:20,2
DA:21,2
DA:23,2
DA:26,2
LF:6
LH:6
BRF:0
BRH:0
end_of_record
TN:
SF:modelsTimescale/projects/organization.js
FN:1,(anonymous_0)
FN:25,(anonymous_1)
FN:33,(anonymous_2)
FNF:3
FNH:2
FNDA:2,(anonymous_0)
FNDA:2,(anonymous_1)
FNDA:0,(anonymous_2)
DA:1,2
DA:2,2
DA:25,2
DA:26,2
DA:27,2
DA:29,2
DA:33,2
DA:34,0
DA:36,2
LF:9
LH:8
BRDA:33,0,0,0
BRDA:33,1,0,0
BRDA:33,2,0,0
BRF:3
BRH:0
end_of_record
TN:
SF:modelsTimescale/projects/project.js
FN:1,(anonymous_0)
FN:43,(anonymous_1)
FN:52,(anonymous_2)
FNF:3
FNH:2
FNDA:2,(anonymous_0)
FNDA:2,(anonymous_1)
FNDA:0,(anonymous_2)
DA:1,2
DA:2,2
DA:43,2
DA:44,2
DA:45,2
DA:46,2
DA:48,2
DA:52,2
DA:53,0
DA:55,2
LF:10
LH:9
BRDA:52,0,0,0
BRDA:52,1,0,0
BRDA:52,2,0,0
BRF:3
BRH:0
end_of_record
TN:
SF:modelsTimescale/streams/stream-asset.js
FN:1,(anonymous_0)
FN:28,(anonymous_1)
FNF:2
FNH:2
FNDA:2,(anonymous_0)
FNDA:2,(anonymous_1)
DA:1,2
DA:2,2
DA:28,2
DA:29,2
DA:30,2
DA:32,2
DA:36,2
LF:7
LH:7
BRF:0
BRH:0
end_of_record
TN:
SF:modelsTimescale/streams/stream-segment.js
FN:1,(anonymous_0)
FN:45,(anonymous_1)
FNF:2
FNH:2
FNDA:2,(anonymous_0)
FNDA:2,(anonymous_1)
DA:1,2
DA:2,2
DA:45,2
DA:46,2
DA:47,2
DA:48,2
DA:50,2
DA:54,2
LF:8
LH:8
BRF:0
BRH:0
end_of_record
TN:
SF:modelsTimescale/streams/stream-source-file.js
FN:1,(anonymous_0)
FN:84,(anonymous_1)
FNF:2
FNH:2
FNDA:2,(anonymous_0)
FNDA:2,(anonymous_1)
DA:1,2
DA:2,2
DA:84,2
DA:85,2
DA:86,2
DA:87,2
DA:89,2
DA:94,2
LF:8
LH:8
BRF:0
BRH:0
end_of_record
TN:
SF:modelsTimescale/streams/stream.js
FN:1,(anonymous_0)
FN:84,(anonymous_1)
FN:92,(anonymous_2)
FNF:3
FNH:2
FNDA:2,(anonymous_0)
FNDA:2,(anonymous_1)
FNDA:0,(anonymous_2)
DA:1,2
DA:2,2
DA:84,2
DA:85,2
DA:86,2
DA:88,2
DA:92,2
DA:93,0
DA:95,2
LF:9
LH:8
BRDA:92,0,0,0
BRDA:92,1,0,0
BRDA:92,2,0,0
BRF:3
BRH:0
end_of_record
TN:
SF:modelsTimescale/to-be-removed/audio_codec.js
FN:1,(anonymous_0)
FN:11,(anonymous_1)
FNF:2
FNH:2
FNDA:2,(anonymous_0)
FNDA:2,(anonymous_1)
DA:1,2
DA:2,2
DA:11,2
DA:13,2
DA:16,2
LF:5
LH:5
BRF:0
BRH:0
end_of_record
TN:
SF:modelsTimescale/to-be-removed/audio_file_format.js
FN:1,(anonymous_0)
FN:11,(anonymous_1)
FNF:2
FNH:2
FNDA:2,(anonymous_0)
FNDA:2,(anonymous_1)
DA:1,2
DA:2,2
DA:11,2
DA:13,2
DA:16,2
LF:5
LH:5
BRF:0
BRH:0
end_of_record
TN:
SF:modelsTimescale/to-be-removed/channel_layout.js
FN:1,(anonymous_0)
FN:11,(anonymous_1)
FNF:2
FNH:2
FNDA:2,(anonymous_0)
FNDA:2,(anonymous_1)
DA:1,2
DA:2,2
DA:11,2
DA:13,2
DA:16,2
LF:5
LH:5
BRF:0
BRH:0
end_of_record
TN:
SF:modelsTimescale/to-be-removed/file_extension.js
FN:1,(anonymous_0)
FN:11,(anonymous_1)
FNF:2
FNH:2
FNDA:2,(anonymous_0)
FNDA:2,(anonymous_1)
DA:1,2
DA:2,2
DA:11,2
DA:13,2
DA:16,2
LF:5
LH:5
BRF:0
BRH:0
end_of_record
TN:
SF:modelsTimescale/to-be-removed/sample_rate.js
FN:1,(anonymous_0)
FNF:1
FNH:1
FNDA:2,(anonymous_0)
DA:1,2
DA:2,2
DA:18,2
DA:22,2
LF:4
LH:4
BRF:0
BRH:0
end_of_record
TN:
SF:modelsTimescale/users/role-permission.js
FN:1,(anonymous_0)
FN:17,(anonymous_1)
FNF:2
FNH:2
FNDA:2,(anonymous_0)
FNDA:2,(anonymous_1)
DA:1,2
DA:2,2
DA:16,2
DA:17,2
DA:19,2
DA:23,2
LF:6
LH:6
BRF:0
BRH:0
end_of_record
TN:
SF:modelsTimescale/users/role.js
FN:1,(anonymous_0)
FN:12,(anonymous_1)
FNF:2
FNH:2
FNDA:2,(anonymous_0)
FNDA:2,(anonymous_1)
DA:1,2
DA:2,2
DA:12,2
DA:13,2
DA:15,2
DA:19,2
LF:6
LH:6
BRF:0
BRH:0
end_of_record
TN:
SF:modelsTimescale/users/user-organization-role.js
FN:1,(anonymous_0)
FN:19,(anonymous_1)
FNF:2
FNH:2
FNDA:2,(anonymous_0)
FNDA:2,(anonymous_1)
DA:1,2
DA:2,2
DA:19,2
DA:20,2
DA:21,2
DA:22,2
DA:24,2
DA:28,2
LF:8
LH:8
BRF:0
BRH:0
end_of_record
TN:
SF:modelsTimescale/users/user-project-role.js
FN:1,(anonymous_0)
FN:19,(anonymous_1)
FNF:2
FNH:2
FNDA:2,(anonymous_0)
FNDA:2,(anonymous_1)
DA:1,2
DA:2,2
DA:19,2
DA:20,2
DA:21,2
DA:22,2
DA:24,2
DA:28,2
LF:8
LH:8
BRF:0
BRH:0
end_of_record
TN:
SF:modelsTimescale/users/user-project-subscription.js
FN:1,(anonymous_0)
FN:19,(anonymous_1)
FNF:2
FNH:2
FNDA:2,(anonymous_0)
FNDA:2,(anonymous_1)
DA:1,2
DA:2,2
DA:19,2
DA:20,2
DA:21,2
DA:23,2
DA:27,2
LF:7
LH:7
BRF:0
BRH:0
end_of_record
TN:
SF:modelsTimescale/users/user-stream-role.js
FN:1,(anonymous_0)
FN:19,(anonymous_1)
FNF:2
FNH:2
FNDA:2,(anonymous_0)
FNDA:2,(anonymous_1)
DA:1,2
DA:2,2
DA:19,2
DA:20,2
DA:21,2
DA:22,2
DA:24,2
DA:28,2
LF:8
LH:8
BRF:0
BRH:0
end_of_record
TN:
SF:modelsTimescale/users/user.js
FN:1,(anonymous_0)
FN:31,(anonymous_1)
FN:40,(anonymous_2)
FNF:3
FNH:2
FNDA:2,(anonymous_0)
FNDA:2,(anonymous_1)
FNDA:0,(anonymous_2)
DA:1,2
DA:2,2
DA:31,2
DA:32,2
DA:33,2
DA:34,2
DA:36,2
DA:40,2
DA:41,0
DA:43,2
LF:10
LH:9
BRDA:40,0,0,0
BRDA:40,1,0,0
BRDA:40,2,0,0
BRF:3
BRH:0
end_of_record
TN:
SF:services/legacy/s3/s3-service.js
FN:13,putObject
FN:14,(anonymous_1)
FN:16,(anonymous_2)
FN:22,(anonymous_3)
FN:37,copyObject
FN:38,(anonymous_5)
FN:40,(anonymous_6)
FN:43,(anonymous_7)
FN:50,deleteObject
FN:51,(anonymous_9)
FN:52,(anonymous_10)
FN:60,headObject
FN:61,(anonymous_12)
FN:62,(anonymous_13)
FN:76,getObject
FN:77,(anonymous_15)
FN:83,(anonymous_16)
FN:89,(anonymous_17)
FN:91,(anonymous_18)
FN:92,(anonymous_19)
FN:93,(anonymous_20)
FN:94,(anonymous_21)
FN:95,(anonymous_22)
FN:96,(anonymous_23)
FNF:24
FNH:0
FNDA:0,putObject
FNDA:0,(anonymous_1)
FNDA:0,(anonymous_2)
FNDA:0,(anonymous_3)
FNDA:0,copyObject
FNDA:0,(anonymous_5)
FNDA:0,(anonymous_6)
FNDA:0,(anonymous_7)
FNDA:0,deleteObject
FNDA:0,(anonymous_9)
FNDA:0,(anonymous_10)
FNDA:0,headObject
FNDA:0,(anonymous_12)
FNDA:0,(anonymous_13)
FNDA:0,getObject
FNDA:0,(anonymous_15)
FNDA:0,(anonymous_16)
FNDA:0,(anonymous_17)
FNDA:0,(anonymous_18)
FNDA:0,(anonymous_19)
FNDA:0,(anonymous_20)
FNDA:0,(anonymous_21)
FNDA:0,(anonymous_22)
FNDA:0,(anonymous_23)
DA:3,1
DA:4,1
DA:5,1
DA:14,0
DA:15,0
DA:16,0
DA:17,0
DA:18,0
DA:19,0
DA:22,0
DA:23,0
DA:24,0
DA:25,0
DA:38,0
DA:39,0
DA:41,0
DA:44,0
DA:51,0
DA:52,0
DA:53,0
DA:54,0
DA:55,0
DA:61,0
DA:62,0
DA:63,0
DA:64,0
DA:66,0
DA:67,0
DA:69,0
DA:77,0
DA:78,0
DA:79,0
DA:80,0
DA:82,0
DA:84,0
DA:85,0
DA:86,0
DA:87,0
DA:90,0
DA:91,0
DA:92,0
DA:93,0
DA:94,0
DA:95,0
DA:96,0
DA:97,0
DA:98,0
DA:100,0
DA:107,0
DA:111,0
DA:112,0
DA:117,1
LF:52
LH:4
BRDA:15,0,0,0
BRDA:15,0,1,0
BRDA:18,1,0,0
BRDA:18,1,1,0
BRDA:23,2,0,0
BRDA:23,2,1,0
BRDA:24,3,0,0
BRDA:24,3,1,0
BRDA:54,4,0,0
BRDA:54,4,1,0
BRDA:63,5,0,0
BRDA:63,5,1,0
BRDA:63,6,0,0
BRDA:63,6,1,0
BRDA:63,7,0,0
BRDA:63,7,1,0
BRDA:66,8,0,0
BRDA:66,8,1,0
BRDA:84,9,0,0
BRDA:84,9,1,0
BRDA:86,10,0,0
BRDA:86,10,1,0
BRDA:86,11,0,0
BRDA:86,11,1,0
BRDA:97,12,0,0
BRDA:97,12,1,0
BRF:26
BRH:0
end_of_record
TN:
SF:services/legacy/sensations/sensations-repository.js
FN:4,(anonymous_0)
FN:33,(anonymous_1)
FN:36,(anonymous_2)
FNF:3
FNH:0
FNDA:0,(anonymous_0)
FNDA:0,(anonymous_1)
FNDA:0,(anonymous_2)
DA:1,1
DA:2,1
DA:3,1
DA:5,0
DA:6,0
DA:8,0
DA:33,0
DA:37,0
DA:38,0
DA:40,0
DA:55,0
LF:11
LH:3
BRF:0
BRH:0
end_of_record
TN:
SF:services/legacy/sensations/sensations-service.js
FN:8,createSensations
FN:33,(anonymous_1)
FN:38,createSensationsFromGuardianAudio
FN:41,(anonymous_3)
FN:47,(anonymous_4)
FN:53,(anonymous_5)
FN:57,(anonymous_6)
FN:63,getSourceCoverage
FN:73,(anonymous_8)
FN:79,(anonymous_9)
FN:80,(anonymous_10)
FN:81,(anonymous_11)
FN:89,getGuardianCoverage
FN:98,(anonymous_13)
FN:100,(anonymous_14)
FN:103,(anonymous_15)
FN:112,(anonymous_16)
FN:118,getSourceTypeIdByName
FN:123,(anonymous_18)
FN:131,getLastCheckinByUserId
FN:137,(anonymous_20)
FNF:21
FNH:0
FNDA:0,createSensations
FNDA:0,(anonymous_1)
FNDA:0,createSensationsFromGuardianAudio
FNDA:0,(anonymous_3)
FNDA:0,(anonymous_4)
FNDA:0,(anonymous_5)
FNDA:0,(anonymous_6)
FNDA:0,getSourceCoverage
FNDA:0,(anonymous_8)
FNDA:0,(anonymous_9)
FNDA:0,(anonymous_10)
FNDA:0,(anonymous_11)
FNDA:0,getGuardianCoverage
FNDA:0,(anonymous_13)
FNDA:0,(anonymous_14)
FNDA:0,(anonymous_15)
FNDA:0,(anonymous_16)
FNDA:0,getSourceTypeIdByName
FNDA:0,(anonymous_18)
FNDA:0,getLastCheckinByUserId
FNDA:0,(anonymous_20)
DA:1,1
DA:2,1
DA:3,1
DA:4,1
DA:5,1
DA:6,1
DA:9,0
DA:13,0
DA:16,0
DA:19,0
DA:20,0
DA:25,0
DA:26,0
DA:28,0
DA:29,0
DA:33,0
DA:34,0
DA:39,0
DA:41,0
DA:42,0
DA:43,0
DA:44,0
DA:45,0
DA:46,0
DA:48,0
DA:49,0
DA:50,0
DA:51,0
DA:52,0
DA:54,0
DA:55,0
DA:56,0
DA:58,0
DA:59,0
DA:64,0
DA:65,0
DA:66,0
DA:67,0
DA:68,0
DA:69,0
DA:70,0
DA:71,0
DA:72,0
DA:73,0
DA:74,0
DA:76,0
DA:77,0
DA:80,0
DA:81,0
DA:82,0
DA:84,0
DA:90,0
DA:91,0
DA:93,0
DA:94,0
DA:95,0
DA:96,0
DA:98,0
DA:99,0
DA:101,0
DA:102,0
DA:104,0
DA:105,0
DA:106,0
DA:108,0
DA:109,0
DA:110,0
DA:111,0
DA:113,0
DA:114,0
DA:119,0
DA:124,0
DA:125,0
DA:127,0
DA:132,0
DA:135,0
DA:138,0
DA:139,0
DA:141,0
DA:145,1
LF:80
LH:7
BRDA:76,0,0,0
BRDA:76,0,1,0
BRDA:104,1,0,0
BRDA:104,1,1,0
BRDA:124,2,0,0
BRDA:124,2,1,0
BRF:6
BRH:0
end_of_record
TN:
SF:services/sites/sites-service.js
FN:5,getSiteByGuid
FN:10,(anonymous_1)
FN:18,createSite
FN:21,(anonymous_3)
FN:26,getSitesByGuids
FN:28,(anonymous_5)
FN:34,updateSiteAttrs
FN:37,(anonymous_7)
FN:43,(anonymous_8)
FN:48,formatSite
FN:49,(anonymous_10)
FNF:11
FNH:0
FNDA:0,getSiteByGuid
FNDA:0,(anonymous_1)
FNDA:0,createSite
FNDA:0,(anonymous_3)
FNDA:0,getSitesByGuids
FNDA:0,(anonymous_5)
FNDA:0,updateSiteAttrs
FNDA:0,(anonymous_7)
FNDA:0,(anonymous_8)
FNDA:0,formatSite
FNDA:0,(anonymous_10)
DA:1,1
DA:2,1
DA:3,1
DA:6,0
DA:11,0
DA:12,0
DA:14,0
DA:19,0
DA:22,0
DA:27,0
DA:28,0
DA:29,0
DA:31,0
DA:35,0
DA:37,0
DA:38,0
DA:39,0
DA:42,0
DA:44,0
DA:49,0
DA:50,0
DA:58,0
DA:59,0
DA:67,0
DA:71,1
LF:25
LH:4
BRDA:11,0,0,0
BRDA:11,0,1,0
BRDA:11,1,0,0
BRDA:11,1,1,0
BRDA:28,2,0,0
BRDA:28,2,1,0
BRDA:38,3,0,0
BRDA:38,3,1,0
BRDA:58,4,0,0
BRDA:58,4,1,0
BRF:10
BRH:0
end_of_record
TN:
SF:services/storage/amazon.js
FN:10,getSignedUrl
FN:17,(anonymous_1)
FN:18,(anonymous_2)
FN:28,exists
FN:29,(anonymous_4)
FN:30,(anonymous_5)
FN:36,listFiles
FN:41,getFilePath
FN:45,download
FN:46,(anonymous_9)
FN:51,(anonymous_10)
FN:60,(anonymous_11)
FN:64,(anonymous_12)
FN:65,(anonymous_13)
FN:66,(anonymous_14)
FN:77,getReadStream
FN:83,upload
FN:93,uploadBuffer
FN:102,deleteFile
FN:107,deleteFiles
FN:115,(anonymous_20)
FN:116,(anonymous_21)
FNF:22
FNH:0
FNDA:0,getSignedUrl
FNDA:0,(anonymous_1)
FNDA:0,(anonymous_2)
FNDA:0,exists
FNDA:0,(anonymous_4)
FNDA:0,(anonymous_5)
FNDA:0,listFiles
FNDA:0,getFilePath
FNDA:0,download
FNDA:0,(anonymous_9)
FNDA:0,(anonymous_10)
FNDA:0,(anonymous_11)
FNDA:0,(anonymous_12)
FNDA:0,(anonymous_13)
FNDA:0,(anonymous_14)
FNDA:0,getReadStream
FNDA:0,upload
FNDA:0,uploadBuffer
FNDA:0,deleteFile
FNDA:0,deleteFiles
FNDA:0,(anonymous_20)
FNDA:0,(anonymous_21)
DA:1,1
DA:2,1
DA:4,1
DA:11,0
DA:17,0
DA:18,0
DA:19,0
DA:20,0
DA:22,0
DA:29,0
DA:30,0
DA:31,0
DA:37,0
DA:38,0
DA:42,0
DA:46,0
DA:47,0
DA:48,0
DA:52,0
DA:53,0
DA:54,0
DA:60,0
DA:62,0
DA:64,0
DA:66,0
DA:67,0
DA:72,0
DA:78,0
DA:84,0
DA:85,0
DA:90,0
DA:94,0
DA:99,0
DA:103,0
DA:104,0
DA:108,0
DA:115,0
DA:116,0
DA:117,0
DA:118,0
DA:120,0
DA:125,1
LF:42
LH:4
BRDA:10,0,0,0
BRDA:19,1,0,0
BRDA:19,1,1,0
BRDA:52,2,0,0
BRDA:52,2,1,0
BRDA:67,3,0,0
BRDA:67,3,1,0
BRDA:117,4,0,0
BRDA:117,4,1,0
BRF:9
BRH:0
end_of_record
TN:
SF:services/streams/segment-file-utils.js
FN:26,parseFileNameAttrs
FN:27,(anonymous_1)
FN:38,findStartsWith
FN:39,(anonymous_3)
FN:72,checkAttrsValidity
FN:112,getFile
FN:144,getGapsForFile
FN:148,(anonymous_7)
FN:165,makeffmpegCmd
FN:168,(anonymous_9)
FN:238,(anonymous_10)
FN:246,generateFile
FN:281,(anonymous_12)
FN:285,(anonymous_13)
FN:296,(anonymous_14)
FN:305,(anonymous_15)
FN:320,(anonymous_16)
FN:329,(anonymous_17)
FN:337,(anonymous_18)
FN:350,(anonymous_19)
FN:352,(anonymous_20)
FN:366,deleteFilesForStream
FN:367,(anonymous_22)
FN:386,(anonymous_23)
FN:392,(anonymous_24)
FN:404,runExec
FN:405,(anonymous_26)
FN:406,(anonymous_27)
FN:416,clipToStr
FN:424,combineStandardFilename
FN:438,gluedDateToISO
FNF:31
FNH:3
FNDA:0,parseFileNameAttrs
FNDA:0,(anonymous_1)
FNDA:0,findStartsWith
FNDA:0,(anonymous_3)
FNDA:0,checkAttrsValidity
FNDA:0,getFile
FNDA:0,getGapsForFile
FNDA:0,(anonymous_7)
FNDA:25,makeffmpegCmd
FNDA:34,(anonymous_9)
FNDA:34,(anonymous_10)
FNDA:0,generateFile
FNDA:0,(anonymous_12)
FNDA:0,(anonymous_13)
FNDA:0,(anonymous_14)
FNDA:0,(anonymous_15)
FNDA:0,(anonymous_16)
FNDA:0,(anonymous_17)
FNDA:0,(anonymous_18)
FNDA:0,(anonymous_19)
FNDA:0,(anonymous_20)
FNDA:0,deleteFilesForStream
FNDA:0,(anonymous_22)
FNDA:0,(anonymous_23)
FNDA:0,(anonymous_24)
FNDA:0,runExec
FNDA:0,(anonymous_26)
FNDA:0,(anonymous_27)
FNDA:0,clipToStr
FNDA:0,combineStandardFilename
FNDA:0,gluedDateToISO
DA:1,1
DA:2,1
DA:3,1
DA:4,1
DA:5,1
DA:6,1
DA:7,1
DA:8,1
DA:9,1
DA:10,1
DA:11,1
DA:13,1
DA:14,1
DA:15,1
DA:16,1
DA:18,1
DA:19,1
DA:20,1
DA:21,1
DA:22,1
DA:23,1
DA:24,1
DA:27,0
DA:28,0
DA:29,0
DA:30,0
DA:31,0
DA:33,0
DA:34,0
DA:35,0
DA:36,0
DA:39,0
DA:40,0
DA:42,0
DA:44,0
DA:45,0
DA:46,0
DA:47,0
DA:73,0
DA:74,0
DA:76,0
DA:77,0
DA:79,0
DA:80,0
DA:82,0
DA:83,0
DA:85,0
DA:86,0
DA:88,0
DA:89,0
DA:91,0
DA:92,0
DA:94,0
DA:95,0
DA:97,0
DA:98,0
DA:100,0
DA:101,0
DA:103,0
DA:104,0
DA:106,0
DA:107,0
DA:109,0
DA:113,0
DA:114,0
DA:116,0
DA:117,0
DA:119,0
DA:120,0
DA:122,0
DA:124,0
DA:128,0
DA:129,0
DA:132,0
DA:133,0
DA:134,0
DA:135,0
DA:136,0
DA:138,0
DA:140,0
DA:145,0
DA:146,0
DA:147,0
DA:148,0
DA:149,0
DA:150,0
DA:152,0
DA:153,0
DA:154,0
DA:155,0
DA:158,0
DA:159,0
DA:162,0
DA:166,25
DA:167,25
DA:168,25
DA:169,34
DA:172,7
DA:174,34
DA:175,34
DA:176,34
DA:179,1
DA:181,34
DA:184,4
DA:186,34
DA:187,34
DA:190,15
DA:192,34
DA:193,34
DA:194,34
DA:197,1
DA:199,34
DA:202,14
DA:204,34
DA:205,15
DA:207,34
DA:208,15
DA:210,34
DA:211,34
DA:212,34
DA:214,25
DA:218,34
DA:220,34
DA:221,34
DA:222,7
DA:223,7
DA:224,7
DA:226,34
DA:227,7
DA:228,7
DA:229,7
DA:231,34
DA:232,5
DA:233,5
DA:235,34
DA:238,34
DA:239,25
DA:240,4
DA:242,25
DA:243,25
DA:247,0
DA:248,0
DA:250,0
DA:251,0
DA:253,0
DA:254,0
DA:255,0
DA:257,0
DA:258,0
DA:260,0
DA:261,0
DA:263,0
DA:264,0
DA:266,0
DA:267,0
DA:270,0
DA:271,0
DA:272,0
DA:273,0
DA:275,0
DA:276,0
DA:277,0
DA:280,0
DA:282,0
DA:283,0
DA:287,0
DA:288,0
DA:293,0
DA:294,0
DA:295,0
DA:298,0
DA:299,0
DA:300,0
DA:302,0
DA:306,0
DA:307,0
DA:308,0
DA:309,0
DA:310,0
DA:311,0
DA:312,0
DA:313,0
DA:315,0
DA:323,0
DA:324,0
DA:325,0
DA:327,0
DA:331,0
DA:332,0
DA:334,0
DA:338,0
DA:340,0
DA:343,0
DA:344,0
DA:346,0
DA:348,0
DA:352,0
DA:353,0
DA:355,0
DA:356,0
DA:357,0
DA:358,0
DA:360,0
DA:361,0
DA:362,0
DA:367,0
DA:368,0
DA:387,0
DA:388,0
DA:389,0
DA:391,0
DA:392,0
DA:393,0
DA:394,0
DA:395,0
DA:396,0
DA:398,0
DA:399,0
DA:405,0
DA:406,0
DA:407,0
DA:408,0
DA:409,0
DA:411,0
DA:417,0
DA:418,0
DA:420,0
DA:425,0
DA:426,0
DA:427,0
DA:428,0
DA:429,0
DA:431,0
DA:432,0
DA:435,0
DA:439,0
DA:442,1
LF:237
LH:70
BRDA:11,0,0,0
BRDA:11,0,1,1
BRDA:29,1,0,0
BRDA:29,1,1,0
BRDA:34,2,0,0
BRDA:34,2,1,0
BRDA:34,3,0,0
BRDA:34,3,1,0
BRDA:40,4,0,0
BRDA:40,4,1,0
BRDA:42,5,0,0
BRDA:42,5,1,0
BRDA:49,6,0,0
BRDA:49,6,1,0
BRDA:53,7,0,0
BRDA:53,7,1,0
BRDA:53,8,0,0
BRDA:53,8,1,0
BRDA:57,9,0,0
BRDA:57,9,1,0
BRDA:59,10,0,0
BRDA:59,10,1,0
BRDA:63,11,0,0
BRDA:63,11,1,0
BRDA:64,12,0,0
BRDA:64,12,1,0
BRDA:65,13,0,0
BRDA:65,13,1,0
BRDA:66,14,0,0
BRDA:66,14,1,0
BRDA:73,15,0,0
BRDA:73,15,1,0
BRDA:76,16,0,0
BRDA:76,16,1,0
BRDA:79,17,0,0
BRDA:79,17,1,0
BRDA:79,18,0,0
BRDA:79,18,1,0
BRDA:79,18,2,0
BRDA:82,19,0,0
BRDA:82,19,1,0
BRDA:85,20,0,0
BRDA:85,20,1,0
BRDA:88,21,0,0
BRDA:88,21,1,0
BRDA:88,22,0,0
BRDA:88,22,1,0
BRDA:88,22,2,0
BRDA:91,23,0,0
BRDA:91,23,1,0
BRDA:91,24,0,0
BRDA:91,24,1,0
BRDA:94,25,0,0
BRDA:94,25,1,0
BRDA:94,26,0,0
BRDA:94,26,1,0
BRDA:94,26,2,0
BRDA:94,26,3,0
BRDA:97,27,0,0
BRDA:97,27,1,0
BRDA:97,28,0,0
BRDA:97,28,1,0
BRDA:97,28,2,0
BRDA:100,29,0,0
BRDA:100,29,1,0
BRDA:103,30,0,0
BRDA:103,30,1,0
BRDA:103,31,0,0
BRDA:103,31,1,0
BRDA:106,32,0,0
BRDA:106,32,1,0
BRDA:114,33,0,0
BRDA:114,33,1,0
BRDA:122,34,0,0
BRDA:122,34,1,0
BRDA:128,35,0,0
BRDA:128,35,1,0
BRDA:132,36,0,0
BRDA:132,36,1,0
BRDA:133,37,0,0
BRDA:133,37,1,0
BRDA:134,38,0,0
BRDA:134,38,1,0
BRDA:149,39,0,0
BRDA:149,39,1,0
BRDA:149,40,0,0
BRDA:149,40,1,0
BRDA:152,41,0,0
BRDA:152,41,1,0
BRDA:154,42,0,0
BRDA:154,42,1,0
BRDA:158,43,0,0
BRDA:158,43,1,0
BRDA:158,44,0,0
BRDA:158,44,1,0
BRDA:169,45,0,7
BRDA:169,45,1,27
BRDA:169,46,0,34
BRDA:169,46,1,25
BRDA:176,47,0,1
BRDA:176,47,1,33
BRDA:176,48,0,34
BRDA:176,48,1,9
BRDA:176,48,2,9
BRDA:181,49,0,4
BRDA:181,49,1,30
BRDA:181,50,0,34
BRDA:181,50,1,25
BRDA:187,51,0,15
BRDA:187,51,1,19
BRDA:187,52,0,34
BRDA:187,52,1,25
BRDA:194,53,0,1
BRDA:194,53,1,33
BRDA:194,54,0,34
BRDA:194,54,1,9
BRDA:194,54,2,9
BRDA:199,55,0,14
BRDA:199,55,1,20
BRDA:199,56,0,34
BRDA:199,56,1,25
BRDA:204,57,0,15
BRDA:204,57,1,19
BRDA:207,58,0,15
BRDA:207,58,1,19
BRDA:221,59,0,7
BRDA:221,59,1,27
BRDA:226,60,0,7
BRDA:226,60,1,27
BRDA:231,61,0,5
BRDA:231,61,1,29
BRDA:238,62,0,15
BRDA:238,62,1,10
BRDA:239,63,0,4
BRDA:239,63,1,21
BRDA:239,64,0,25
BRDA:239,64,1,5
BRDA:248,65,0,0
BRDA:248,65,1,0
BRDA:273,66,0,0
BRDA:273,66,1,0
BRDA:273,67,0,0
BRDA:273,67,1,0
BRDA:287,68,0,0
BRDA:287,68,1,0
BRDA:293,69,0,0
BRDA:293,69,1,0
BRDA:294,70,0,0
BRDA:294,70,1,0
BRDA:298,71,0,0
BRDA:298,71,1,0
BRDA:306,72,0,0
BRDA:306,72,1,0
BRDA:324,73,0,0
BRDA:324,73,1,0
BRDA:331,74,0,0
BRDA:331,74,1,0
BRDA:338,75,0,0
BRDA:338,75,1,0
BRDA:343,76,0,0
BRDA:343,76,1,0
BRDA:356,77,0,0
BRDA:356,77,1,0
BRDA:387,78,0,0
BRDA:387,78,1,0
BRDA:387,79,0,0
BRDA:387,79,1,0
BRDA:394,80,0,0
BRDA:394,80,1,0
BRDA:394,81,0,0
BRDA:394,81,1,0
BRDA:407,82,0,0
BRDA:407,82,1,0
BRDA:417,83,0,0
BRDA:417,83,1,0
BRDA:426,84,0,0
BRDA:426,84,1,0
BRDA:428,85,0,0
BRDA:428,85,1,0
BRDA:431,86,0,0
BRDA:431,86,1,0
BRF:181
BRH:43
end_of_record
TN:
SF:services/users/fused.js
FN:10,getByParams
FN:15,(anonymous_1)
FN:23,getByGuid
FN:27,getByEmail
FN:31,getByGuidOrEmail
FN:40,getIdByGuid
FN:49,collectUserDataForSync
FN:52,(anonymous_7)
FN:58,ensureUserSynced
FN:65,ensureUserSyncedFromToken
FN:71,ensureUserSyncedInTimescaleDB
FN:78,(anonymous_11)
FN:83,(anonymous_12)
FN:86,(anonymous_13)
FNF:14
FNH:0
FNDA:0,getByParams
FNDA:0,(anonymous_1)
FNDA:0,getByGuid
FNDA:0,getByEmail
FNDA:0,getByGuidOrEmail
FNDA:0,getIdByGuid
FNDA:0,collectUserDataForSync
FNDA:0,(anonymous_7)
FNDA:0,ensureUserSynced
FNDA:0,ensureUserSyncedFromToken
FNDA:0,ensureUserSyncedInTimescaleDB
FNDA:0,(anonymous_11)
FNDA:0,(anonymous_12)
FNDA:0,(anonymous_13)
DA:1,1
DA:2,1
DA:3,1
DA:4,1
DA:6,1
DA:11,0
DA:16,0
DA:17,0
DA:19,0
DA:24,0
DA:28,0
DA:32,0
DA:41,0
DA:42,0
DA:43,0
DA:45,0
DA:50,0
DA:51,0
DA:53,0
DA:54,0
DA:59,0
DA:60,0
DA:61,0
DA:67,0
DA:68,0
DA:72,0
DA:77,0
DA:78,0
DA:79,0
DA:82,0
DA:84,0
DA:86,0
DA:87,0
DA:89,0
DA:94,1
LF:35
LH:6
BRDA:4,0,0,0
BRDA:4,0,1,1
BRDA:10,1,0,0
BRDA:13,2,0,0
BRDA:13,2,1,0
BRDA:13,3,0,0
BRDA:13,3,1,0
BRDA:16,4,0,0
BRDA:16,4,1,0
BRDA:23,5,0,0
BRDA:27,6,0,0
BRDA:31,7,0,0
BRDA:60,8,0,0
BRDA:60,8,1,0
BRDA:79,9,0,0
BRDA:79,9,1,0
BRDA:84,10,0,0
BRDA:84,10,1,0
BRDA:86,11,0,0
BRDA:86,11,1,0
BRDA:86,12,0,0
BRDA:86,12,1,0
BRF:22
BRH:1
end_of_record
TN:
SF:services/users/users-service-legacy.js
FN:20,getUserByParams
FN:26,(anonymous_1)
FN:32,getUserByGuid
FN:36,getUserByEmail
FN:40,getUserByGuidOrEmail
FN:50,getUserFromTokenInfo
FN:58,getUserBySubscriptionEmail
FN:69,(anonymous_7)
FN:75,getAllUsers
FN:82,refreshLastLogin
FN:87,removeUserByGuidFromMySQL
FN:92,createUser
FN:96,(anonymous_12)
FN:101,findOrCreateUser
FN:108,(anonymous_14)
FN:113,combineNewUserData
FN:129,getPasswordData
FN:139,updateMySQLUserPassword
FN:141,(anonymous_18)
FN:148,(anonymous_19)
FN:153,formatUser
FN:168,(anonymous_21)
FN:176,formatUsers
FN:177,(anonymous_23)
FN:182,validateSiteRelationsParams
FN:188,getAllSitesByGuids
FN:190,(anonymous_26)
FN:193,(anonymous_27)
FN:203,clearSitesRelationsForUser
FN:207,getAllUserSiteGuids
FN:213,(anonymous_30)
FN:222,attachSitesToUser
FN:224,(anonymous_32)
FN:231,updateSiteRelations
FN:234,(anonymous_34)
FN:237,(anonymous_35)
FN:241,(anonymous_36)
FN:244,(anonymous_37)
FN:250,updateDefaultSite
FN:252,(anonymous_39)
FN:257,(anonymous_40)
FN:263,getGuardianGroupsByGuids
FN:265,(anonymous_42)
FN:268,(anonymous_43)
FN:277,subscribeUserToGroups
FN:279,(anonymous_45)
FN:281,(anonymous_46)
FN:289,unsubscribeUserFromGroups
FN:291,(anonymous_48)
FN:293,(anonymous_49)
FN:303,updateUserAtts
FN:304,(anonymous_51)
FN:310,(anonymous_52)
FN:315,updateUserInfo
FN:324,(anonymous_54)
FN:330,getUserLastCheckin
FN:332,(anonymous_56)
FN:340,formatCheckin
FN:348,createUserLocation
FN:352,createUserLocations
FN:356,getLocations
FN:399,(anonymous_61)
FN:404,filterWithTz
FN:408,(anonymous_63)
FN:452,getUserDataFromReq
FN:462,collectUserDataForSync
FN:465,(anonymous_66)
FN:471,checkUserPicture
FN:472,(anonymous_68)
FN:489,(anonymous_69)
FN:497,(anonymous_70)
FN:503,checkUserConnection
FN:504,(anonymous_72)
FN:513,uploadImageFile
FN:517,deleteImageFile
FN:523,prepareUserUrlPicture
FNF:76
FNH:0
FNDA:0,getUserByParams
FNDA:0,(anonymous_1)
FNDA:0,getUserByGuid
FNDA:0,getUserByEmail
FNDA:0,getUserByGuidOrEmail
FNDA:0,getUserFromTokenInfo
FNDA:0,getUserBySubscriptionEmail
FNDA:0,(anonymous_7)
FNDA:0,getAllUsers
FNDA:0,refreshLastLogin
FNDA:0,removeUserByGuidFromMySQL
FNDA:0,createUser
FNDA:0,(anonymous_12)
FNDA:0,findOrCreateUser
FNDA:0,(anonymous_14)
FNDA:0,combineNewUserData
FNDA:0,getPasswordData
FNDA:0,updateMySQLUserPassword
FNDA:0,(anonymous_18)
FNDA:0,(anonymous_19)
FNDA:0,formatUser
FNDA:0,(anonymous_21)
FNDA:0,formatUsers
FNDA:0,(anonymous_23)
FNDA:0,validateSiteRelationsParams
FNDA:0,getAllSitesByGuids
FNDA:0,(anonymous_26)
FNDA:0,(anonymous_27)
FNDA:0,clearSitesRelationsForUser
FNDA:0,getAllUserSiteGuids
FNDA:0,(anonymous_30)
FNDA:0,attachSitesToUser
FNDA:0,(anonymous_32)
FNDA:0,updateSiteRelations
FNDA:0,(anonymous_34)
FNDA:0,(anonymous_35)
FNDA:0,(anonymous_36)
FNDA:0,(anonymous_37)
FNDA:0,updateDefaultSite
FNDA:0,(anonymous_39)
FNDA:0,(anonymous_40)
FNDA:0,getGuardianGroupsByGuids
FNDA:0,(anonymous_42)
FNDA:0,(anonymous_43)
FNDA:0,subscribeUserToGroups
FNDA:0,(anonymous_45)
FNDA:0,(anonymous_46)
FNDA:0,unsubscribeUserFromGroups
FNDA:0,(anonymous_48)
FNDA:0,(anonymous_49)
FNDA:0,updateUserAtts
FNDA:0,(anonymous_51)
FNDA:0,(anonymous_52)
FNDA:0,updateUserInfo
FNDA:0,(anonymous_54)
FNDA:0,getUserLastCheckin
FNDA:0,(anonymous_56)
FNDA:0,formatCheckin
FNDA:0,createUserLocation
FNDA:0,createUserLocations
FNDA:0,getLocations
FNDA:0,(anonymous_61)
FNDA:0,filterWithTz
FNDA:0,(anonymous_63)
FNDA:0,getUserDataFromReq
FNDA:0,collectUserDataForSync
FNDA:0,(anonymous_66)
FNDA:0,checkUserPicture
FNDA:0,(anonymous_68)
FNDA:0,(anonymous_69)
FNDA:0,(anonymous_70)
FNDA:0,checkUserConnection
FNDA:0,(anonymous_72)
FNDA:0,uploadImageFile
FNDA:0,deleteImageFile
FNDA:0,prepareUserUrlPicture
DA:1,1
DA:2,1
DA:3,1
DA:4,1
DA:5,1
DA:6,1
DA:7,1
DA:8,1
DA:9,1
DA:10,1
DA:11,1
DA:12,1
DA:13,1
DA:14,1
DA:15,1
DA:16,1
DA:18,1
DA:21,0
DA:27,0
DA:28,0
DA:33,0
DA:37,0
DA:41,0
DA:42,0
DA:51,0
DA:52,0
DA:54,0
DA:59,0
DA:70,0
DA:71,0
DA:76,0
DA:83,0
DA:84,0
DA:88,0
DA:93,0
DA:94,0
DA:97,0
DA:102,0
DA:103,0
DA:109,0
DA:114,0
DA:115,0
DA:130,0
DA:131,0
DA:132,0
DA:140,0
DA:142,0
DA:143,0
DA:144,0
DA:145,0
DA:146,0
DA:149,0
DA:154,0
DA:155,0
DA:164,0
DA:165,0
DA:166,0
DA:167,0
DA:168,0
DA:169,0
DA:173,0
DA:177,0
DA:178,0
DA:183,0
DA:184,0
DA:185,0
DA:189,0
DA:190,0
DA:191,0
DA:194,0
DA:195,0
DA:197,0
DA:199,0
DA:204,0
DA:208,0
DA:209,0
DA:210,0
DA:212,0
DA:213,0
DA:214,0
DA:215,0
DA:219,0
DA:223,0
DA:224,0
DA:225,0
DA:226,0
DA:228,0
DA:233,0
DA:235,0
DA:238,0
DA:239,0
DA:242,0
DA:245,0
DA:251,0
DA:253,0
DA:258,0
DA:264,0
DA:265,0
DA:266,0
DA:269,0
DA:270,0
DA:272,0
DA:274,0
DA:278,0
DA:280,0
DA:281,0
DA:282,0
DA:283,0
DA:285,0
DA:290,0
DA:292,0
DA:293,0
DA:294,0
DA:295,0
DA:296,0
DA:299,0
DA:304,0
DA:305,0
DA:306,0
DA:309,0
DA:311,0
DA:316,0
DA:317,0
DA:318,0
DA:320,0
DA:321,0
DA:323,0
DA:325,0
DA:331,0
DA:333,0
DA:334,0
DA:336,0
DA:341,0
DA:349,0
DA:353,0
DA:357,0
DA:358,0
DA:359,0
DA:362,0
DA:378,0
DA:385,0
DA:386,0
DA:387,0
DA:388,0
DA:389,0
DA:390,0
DA:391,0
DA:392,0
DA:393,0
DA:395,0
DA:400,0
DA:405,0
DA:406,0
DA:408,0
DA:409,0
DA:411,0
DA:412,0
DA:413,0
DA:416,0
DA:417,0
DA:418,0
DA:421,0
DA:424,0
DA:425,0
DA:428,0
DA:429,0
DA:430,0
DA:433,0
DA:434,0
DA:435,0
DA:438,0
DA:439,0
DA:440,0
DA:443,0
DA:444,0
DA:445,0
DA:448,0
DA:453,0
DA:463,0
DA:464,0
DA:466,0
DA:467,0
DA:472,0
DA:473,0
DA:474,0
DA:476,0
DA:477,0
DA:478,0
DA:480,0
DA:481,0
DA:483,0
DA:484,0
DA:485,0
DA:487,0
DA:488,0
DA:490,0
DA:491,0
DA:492,0
DA:494,0
DA:495,0
DA:498,0
DA:504,0
DA:505,0
DA:506,0
DA:507,0
DA:509,0
DA:514,0
DA:518,0
DA:519,0
DA:520,0
DA:524,0
DA:525,0
DA:528,1
LF:213
LH:18
BRDA:27,0,0,0
BRDA:27,0,1,0
BRDA:27,1,0,0
BRDA:27,1,1,0
BRDA:41,2,0,0
BRDA:41,2,1,0
BRDA:51,3,0,0
BRDA:51,3,1,0
BRDA:51,4,0,0
BRDA:51,4,1,0
BRDA:70,5,0,0
BRDA:70,5,1,0
BRDA:70,6,0,0
BRDA:70,6,1,0
BRDA:116,7,0,0
BRDA:116,7,1,0
BRDA:118,8,0,0
BRDA:118,8,1,0
BRDA:119,9,0,0
BRDA:119,9,1,0
BRDA:125,10,0,0
BRDA:125,10,1,0
BRDA:130,11,0,0
BRDA:130,11,1,0
BRDA:154,12,0,0
BRDA:154,12,1,0
BRDA:164,13,0,0
BRDA:164,13,1,0
BRDA:166,14,0,0
BRDA:166,14,1,0
BRDA:167,15,0,0
BRDA:167,15,1,0
BRDA:194,16,0,0
BRDA:194,16,1,0
BRDA:209,17,0,0
BRDA:209,17,1,0
BRDA:212,18,0,0
BRDA:212,18,1,0
BRDA:214,19,0,0
BRDA:214,19,1,0
BRDA:269,20,0,0
BRDA:269,20,1,0
BRDA:269,21,0,0
BRDA:269,21,1,0
BRDA:294,22,0,0
BRDA:294,22,1,0
BRDA:305,23,0,0
BRDA:305,23,1,0
BRDA:317,24,0,0
BRDA:317,24,1,0
BRDA:320,25,0,0
BRDA:320,25,1,0
BRDA:333,26,0,0
BRDA:333,26,1,0
BRDA:358,27,0,0
BRDA:358,27,1,0
BRDA:358,28,0,0
BRDA:358,28,1,0
BRDA:363,29,0,0
BRDA:363,29,1,0
BRDA:364,30,0,0
BRDA:364,30,1,0
BRDA:371,31,0,0
BRDA:371,31,1,0
BRDA:371,32,0,0
BRDA:371,32,1,0
BRDA:372,33,0,0
BRDA:372,33,1,0
BRDA:372,34,0,0
BRDA:372,34,1,0
BRDA:373,35,0,0
BRDA:373,35,1,0
BRDA:373,36,0,0
BRDA:373,36,1,0
BRDA:405,37,0,0
BRDA:405,37,1,0
BRDA:405,38,0,0
BRDA:405,38,1,0
BRDA:411,39,0,0
BRDA:411,39,1,0
BRDA:412,40,0,0
BRDA:412,40,1,0
BRDA:416,41,0,0
BRDA:416,41,1,0
BRDA:417,42,0,0
BRDA:417,42,1,0
BRDA:421,43,0,0
BRDA:421,43,1,0
BRDA:424,44,0,0
BRDA:424,44,1,0
BRDA:428,45,0,0
BRDA:428,45,1,0
BRDA:428,46,0,0
BRDA:428,46,1,0
BRDA:428,46,2,0
BRDA:429,47,0,0
BRDA:429,47,1,0
BRDA:429,48,0,0
BRDA:429,48,1,0
BRDA:433,49,0,0
BRDA:433,49,1,0
BRDA:433,50,0,0
BRDA:433,50,1,0
BRDA:433,50,2,0
BRDA:434,51,0,0
BRDA:434,51,1,0
BRDA:434,52,0,0
BRDA:434,52,1,0
BRDA:438,53,0,0
BRDA:438,53,1,0
BRDA:438,54,0,0
BRDA:438,54,1,0
BRDA:439,55,0,0
BRDA:439,55,1,0
BRDA:443,56,0,0
BRDA:443,56,1,0
BRDA:443,57,0,0
BRDA:443,57,1,0
BRDA:444,58,0,0
BRDA:444,58,1,0
BRDA:455,59,0,0
BRDA:455,59,1,0
BRDA:455,60,0,0
BRDA:455,60,1,0
BRDA:456,61,0,0
BRDA:456,61,1,0
BRDA:456,62,0,0
BRDA:456,62,1,0
BRDA:457,63,0,0
BRDA:457,63,1,0
BRDA:473,64,0,0
BRDA:473,64,1,0
BRDA:477,65,0,0
BRDA:477,65,1,0
BRDA:480,66,0,0
BRDA:480,66,1,0
BRDA:484,67,0,0
BRDA:484,67,1,0
BRDA:490,68,0,0
BRDA:490,68,1,0
BRDA:490,69,0,0
BRDA:490,69,1,0
BRDA:506,70,0,0
BRDA:506,70,1,0
BRDA:507,71,0,0
BRDA:507,71,1,0
BRF:146
BRH:0
end_of_record
TN:
SF:utils/converter/array-converter.js
FN:5,(anonymous_0)
FN:11,(anonymous_1)
FN:17,(anonymous_2)
FN:18,(anonymous_3)
FNF:4
FNH:4
FNDA:6,(anonymous_0)
FNDA:9,(anonymous_1)
FNDA:6,(anonymous_2)
FNDA:6,(anonymous_3)
DA:1,1
DA:2,1
DA:4,1
DA:6,6
DA:7,6
DA:8,6
DA:12,9
DA:13,9
DA:14,9
DA:18,6
DA:19,6
DA:20,6
DA:21,11
DA:22,11
DA:23,20
DA:24,20
DA:25,20
DA:26,20
DA:28,4
DA:29,3
DA:33,11
DA:35,6
DA:36,3
DA:38,3
LF:24
LH:24
BRDA:28,0,0,3
BRDA:28,0,1,1
BRDA:35,1,0,3
BRDA:35,1,1,3
BRF:4
BRH:4
end_of_record
TN:
SF:utils/converter/conversion.js
FN:5,(anonymous_0)
FN:20,(anonymous_1)
FN:38,(anonymous_2)
FN:46,(anonymous_3)
FN:51,(anonymous_4)
FN:55,(anonymous_5)
FN:56,(anonymous_6)
FN:67,(anonymous_7)
FN:68,(anonymous_8)
FN:77,(anonymous_9)
FN:78,(anonymous_10)
FN:87,(anonymous_11)
FN:88,(anonymous_12)
FN:97,(anonymous_13)
FN:98,(anonymous_14)
FN:107,(anonymous_15)
FN:108,(anonymous_16)
FN:116,(anonymous_17)
FN:117,(anonymous_18)
FN:125,(anonymous_19)
FN:133,(anonymous_20)
FN:147,(anonymous_21)
FN:148,(anonymous_22)
FN:165,(anonymous_23)
FN:166,(anonymous_24)
FN:179,(anonymous_25)
FN:181,(anonymous_26)
FN:187,(anonymous_27)
FN:189,(anonymous_28)
FN:196,(anonymous_29)
FN:197,(anonymous_30)
FN:205,(anonymous_31)
FN:206,(anonymous_32)
FN:214,(anonymous_33)
FN:215,(anonymous_34)
FN:227,(anonymous_35)
FN:234,(anonymous_36)
FN:235,(anonymous_37)
FN:241,(anonymous_38)
FN:242,(anonymous_39)
FN:248,(anonymous_40)
FN:249,(anonymous_41)
FN:255,(anonymous_42)
FN:256,(anonymous_43)
FN:262,(anonymous_44)
FN:263,(anonymous_45)
FN:271,(anonymous_46)
FN:272,(anonymous_47)
FN:278,(anonymous_48)
FN:279,(anonymous_49)
FN:287,(anonymous_50)
FN:288,(anonymous_51)
FN:293,(anonymous_52)
FN:304,(anonymous_53)
FN:305,(anonymous_54)
FN:310,(anonymous_55)
FN:321,(anonymous_56)
FN:322,(anonymous_57)
FN:330,(anonymous_58)
FN:331,(anonymous_59)
FN:340,(anonymous_60)
FN:347,(anonymous_61)
FN:348,(anonymous_62)
FNF:63
FNH:9
FNDA:13,(anonymous_0)
FNDA:24,(anonymous_1)
FNDA:0,(anonymous_2)
FNDA:0,(anonymous_3)
FNDA:4,(anonymous_4)
FNDA:0,(anonymous_5)
FNDA:0,(anonymous_6)
FNDA:0,(anonymous_7)
FNDA:0,(anonymous_8)
FNDA:0,(anonymous_9)
FNDA:0,(anonymous_10)
FNDA:0,(anonymous_11)
FNDA:0,(anonymous_12)
FNDA:0,(anonymous_13)
FNDA:0,(anonymous_14)
FNDA:0,(anonymous_15)
FNDA:0,(anonymous_16)
FNDA:0,(anonymous_17)
FNDA:0,(anonymous_18)
FNDA:0,(anonymous_19)
FNDA:0,(anonymous_20)
FNDA:0,(anonymous_21)
FNDA:0,(anonymous_22)
FNDA:2,(anonymous_23)
FNDA:2,(anonymous_24)
FNDA:0,(anonymous_25)
FNDA:0,(anonymous_26)
FNDA:0,(anonymous_27)
FNDA:0,(anonymous_28)
FNDA:0,(anonymous_29)
FNDA:0,(anonymous_30)
FNDA:0,(anonymous_31)
FNDA:0,(anonymous_32)
FNDA:5,(anonymous_33)
FNDA:9,(anonymous_34)
FNDA:0,(anonymous_35)
FNDA:6,(anonymous_36)
FNDA:12,(anonymous_37)
FNDA:0,(anonymous_38)
FNDA:0,(anonymous_39)
FNDA:0,(anonymous_40)
FNDA:0,(anonymous_41)
FNDA:0,(anonymous_42)
FNDA:0,(anonymous_43)
FNDA:0,(anonymous_44)
FNDA:0,(anonymous_45)
FNDA:0,(anonymous_46)
FNDA:0,(anonymous_47)
FNDA:0,(anonymous_48)
FNDA:0,(anonymous_49)
FNDA:0,(anonymous_50)
FNDA:0,(anonymous_51)
FNDA:0,(anonymous_52)
FNDA:0,(anonymous_53)
FNDA:0,(anonymous_54)
FNDA:0,(anonymous_55)
FNDA:0,(anonymous_56)
FNDA:0,(anonymous_57)
FNDA:0,(anonymous_58)
FNDA:0,(anonymous_59)
FNDA:0,(anonymous_60)
FNDA:0,(anonymous_61)
FNDA:0,(anonymous_62)
DA:1,3
DA:2,3
DA:4,3
DA:6,13
DA:8,13
DA:9,9
DA:11,13
DA:12,13
DA:14,13
DA:15,13
DA:16,13
DA:17,13
DA:21,24
DA:22,1
DA:25,23
DA:27,23
DA:28,0
DA:31,23
DA:32,23
DA:35,20
DA:39,0
DA:40,0
DA:41,0
DA:43,0
DA:47,0
DA:48,0
DA:52,4
DA:56,0
DA:57,0
DA:58,0
DA:59,0
DA:61,0
DA:64,0
DA:68,0
DA:69,0
DA:70,0
DA:74,0
DA:78,0
DA:79,0
DA:80,0
DA:84,0
DA:88,0
DA:89,0
DA:90,0
DA:94,0
DA:98,0
DA:99,0
DA:100,0
DA:104,0
DA:108,0
DA:109,0
DA:110,0
DA:113,0
DA:117,0
DA:118,0
DA:119,0
DA:122,0
DA:126,0
DA:127,0
DA:128,0
DA:130,0
DA:134,0
DA:135,0
DA:136,0
DA:138,0
DA:148,0
DA:149,0
DA:151,0
DA:152,0
DA:155,0
DA:157,0
DA:166,2
DA:167,2
DA:168,0
DA:170,2
DA:171,2
DA:172,0
DA:174,2
DA:176,2
DA:180,0
DA:181,0
DA:182,0
DA:184,0
DA:188,0
DA:189,0
DA:191,0
DA:193,0
DA:197,0
DA:198,0
DA:199,0
DA:202,0
DA:206,0
DA:207,0
DA:208,0
DA:211,0
DA:215,5
DA:216,9
DA:218,9
DA:219,3
DA:222,6
DA:224,5
DA:228,0
DA:229,0
DA:231,0
DA:235,6
DA:236,12
DA:238,6
DA:242,0
DA:243,0
DA:245,0
DA:249,0
DA:250,0
DA:252,0
DA:256,0
DA:257,0
DA:259,0
DA:263,0
DA:264,0
DA:265,0
DA:268,0
DA:272,0
DA:273,0
DA:275,0
DA:279,0
DA:280,0
DA:281,0
DA:284,0
DA:288,0
DA:289,0
DA:290,0
DA:292,0
DA:293,0
DA:294,0
DA:295,0
DA:296,0
DA:298,0
DA:300,0
DA:305,0
DA:306,0
DA:307,0
DA:309,0
DA:310,0
DA:311,0
DA:312,0
DA:313,0
DA:315,0
DA:317,0
DA:322,0
DA:323,0
DA:324,0
DA:327,0
DA:331,0
DA:332,0
DA:333,0
DA:337,0
DA:341,0
DA:342,0
DA:344,0
DA:348,0
DA:349,0
DA:350,0
DA:354,0
LF:162
LH:35
BRDA:5,0,0,9
BRDA:8,1,0,9
BRDA:8,1,1,4
BRDA:21,2,0,1
BRDA:21,2,1,23
BRDA:21,3,0,24
BRDA:21,3,1,24
BRDA:25,4,0,23
BRDA:25,4,1,0
BRDA:27,5,0,0
BRDA:27,5,1,23
BRDA:27,6,0,23
BRDA:27,6,1,0
BRDA:40,7,0,0
BRDA:40,7,1,0
BRDA:58,8,0,0
BRDA:58,8,1,0
BRDA:69,9,0,0
BRDA:69,9,1,0
BRDA:79,10,0,0
BRDA:79,10,1,0
BRDA:89,11,0,0
BRDA:89,11,1,0
BRDA:99,12,0,0
BRDA:99,12,1,0
BRDA:109,13,0,0
BRDA:109,13,1,0
BRDA:118,14,0,0
BRDA:118,14,1,0
BRDA:147,15,0,0
BRDA:151,16,0,0
BRDA:151,16,1,0
BRDA:167,17,0,0
BRDA:167,17,1,2
BRDA:171,18,0,0
BRDA:171,18,1,2
BRDA:198,19,0,0
BRDA:198,19,1,0
BRDA:207,20,0,0
BRDA:207,20,1,0
BRDA:218,21,0,3
BRDA:218,21,1,6
BRDA:264,22,0,0
BRDA:264,22,1,0
BRDA:273,23,0,0
BRDA:273,23,1,0
BRDA:280,24,0,0
BRDA:280,24,1,0
BRDA:289,25,0,0
BRDA:289,25,1,0
BRDA:295,26,0,0
BRDA:295,26,1,0
BRDA:306,27,0,0
BRDA:306,27,1,0
BRDA:312,28,0,0
BRDA:312,28,1,0
BRDA:323,29,0,0
BRDA:323,29,1,0
BRDA:323,30,0,0
BRDA:323,30,1,0
BRDA:332,31,0,0
BRDA:332,31,1,0
BRDA:332,32,0,0
BRDA:332,32,1,0
BRDA:332,32,2,0
BRDA:341,33,0,0
BRDA:341,33,1,0
BRDA:349,34,0,0
BRDA:349,34,1,0
BRF:69
BRH:14
end_of_record
TN:
SF:utils/converter/converter.js
FN:6,(anonymous_0)
FN:18,(anonymous_1)
FN:24,(anonymous_2)
FN:26,(anonymous_3)
FNF:4
FNH:4
FNDA:4,(anonymous_0)
FNDA:4,(anonymous_1)
FNDA:4,(anonymous_2)
FNDA:4,(anonymous_3)
DA:1,2
DA:2,2
DA:3,2
DA:5,2
DA:7,4
DA:8,0
DA:10,4
DA:11,4
DA:12,4
DA:13,4
DA:14,4
DA:15,4
DA:19,4
DA:20,4
DA:21,4
DA:25,4
DA:27,4
DA:28,4
DA:29,4
DA:30,4
DA:32,0
DA:35,4
DA:36,4
DA:38,0
LF:24
LH:21
BRDA:7,0,0,0
BRDA:7,0,1,4
BRDA:13,1,0,4
BRDA:13,1,1,3
BRDA:15,2,0,4
BRDA:15,2,1,3
BRDA:35,3,0,4
BRDA:35,3,1,0
BRDA:36,4,0,1
BRDA:36,4,1,3
BRF:10
BRH:8
end_of_record
TN:
SF:utils/converter/empty-result-error.js
FN:2,(anonymous_0)
FNF:1
FNH:0
FNDA:0,(anonymous_0)
DA:3,0
DA:4,0
DA:5,0
DA:8,2
LF:4
LH:1
BRF:0
BRH:0
end_of_record
TN:
SF:utils/converter/forbidden-error.js
FN:2,(anonymous_0)
FNF:1
FNH:0
FNDA:0,(anonymous_0)
DA:3,0
DA:4,0
DA:5,0
DA:8,1
LF:4
LH:1
BRF:0
BRH:0
end_of_record
TN:
SF:utils/converter/validation-error.js
FN:2,(anonymous_0)
FNF:1
FNH:1
FNDA:3,(anonymous_0)
DA:3,3
DA:4,3
DA:5,3
DA:8,4
LF:4
LH:4
BRF:0
BRH:0
end_of_record
TN:
SF:utils/external/aws.js
FN:18,useAWSMocks
FN:22,getBucket
FN:28,findOrCreateS3Client
FN:40,(anonymous_3)
FN:43,(anonymous_4)
FN:47,(anonymous_5)
FN:52,(anonymous_6)
FN:56,(anonymous_7)
FN:60,(anonymous_8)
FN:64,(anonymous_9)
FN:68,(anonymous_10)
FN:72,(anonymous_11)
FN:73,(anonymous_12)
FN:76,(anonymous_13)
FN:86,(anonymous_14)
FN:87,(anonymous_15)
FN:89,(anonymous_16)
FN:95,(anonymous_17)
FN:96,(anonymous_18)
FN:97,(anonymous_19)
FN:108,(anonymous_20)
FN:109,(anonymous_21)
FN:110,(anonymous_22)
FN:116,(anonymous_23)
FN:117,(anonymous_24)
FN:121,(anonymous_25)
FN:127,(anonymous_26)
FN:138,(anonymous_27)
FN:140,(anonymous_28)
FN:146,(anonymous_29)
FN:147,(anonymous_30)
FN:148,(anonymous_31)
FN:159,(anonymous_32)
FN:160,(anonymous_33)
FN:161,(anonymous_34)
FN:172,(anonymous_35)
FN:173,(anonymous_36)
FN:174,(anonymous_37)
FN:185,(anonymous_38)
FN:186,(anonymous_39)
FN:188,(anonymous_40)
FNF:41
FNH:2
FNDA:2,useAWSMocks
FNDA:0,getBucket
FNDA:0,findOrCreateS3Client
FNDA:2,(anonymous_3)
FNDA:0,(anonymous_4)
FNDA:0,(anonymous_5)
FNDA:0,(anonymous_6)
FNDA:0,(anonymous_7)
FNDA:0,(anonymous_8)
FNDA:0,(anonymous_9)
FNDA:0,(anonymous_10)
FNDA:0,(anonymous_11)
FNDA:0,(anonymous_12)
FNDA:0,(anonymous_13)
FNDA:0,(anonymous_14)
FNDA:0,(anonymous_15)
FNDA:0,(anonymous_16)
FNDA:0,(anonymous_17)
FNDA:0,(anonymous_18)
FNDA:0,(anonymous_19)
FNDA:0,(anonymous_20)
FNDA:0,(anonymous_21)
FNDA:0,(anonymous_22)
FNDA:0,(anonymous_23)
FNDA:0,(anonymous_24)
FNDA:0,(anonymous_25)
FNDA:0,(anonymous_26)
FNDA:0,(anonymous_27)
FNDA:0,(anonymous_28)
FNDA:0,(anonymous_29)
FNDA:0,(anonymous_30)
FNDA:0,(anonymous_31)
FNDA:0,(anonymous_32)
FNDA:0,(anonymous_33)
FNDA:0,(anonymous_34)
FNDA:0,(anonymous_35)
FNDA:0,(anonymous_36)
FNDA:0,(anonymous_37)
FNDA:0,(anonymous_38)
FNDA:0,(anonymous_39)
FNDA:0,(anonymous_40)
DA:1,2
DA:2,2
DA:3,2
DA:4,2
DA:6,2
DA:12,2
DA:19,2
DA:23,0
DA:26,2
DA:29,0
DA:30,0
DA:37,0
DA:40,2
DA:41,2
DA:44,0
DA:48,0
DA:53,0
DA:57,0
DA:61,0
DA:65,0
DA:69,0
DA:73,0
DA:74,0
DA:75,0
DA:76,0
DA:77,0
DA:78,0
DA:80,0
DA:87,0
DA:88,0
DA:89,0
DA:90,0
DA:96,0
DA:97,0
DA:98,0
DA:99,0
DA:100,0
DA:102,0
DA:103,0
DA:109,0
DA:110,0
DA:111,0
DA:117,0
DA:118,0
DA:119,0
DA:121,0
DA:122,0
DA:128,0
DA:129,0
DA:132,0
DA:133,0
DA:134,0
DA:137,0
DA:138,0
DA:139,0
DA:141,0
DA:147,0
DA:148,0
DA:149,0
DA:150,0
DA:151,0
DA:153,0
DA:154,0
DA:160,0
DA:161,0
DA:162,0
DA:163,0
DA:164,0
DA:166,0
DA:167,0
DA:173,0
DA:174,0
DA:175,0
DA:176,0
DA:177,0
DA:179,0
DA:180,0
DA:186,0
DA:187,0
DA:188,0
DA:189,0
DA:190,0
DA:191,0
DA:193,0
DA:194,0
DA:200,2
LF:86
LH:11
BRDA:3,0,0,2
BRDA:3,0,1,0
BRDA:23,1,0,0
BRDA:23,1,1,0
BRDA:29,2,0,0
BRDA:29,2,1,0
BRDA:48,3,0,0
BRDA:48,3,1,0
BRDA:53,4,0,0
BRDA:53,4,1,0
BRDA:77,5,0,0
BRDA:77,5,1,0
BRDA:77,6,0,0
BRDA:77,6,1,0
BRDA:90,7,0,0
BRDA:90,7,1,0
BRDA:98,8,0,0
BRDA:98,8,1,0
BRDA:99,9,0,0
BRDA:99,9,1,0
BRDA:99,10,0,0
BRDA:99,10,1,0
BRDA:111,11,0,0
BRDA:111,11,1,0
BRDA:118,12,0,0
BRDA:118,12,1,0
BRDA:122,13,0,0
BRDA:122,13,1,0
BRDA:133,14,0,0
BRDA:133,14,1,0
BRDA:133,15,0,0
BRDA:133,15,1,0
BRDA:141,16,0,0
BRDA:141,16,1,0
BRDA:149,17,0,0
BRDA:149,17,1,0
BRDA:150,18,0,0
BRDA:150,18,1,0
BRDA:150,19,0,0
BRDA:150,19,1,0
BRDA:162,20,0,0
BRDA:162,20,1,0
BRDA:163,21,0,0
BRDA:163,21,1,0
BRDA:175,22,0,0
BRDA:175,22,1,0
BRDA:176,23,0,0
BRDA:176,23,1,0
BRDA:189,24,0,0
BRDA:189,24,1,0
BRDA:190,25,0,0
BRDA:190,25,1,0
BRDA:190,26,0,0
BRDA:190,26,1,0
BRF:54
BRH:1
end_of_record
TN:
SF:utils/formatters/string-cases.js
FN:1,isObject
FN:5,toSnakeCase
FN:9,toSnakeObject
FN:11,(anonymous_3)
FN:17,toCamelCase
FN:18,(anonymous_5)
FN:25,toCamelObject
FN:32,(anonymous_7)
FN:37,(anonymous_8)
FNF:9
FNH:6
FNDA:13,isObject
FNDA:0,toSnakeCase
FNDA:0,toSnakeObject
FNDA:0,(anonymous_3)
FNDA:12,toCamelCase
FNDA:7,(anonymous_5)
FNDA:17,toCamelObject
FNDA:12,(anonymous_7)
FNDA:2,(anonymous_8)
DA:2,13
DA:6,0
DA:10,0
DA:11,0
DA:18,12
DA:19,7
DA:26,17
DA:27,4
DA:29,13
DA:30,6
DA:31,6
DA:33,12
DA:35,6
DA:36,7
DA:37,1
DA:38,2
DA:41,6
DA:44,3
LF:18
LH:15
BRDA:2,0,0,13
BRDA:2,0,1,7
BRDA:2,0,2,6
BRDA:10,1,0,0
BRDA:10,1,1,0
BRDA:26,2,0,4
BRDA:26,2,1,13
BRDA:29,3,0,6
BRDA:29,3,1,7
BRDA:33,4,0,4
BRDA:33,4,1,8
BRDA:36,5,0,1
BRDA:36,5,1,6
BRF:13
BRH:11
end_of_record
TN:
SF:utils/formatters/uuid.js
FN:3,isUuid
FN:7,slugToUuid
FN:15,uuidToSlug
FNF:3
FNH:3
FNDA:2,isUuid
FNDA:2,slugToUuid
FNDA:3,uuidToSlug
DA:1,1
DA:4,2
DA:8,2
DA:12,2
DA:16,3
DA:17,2
DA:18,2
DA:22,2
DA:25,1
LF:9
LH:9
BRDA:4,0,0,2
BRDA:4,0,1,1
BRF:2
BRH:2
end_of_record
TN:
SF:utils/internal-rfcx/asset-utils.js
FN:5,(anonymous_0)
FN:16,(anonymous_1)
FN:30,(anonymous_2)
FN:31,(anonymous_3)
FN:32,(anonymous_4)
FNF:5
FNH:0
FNDA:0,(anonymous_0)
FNDA:0,(anonymous_1)
FNDA:0,(anonymous_2)
FNDA:0,(anonymous_3)
FNDA:0,(anonymous_4)
DA:1,1
DA:3,1
DA:6,0
DA:8,0
DA:13,0
DA:17,0
DA:18,0
DA:19,0
DA:20,0
DA:21,0
DA:22,0
DA:23,0
DA:24,0
DA:26,0
DA:31,0
DA:32,0
LF:16
LH:2
BRDA:17,0,0,0
BRDA:17,0,1,0
BRDA:19,1,0,0
BRDA:19,1,1,0
BRDA:21,2,0,0
BRDA:21,2,1,0
BRDA:23,3,0,0
BRDA:23,3,1,0
BRDA:32,4,0,0
BRDA:32,4,1,0
BRDA:32,5,0,0
BRDA:32,5,1,0
BRF:12
BRH:0
end_of_record
TN:
SF:utils/misc/guid.js
FN:6,(anonymous_0)
FN:7,s4
FN:22,(anonymous_2)
FNF:3
FNH:0
FNDA:0,(anonymous_0)
FNDA:0,s4
FNDA:0,(anonymous_2)
DA:1,1
DA:8,0
DA:12,0
DA:23,0
DA:24,0
DA:29,1
LF:6
LH:2
BRF:0
BRH:0
end_of_record
TN:
SF:utils/misc/hash.js
FN:19,(anonymous_0)
FN:33,(anonymous_1)
FN:44,(anonymous_2)
FN:47,(anonymous_3)
FN:54,(anonymous_4)
FN:66,(anonymous_5)
FN:77,(anonymous_6)
FN:89,(anonymous_7)
FNF:8
FNH:0
FNDA:0,(anonymous_0)
FNDA:0,(anonymous_1)
FNDA:0,(anonymous_2)
FNDA:0,(anonymous_3)
FNDA:0,(anonymous_4)
FNDA:0,(anonymous_5)
FNDA:0,(anonymous_6)
FNDA:0,(anonymous_7)
DA:1,2
DA:2,2
DA:3,2
DA:4,2
DA:5,2
DA:6,2
DA:10,2
DA:20,0
DA:34,0
DA:46,0
DA:47,0
DA:48,0
DA:51,0
DA:53,0
DA:55,0
DA:67,0
DA:78,0
DA:90,0
DA:91,0
LF:19
LH:7
BRDA:46,0,0,0
BRDA:46,0,1,0
BRF:2
BRH:0
end_of_record
TN:
SF:utils/misc/math.js
FN:1,isPowerOfTwo
FN:5,ceilPowerOfTwo
FN:9,floorPowerOfTwo
FNF:3
FNH:0
FNDA:0,isPowerOfTwo
FNDA:0,ceilPowerOfTwo
FNDA:0,floorPowerOfTwo
DA:2,0
DA:6,0
DA:10,0
DA:13,1
LF:4
LH:1
BRDA:2,0,0,0
BRDA:2,0,1,0
BRF:2
BRH:0
end_of_record
TN:
SF:utils/misc/regex.js
FN:4,(anonymous_0)
FNF:1
FNH:0
FNDA:0,(anonymous_0)
DA:2,1
DA:5,0
DA:6,0
DA:7,0
DA:10,0
DA:15,1
LF:6
LH:2
BRDA:6,0,0,0
BRDA:6,0,1,0
BRF:2
BRH:0
end_of_record
TN:
SF:utils/misc/sql.js
FN:1,condAdd
FNF:1
FNH:0
FNDA:0,condAdd
DA:2,0
DA:3,0
DA:5,0
DA:8,1
LF:4
LH:1
BRDA:2,0,0,0
BRDA:2,0,1,0
BRDA:2,1,0,0
BRDA:2,1,1,0
BRF:4
BRH:0
end_of_record
TN:
SF:utils/misc/time.js
FN:6,(anonymous_0)
FN:29,(anonymous_1)
FNF:2
FNH:0
FNDA:0,(anonymous_0)
FNDA:0,(anonymous_1)
DA:1,3
DA:7,0
DA:10,0
DA:11,0
DA:15,0
DA:16,0
DA:20,0
DA:22,0
DA:23,0
DA:26,0
DA:30,0
DA:35,3
LF:12
LH:2
BRDA:10,0,0,0
BRDA:10,0,1,0
BRDA:10,1,0,0
BRDA:10,1,1,0
BRDA:15,2,0,0
BRDA:15,2,1,0
BRDA:15,3,0,0
BRDA:15,3,1,0
BRDA:20,4,0,0
BRDA:20,4,1,0
BRF:10
BRH:0
end_of_record
TN:
SF:utils/rfcx-audio/audio-cache.js
FN:9,(anonymous_0)
FN:10,(anonymous_1)
FN:21,(anonymous_2)
FN:26,(anonymous_3)
FN:27,(anonymous_4)
FN:28,(anonymous_5)
FN:29,(anonymous_6)
FN:30,(anonymous_7)
FN:31,(anonymous_8)
FNF:9
FNH:0
FNDA:0,(anonymous_0)
FNDA:0,(anonymous_1)
FNDA:0,(anonymous_2)
FNDA:0,(anonymous_3)
FNDA:0,(anonymous_4)
FNDA:0,(anonymous_5)
FNDA:0,(anonymous_6)
FNDA:0,(anonymous_7)
FNDA:0,(anonymous_8)
DA:1,1
DA:2,1
DA:3,1
DA:4,1
DA:5,1
DA:7,1
DA:10,0
DA:11,0
DA:12,0
DA:13,0
DA:14,0
DA:16,0
DA:17,0
DA:18,0
DA:20,0
DA:22,0
DA:23,0
DA:25,0
DA:26,0
DA:27,0
DA:28,0
DA:29,0
DA:30,0
DA:31,0
DA:32,0
DA:33,0
DA:35,0
DA:36,0
DA:42,0
DA:43,0
LF:30
LH:6
BRDA:22,0,0,0
BRDA:22,0,1,0
BRDA:22,1,0,0
BRDA:22,1,1,0
BRDA:23,2,0,0
BRDA:23,2,1,0
BRDA:32,3,0,0
BRDA:32,3,1,0
BRF:8
BRH:0
end_of_record
TN:
SF:utils/rfcx-audio/audio-serve.js
FN:6,(anonymous_0)
FN:7,(anonymous_1)
FN:9,(anonymous_2)
FN:32,(anonymous_3)
FN:35,(anonymous_4)
FNF:5
FNH:0
FNDA:0,(anonymous_0)
FNDA:0,(anonymous_1)
FNDA:0,(anonymous_2)
FNDA:0,(anonymous_3)
FNDA:0,(anonymous_4)
DA:1,1
DA:2,1
DA:4,1
DA:7,0
DA:8,0
DA:9,0
DA:10,0
DA:11,0
DA:18,0
DA:19,0
DA:20,0
DA:25,0
DA:26,0
DA:29,0
DA:31,0
DA:33,0
DA:34,0
DA:35,0
DA:39,0
DA:40,0
DA:44,0
DA:45,0
LF:22
LH:3
BRDA:10,0,0,0
BRDA:10,0,1,0
BRDA:18,1,0,0
BRDA:18,1,1,0
BRDA:25,2,0,0
BRDA:25,2,1,0
BRDA:35,3,0,0
BRDA:35,3,1,0
BRF:8
BRH:0
end_of_record
TN:
SF:utils/rfcx-audio/audio-transcode.js
FN:74,(anonymous_0)
FN:75,(anonymous_1)
FN:77,(anonymous_2)
FN:110,(anonymous_3)
FN:114,(anonymous_4)
FN:116,(anonymous_5)
FN:134,getInputOptions
FN:142,getOutputOptions
FNF:8
FNH:0
FNDA:0,(anonymous_0)
FNDA:0,(anonymous_1)
FNDA:0,(anonymous_2)
FNDA:0,(anonymous_3)
FNDA:0,(anonymous_4)
FNDA:0,(anonymous_5)
FNDA:0,getInputOptions
FNDA:0,getOutputOptions
DA:1,1
DA:2,1
DA:3,1
DA:5,1
DA:70,1
DA:75,0
DA:76,0
DA:77,0
DA:78,0
DA:79,0
DA:81,0
DA:83,0
DA:85,0
DA:86,0
DA:87,0
DA:89,0
DA:90,0
DA:91,0
DA:92,0
DA:93,0
DA:94,0
DA:96,0
DA:98,0
DA:106,0
DA:107,0
DA:109,0
DA:111,0
DA:112,0
DA:115,0
DA:116,0
DA:118,0
DA:121,0
DA:122,0
DA:126,0
DA:127,0
DA:135,0
DA:137,0
DA:138,0
DA:139,0
DA:143,0
DA:147,0
DA:149,0
DA:150,0
DA:152,0
DA:154,0
LF:45
LH:5
BRDA:78,0,0,0
BRDA:78,0,1,0
BRDA:83,1,0,0
BRDA:83,1,1,0
BRDA:86,2,0,0
BRDA:86,2,1,0
BRDA:87,3,0,0
BRDA:87,3,1,0
BRDA:90,4,0,0
BRDA:90,4,1,0
BRDA:93,5,0,0
BRDA:93,5,1,0
BRDA:103,6,0,0
BRDA:103,6,1,0
BRDA:104,7,0,0
BRDA:104,7,1,0
BRDA:106,8,0,0
BRDA:106,8,1,0
BRDA:115,9,0,0
BRDA:115,9,1,0
BRDA:116,10,0,0
BRDA:116,10,1,0
BRDA:137,11,0,0
BRDA:137,11,1,0
BRDA:147,12,0,0
BRDA:147,12,1,0
BRDA:149,13,0,0
BRDA:149,13,1,0
BRF:28
BRH:0
end_of_record
TN:
SF:utils/rfcx-audio/index.js
FN:7,(anonymous_0)
FN:9,(anonymous_1)
FN:14,(anonymous_2)
FN:16,(anonymous_3)
FN:17,(anonymous_4)
FN:19,(anonymous_5)
FN:25,(anonymous_6)
FN:27,(anonymous_7)
FN:28,(anonymous_8)
FN:30,(anonymous_9)
FN:31,(anonymous_10)
FN:33,(anonymous_11)
FN:41,importHelperFile
FN:43,(anonymous_13)
FN:45,(anonymous_14)
FNF:15
FNH:7
FNDA:4,(anonymous_0)
FNDA:3,(anonymous_1)
FNDA:4,(anonymous_2)
FNDA:0,(anonymous_3)
FNDA:0,(anonymous_4)
FNDA:0,(anonymous_5)
FNDA:4,(anonymous_6)
FNDA:0,(anonymous_7)
FNDA:0,(anonymous_8)
FNDA:0,(anonymous_9)
FNDA:0,(anonymous_10)
FNDA:0,(anonymous_11)
FNDA:3,importHelperFile
FNDA:3,(anonymous_13)
FNDA:4,(anonymous_14)
DA:3,1
DA:4,1
DA:5,1
DA:7,1
DA:8,4
DA:10,3
DA:14,1
DA:15,4
DA:17,0
DA:18,0
DA:20,0
DA:25,1
DA:26,4
DA:28,0
DA:29,0
DA:31,0
DA:32,0
DA:34,0
DA:39,1
DA:42,3
DA:43,3
DA:44,3
DA:45,3
DA:46,4
LF:24
LH:16
BRDA:8,0,0,4
BRDA:8,0,1,4
BRDA:8,0,2,3
BRDA:15,1,0,4
BRDA:15,1,1,4
BRDA:18,2,0,0
BRDA:18,2,1,0
BRDA:26,3,0,4
BRDA:26,3,1,4
BRDA:29,4,0,0
BRDA:29,4,1,0
BRDA:32,5,0,0
BRDA:32,5,1,0
BRDA:44,6,0,1
BRDA:44,6,1,2
BRF:15
BRH:9
end_of_record
TN:
SF:utils/sequelize/index.js
FN:1,findOrCreateItem
FN:3,(anonymous_1)
FNF:2
FNH:0
FNDA:0,findOrCreateItem
FNDA:0,(anonymous_1)
DA:2,0
DA:4,0
DA:8,2
LF:3
LH:1
BRF:0
BRH:0
end_of_record
